15:29:19.109 [DEBUG] [Preparing][main][c.d.cover.ui.a.w] Client heap size: 4064 MB
15:29:19.125 [INFO]  [Preparing][main][c.d.cover.ui.a.w] Diffblue Cover 2023.11.01-fe2f45b-licensed
15:29:19.126 [INFO]  [Preparing][main][c.d.cover.ui.a.w] Running: dcover create ma.uiz.observatoire.controller.AccountController
15:29:19.126 [INFO]  [Preparing][main][c.d.cover.ui.a.y] 
15:29:19.127 [INFO]  [Preparing][main][c.d.cover.ui.a.y] Command: create
15:29:19.129 [INFO]  [Preparing][main][c.d.cover.ui.a.y] Create tests for the specified package/class/method prefix.
15:29:19.129 [INFO]  [Preparing][main][c.d.cover.ui.a.y] 
15:29:22.709 [DEBUG] [Checking][main][c.l.i.s.LicenseService] [LicenseClientAPI#checkLicense] ---> GET https://api.licensespring.com/api/v4/check_license?is_vm=false&product=cover&sdk_ver=Java%20SDK%20null&hardware_id=8796-10B8-570C-0676-94D0-14B5-C30B-2470-9A13-70AA-3684-9F77-F70F-54F3-B8B9-FB6C&license_key=XXXX-XXXX-XXXX-XXXX HTTP/1.1
15:29:23.184 [DEBUG] [Checking][main][c.l.i.s.LicenseService] [LicenseClientAPI#checkLicense] <--- UNKNOWN 200  (475ms)
15:29:23.898 [DEBUG] [Checking][main][c.l.i.s.LicenseService] [LicenseClientAPI#checkLicense] ---> GET https://api.licensespring.com/api/v4/check_license?is_vm=false&product=cover&sdk_ver=Java%20SDK%20null&hardware_id=8796-10B8-570C-0676-94D0-14B5-C30B-2470-9A13-70AA-3684-9F77-F70F-54F3-B8B9-FB6C&license_key=XXXX-XXXX-XXXX-XXXX HTTP/1.1
15:29:24.056 [DEBUG] [Checking][main][c.l.i.s.LicenseService] [LicenseClientAPI#checkLicense] <--- UNKNOWN 200  (138ms)
15:29:24.611 [DEBUG] [Checking][main][c.l.i.s.LicenseService] [LicenseClientAPI#checkLicense] ---> GET https://api.licensespring.com/api/v4/check_license?is_vm=false&product=cover&sdk_ver=Java%20SDK%20null&hardware_id=8796-10B8-570C-0676-94D0-14B5-C30B-2470-9A13-70AA-3684-9F77-F70F-54F3-B8B9-FB6C&license_key=XXXX-XXXX-XXXX-XXXX HTTP/1.1
15:29:24.743 [DEBUG] [Checking][main][c.l.i.s.LicenseService] [LicenseClientAPI#checkLicense] <--- UNKNOWN 200  (131ms)
15:29:24.854 [INFO]  [Checking][main][c.d.cover.ui.a.j] Detecting environment:
15:29:24.855 [INFO]  [Checking][main][c.d.cover.ui.a.j] ----------------------
15:29:24.926 [DEBUG] [Checking][main][c.d.c.c.m.c] Processing rule ah
15:29:24.927 [DEBUG] [Checking][main][c.d.c.c.m.c]   Rule fired
15:29:24.927 [DEBUG] [Checking][main][c.d.c.c.m.c] Processing rule ah took 1ms
15:29:24.927 [DEBUG] [Checking][main][c.d.c.c.m.c] Processing rule r
15:29:24.927 [DEBUG] [Checking][main][c.d.c.c.m.c] Processing rule a
15:29:24.927 [DEBUG] [Checking][main][c.d.c.c.m.c] Processing rule CommonOptionsDetector
15:29:24.929 [DEBUG] [Checking][main][c.d.c.c.m.c]   Rule fired
15:29:24.929 [DEBUG] [Checking][main][c.d.c.c.m.c] Processing rule CommonOptionsDetector took 0ms
15:29:24.929 [DEBUG] [Checking][main][c.d.c.c.m.c] Processing rule a
15:29:24.929 [DEBUG] [Checking][main][c.d.c.c.m.c] Processing rule c
15:29:24.929 [DEBUG] [Checking][main][c.d.c.c.m.c] Processing rule f
15:29:24.929 [DEBUG] [Checking][main][c.d.c.c.m.c] Processing rule s
15:29:24.929 [DEBUG] [Checking][main][c.d.c.c.m.c]   Rule fired
15:29:24.929 [INFO]  [Checking][main][c.d.cover.ui.a.j] Detected Java version 17.0.8
15:29:24.938 [DEBUG] [Checking][main][c.d.c.c.m.c] Processing rule s took 9ms
15:29:24.938 [DEBUG] [Checking][main][c.d.c.c.m.c] Processing rule f
15:29:24.938 [DEBUG] [Checking][main][c.d.c.c.m.c]   Rule fired
15:29:24.939 [DEBUG] [Checking][main][c.d.c.c.m.c] Processing rule f took 1ms
15:29:24.939 [DEBUG] [Checking][main][c.d.c.c.m.c] Processing rule BuildSystemOptionsDetector
15:29:24.939 [DEBUG] [Checking][main][c.d.c.c.m.c]   Rule fired
15:29:24.939 [DEBUG] [Checking][main][c.d.c.c.m.c]   Error provided for SPECIFIED_BUILD_SYSTEM_CONFIG_FILE: Not Supplied
15:29:24.939 [DEBUG] [Checking][main][c.d.c.c.m.c]   Error provided for SPECIFIED_CLASSPATH: Not Supplied
15:29:24.939 [DEBUG] [Checking][main][c.d.c.c.m.c]   Error provided for SPECIFIED_BUILD_PATH: Not Supplied
15:29:24.939 [DEBUG] [Checking][main][c.d.c.c.m.c]   Error provided for SPECIFIED_COMPLIANCE_LEVEL: Not Supplied
15:29:24.942 [DEBUG] [Checking][main][c.d.c.c.m.c] Processing rule BuildSystemOptionsDetector took 1ms
15:29:24.942 [DEBUG] [Checking][main][c.d.c.c.m.c] Processing rule c
15:29:24.943 [DEBUG] [Checking][main][c.d.c.c.m.c]   Rule fired
15:29:24.971 [INFO]  [Checking][main][c.d.d.d.b] Maven Using ${maven.home} of: C:\Users\eloma\IdeaProjects\ObservatoireUIZ.
15:29:25.027 [INFO]  [Checking][main][c.d.d.d.b] Maven Executing: cmd.exe /X /C "C:\Users\eloma\IdeaProjects\ObservatoireUIZ\mvnw.cmd -B -version"
15:29:25.092 [INFO]  [Checking][main][c.d.d.c.a] Standard output of build tool (Maven)
15:29:25.092 [INFO]  [Checking][main][c.d.d.c.a] > 
15:29:25.092 [INFO]  [Checking][main][c.d.d.c.a] > 
15:29:25.092 [INFO]  [Checking][main][c.d.d.c.a] Standard error of build tool (Maven)
15:29:25.093 [INFO]  [Checking][main][c.d.d.c.a] > Error: JAVA_HOME not found in your environment. 
15:29:25.093 [INFO]  [Checking][main][c.d.d.c.a] > Please set the JAVA_HOME variable in your environment to match the 
15:29:25.093 [INFO]  [Checking][main][c.d.d.c.a] > location of your Java installation. 
15:29:25.093 [INFO]  [Checking][main][c.d.d.d.b] Maven command Using ${maven.home} of: 'C:\Users\eloma\IdeaProjects\ObservatoireUIZ'.
15:29:25.093 [INFO]  [Checking][main][c.d.d.d.b] Maven command Executing: cmd.exe /X /C "C:\Users\eloma\IdeaProjects\ObservatoireUIZ\mvnw.cmd -B -version"
15:29:25.129 [INFO]  [Checking][main][c.d.d.d.b] Maven Using ${maven.home} of: C:\Users\eloma\IdeaProjects\ObservatoireUIZ.
15:29:25.129 [INFO]  [Checking][main][c.d.d.d.b] Maven Executing: cmd.exe /X /C "C:\Users\eloma\IdeaProjects\ObservatoireUIZ\mvnw.cmd -B -N -D output=diffblue.effective-pom.output.xml -D "maven.ext.class.path=C:\Program Files\Diffblue\cover-buildsystem-maven-spy-jar-with-dependencies.jar" org.apache.maven.plugins:maven-help-plugin:3.2.0:effective-pom"
15:29:27.119 [INFO]  [Checking][main][c.d.d.c.a] Standard output of build tool (Maven)
15:29:27.119 [INFO]  [Checking][main][c.d.d.c.a] > [INFO] Scanning for projects...
15:29:27.119 [INFO]  [Checking][main][c.d.d.c.a] > [INFO] 
15:29:27.119 [INFO]  [Checking][main][c.d.d.c.a] > [INFO] -----------------------< ma.uiz:ObservatoireUIZ >-----------------------
15:29:27.119 [INFO]  [Checking][main][c.d.d.c.a] > [INFO] Building ObservatoireUIZ 0.0.1-SNAPSHOT
15:29:27.119 [INFO]  [Checking][main][c.d.d.c.a] > [INFO] --------------------------------[ jar ]---------------------------------
15:29:27.119 [INFO]  [Checking][main][c.d.d.c.a] > [DIFFBLUE]DefaultEvent{projectId='ma.uiz:ObservatoireUIZ:jar:0.0.1-SNAPSHOT', goal='effective-pom', cause=, state=STARTED}
15:29:27.119 [INFO]  [Checking][main][c.d.d.c.a] > [INFO] 
15:29:27.119 [INFO]  [Checking][main][c.d.d.c.a] > [INFO] --- maven-help-plugin:3.2.0:effective-pom (default-cli) @ ObservatoireUIZ ---
15:29:27.119 [INFO]  [Checking][main][c.d.d.c.a] > [INFO] Effective-POM written to: C:\Users\eloma\IdeaProjects\ObservatoireUIZ\diffblue.effective-pom.output.xml
15:29:27.119 [INFO]  [Checking][main][c.d.d.c.a] > [DIFFBLUE]DefaultEvent{projectId='ma.uiz:ObservatoireUIZ:jar:0.0.1-SNAPSHOT', goal='effective-pom', cause=, state=SUCCESS}
15:29:27.119 [INFO]  [Checking][main][c.d.d.c.a] > [INFO] ------------------------------------------------------------------------
15:29:27.119 [INFO]  [Checking][main][c.d.d.c.a] > [INFO] BUILD SUCCESS
15:29:27.119 [INFO]  [Checking][main][c.d.d.c.a] > [INFO] ------------------------------------------------------------------------
15:29:27.119 [INFO]  [Checking][main][c.d.d.c.a] > [INFO] Total time:  0.935 s
15:29:27.119 [INFO]  [Checking][main][c.d.d.c.a] > [INFO] Finished at: 2023-11-19T15:29:27+01:00
15:29:27.119 [INFO]  [Checking][main][c.d.d.c.a] > [INFO] ------------------------------------------------------------------------
15:29:27.305 [INFO]  [Checking][main][c.d.cover.ui.a.j] Detected build system: Maven
15:29:27.306 [DEBUG] [Checking][main][c.d.c.c.m.c] Processing rule c took 2363ms
15:29:27.306 [DEBUG] [Checking][main][c.d.c.c.m.c] Processing rule b
15:29:27.306 [DEBUG] [Checking][main][c.d.c.c.m.c]   Rule fired
15:29:27.308 [DEBUG] [Checking][main][c.d.c.c.m.c]   Error provided for DETECTED_BUILD_SYSTEM_GRADLE: Not Detected
15:29:27.308 [DEBUG] [Checking][main][c.d.c.c.m.c] Processing rule b took 3ms
15:29:27.309 [DEBUG] [Checking][main][c.d.c.c.m.c] Processing rule aj
15:29:27.309 [DEBUG] [Checking][main][c.d.c.c.m.c]   Rule fired
15:29:27.313 [INFO]  [Checking][main][c.d.cover.m.a.aj] Operating System: Windows 11 amd64 10.0
15:29:27.313 [INFO]  [Checking][main][c.d.cover.m.a.aj] Default charset: windows-1252
15:29:27.313 [INFO]  [Checking][main][c.d.cover.m.a.aj] Default locale: en_US
15:29:27.314 [INFO]  [Checking][main][c.d.cover.m.a.aj] Default time zone: Africa/Casablanca
15:29:27.314 [DEBUG] [Checking][main][c.d.c.c.m.c]   Error provided for DETECTED_ENVIRONMENT_CLASSPATH: Not Supplied
15:29:27.314 [DEBUG] [Checking][main][c.d.c.c.m.c] Processing rule aj took 4ms
15:29:27.314 [DEBUG] [Checking][main][c.d.c.c.m.c] Processing rule a
15:29:27.314 [DEBUG] [Checking][main][c.d.c.c.m.c]   Rule fired
15:29:27.317 [INFO]  [Checking][main][c.d.cover.ui.a.j] Selected build system: Maven
15:29:27.318 [DEBUG] [Checking][main][c.d.c.c.m.c]   Error provided for SELECTED_BUILD_SYSTEM_VERSION: Not Detected
15:29:27.318 [DEBUG] [Checking][main][c.d.c.c.m.c] Processing rule a took 4ms
15:29:27.318 [DEBUG] [Checking][main][c.d.c.c.m.c] Processing rule a
15:29:27.318 [DEBUG] [Checking][main][c.d.c.c.m.c]   Rule fired
15:29:27.318 [DEBUG] [Checking][main][c.d.c.c.m.c] Processing rule a took 0ms
15:29:27.318 [DEBUG] [Checking][main][c.d.c.c.m.c] Processing rule b
15:29:27.318 [DEBUG] [Checking][main][c.d.c.c.m.c]   Rule fired
15:29:27.319 [INFO]  [Checking][main][c.d.d.d.b] Maven Using ${maven.home} of: C:\Users\eloma\IdeaProjects\ObservatoireUIZ.
15:29:27.320 [INFO]  [Checking][main][c.d.d.d.b] Maven Executing: cmd.exe /X /C "C:\Users\eloma\IdeaProjects\ObservatoireUIZ\mvnw.cmd -B -D output=C:\Users\eloma\AppData\Local\Temp\build.classpath11435262640211350491.tmp -D expression=build.classpath -D mdep.pathSeparator=#SEP# -D includeScope=test -D mdep.outputProperty=build.classpath -D "maven.ext.class.path=C:\Program Files\Diffblue\cover-buildsystem-maven-spy-jar-with-dependencies.jar" org.apache.maven.plugins:maven-dependency-plugin:3.3.0:build-classpath org.apache.maven.plugins:maven-help-plugin:3.2.0:evaluate"
15:29:31.356 [INFO]  [Checking][main][c.d.d.c.a] Standard output of build tool (Maven)
15:29:31.357 [INFO]  [Checking][main][c.d.d.c.a] > [INFO] Scanning for projects...
15:29:31.357 [INFO]  [Checking][main][c.d.d.c.a] > [INFO] 
15:29:31.357 [INFO]  [Checking][main][c.d.d.c.a] > [INFO] -----------------------< ma.uiz:ObservatoireUIZ >-----------------------
15:29:31.357 [INFO]  [Checking][main][c.d.d.c.a] > [INFO] Building ObservatoireUIZ 0.0.1-SNAPSHOT
15:29:31.357 [INFO]  [Checking][main][c.d.d.c.a] > [INFO] --------------------------------[ jar ]---------------------------------
15:29:31.357 [INFO]  [Checking][main][c.d.d.c.a] > [DIFFBLUE]DefaultEvent{projectId='ma.uiz:ObservatoireUIZ:jar:0.0.1-SNAPSHOT', goal='build-classpath', cause=, state=STARTED}
15:29:31.357 [INFO]  [Checking][main][c.d.d.c.a] > [INFO] 
15:29:31.357 [INFO]  [Checking][main][c.d.d.c.a] > [INFO] --- maven-dependency-plugin:3.3.0:build-classpath (default-cli) @ ObservatoireUIZ ---
15:29:31.357 [INFO]  [Checking][main][c.d.d.c.a] > [INFO] Dependencies classpath:
15:29:31.357 [INFO]  [Checking][main][c.d.d.c.a] > C:\Users\eloma\.m2\repository\org\springframework\boot\spring-boot-starter\3.0.3\spring-boot-starter-3.0.3.jar#SEP#C:\Users\eloma\.m2\repository\org\springframework\boot\spring-boot\3.0.3\spring-boot-3.0.3.jar#SEP#C:\Users\eloma\.m2\repository\org\springframework\boot\spring-boot-autoconfigure\3.0.3\spring-boot-autoconfigure-3.0.3.jar#SEP#C:\Users\eloma\.m2\repository\org\springframework\boot\spring-boot-starter-logging\3.0.3\spring-boot-starter-logging-3.0.3.jar#SEP#C:\Users\eloma\.m2\repository\ch\qos\logback\logback-classic\1.4.5\logback-classic-1.4.5.jar#SEP#C:\Users\eloma\.m2\repository\ch\qos\logback\logback-core\1.4.5\logback-core-1.4.5.jar#SEP#C:\Users\eloma\.m2\repository\org\apache\logging\log4j\log4j-to-slf4j\2.19.0\log4j-to-slf4j-2.19.0.jar#SEP#C:\Users\eloma\.m2\repository\org\apache\logging\log4j\log4j-api\2.19.0\log4j-api-2.19.0.jar#SEP#C:\Users\eloma\.m2\repository\org\slf4j\jul-to-slf4j\2.0.6\jul-to-slf4j-2.0.6.jar#SEP#C:\Users\eloma\.m2\repository\jakarta\annotation\jakarta.annotation-api\2.1.1\jakarta.annotation-api-2.1.1.jar#SEP#C:\Users\eloma\.m2\repository\org\springframework\spring-core\6.0.5\spring-core-6.0.5.jar#SEP#C:\Users\eloma\.m2\repository\org\springframework\spring-jcl\6.0.5\spring-jcl-6.0.5.jar#SEP#C:\Users\eloma\.m2\repository\org\yaml\snakeyaml\1.33\snakeyaml-1.33.jar#SEP#C:\Users\eloma\.m2\repository\org\springframework\boot\spring-boot-starter-web\3.0.3\spring-boot-starter-web-3.0.3.jar#SEP#C:\Users\eloma\.m2\repository\org\springframework\boot\spring-boot-starter-json\3.0.3\spring-boot-starter-json-3.0.3.jar#SEP#C:\Users\eloma\.m2\repository\com\fasterxml\jackson\datatype\jackson-datatype-jdk8\2.14.2\jackson-datatype-jdk8-2.14.2.jar#SEP#C:\Users\eloma\.m2\repository\com\fasterxml\jackson\datatype\jackson-datatype-jsr310\2.14.2\jackson-datatype-jsr310-2.14.2.jar#SEP#C:\Users\eloma\.m2\repository\com\fasterxml\jackson\module\jackson-module-parameter-names\2.14.2\jackson-module-parameter-names-2.14.2.jar#SEP#C:\Users\eloma\.m2\repository\org\springframework\boot\spring-boot-starter-tomcat\3.0.3\spring-boot-starter-tomcat-3.0.3.jar#SEP#C:\Users\eloma\.m2\repository\org\apache\tomcat\embed\tomcat-embed-core\10.1.5\tomcat-embed-core-10.1.5.jar#SEP#C:\Users\eloma\.m2\repository\org\apache\tomcat\embed\tomcat-embed-websocket\10.1.5\tomcat-embed-websocket-10.1.5.jar#SEP#C:\Users\eloma\.m2\repository\org\springframework\spring-web\6.0.5\spring-web-6.0.5.jar#SEP#C:\Users\eloma\.m2\repository\io\micrometer\micrometer-observation\1.10.4\micrometer-observation-1.10.4.jar#SEP#C:\Users\eloma\.m2\repository\io\micrometer\micrometer-commons\1.10.4\micrometer-commons-1.10.4.jar#SEP#C:\Users\eloma\.m2\repository\org\springframework\spring-webmvc\6.0.5\spring-webmvc-6.0.5.jar#SEP#C:\Users\eloma\.m2\repository\org\springframework\spring-expression\6.0.5\spring-expression-6.0.5.jar#SEP#C:\Users\eloma\.m2\repository\org\springframework\boot\spring-boot-starter-thymeleaf\3.0.3\spring-boot-starter-thymeleaf-3.0.3.jar#SEP#C:\Users\eloma\.m2\repository\org\thymeleaf\thymeleaf-spring6\3.1.1.RELEASE\thymeleaf-spring6-3.1.1.RELEASE.jar#SEP#C:\Users\eloma\.m2\repository\org\thymeleaf\thymeleaf\3.1.1.RELEASE\thymeleaf-3.1.1.RELEASE.jar#SEP#C:\Users\eloma\.m2\repository\org\attoparser\attoparser\2.0.6.RELEASE\attoparser-2.0.6.RELEASE.jar#SEP#C:\Users\eloma\.m2\repository\org\unbescape\unbescape\1.1.6.RELEASE\unbescape-1.1.6.RELEASE.jar#SEP#C:\Users\eloma\.m2\repository\org\thymeleaf\extras\thymeleaf-extras-springsecurity6\3.1.1.RELEASE\thymeleaf-extras-springsecurity6-3.1.1.RELEASE.jar#SEP#C:\Users\eloma\.m2\repository\org\slf4j\slf4j-api\2.0.6\slf4j-api-2.0.6.jar#SEP#C:\Users\eloma\.m2\repository\org\springframework\boot\spring-boot-devtools\3.0.3\spring-boot-devtools-3.0.3.jar#SEP#C:\Users\eloma\.m2\repository\org\projectlombok\lombok\1.18.26\lombok-1.18.26.jar#SEP#C:\Users\eloma\.m2\repository\org\springframework\boot\spring-boot-starter-validation\3.0.3\spring-boot-starter-validation-3.0.3.jar#SEP#C:\Users\eloma\.m2\repository\org\apache\tomcat\embed\tomcat-embed-el\10.1.5\tomcat-embed-el-10.1.5.jar#SEP#C:\Users\eloma\.m2\repository\org\hibernate\validator\hibernate-validator\8.0.0.Final\hibernate-validator-8.0.0.Final.jar#SEP#C:\Users\eloma\.m2\repository\jakarta\validation\jakarta.validation-api\3.0.2\jakarta.validation-api-3.0.2.jar#SEP#C:\Users\eloma\.m2\repository\org\springframework\boot\spring-boot-starter-security\3.0.3\spring-boot-starter-security-3.0.3.jar#SEP#C:\Users\eloma\.m2\repository\org\springframework\spring-aop\6.0.5\spring-aop-6.0.5.jar#SEP#C:\Users\eloma\.m2\repository\org\springframework\security\spring-security-config\6.0.2\spring-security-config-6.0.2.jar#SEP#C:\Users\eloma\.m2\repository\org\springframework\security\spring-security-core\6.0.2\spring-security-core-6.0.2.jar#SEP#C:\Users\eloma\.m2\repository\org\springframework\security\spring-security-crypto\6.0.2\spring-security-crypto-6.0.2.jar#SEP#C:\Users\eloma\.m2\repository\org\springframework\security\spring-security-web\6.0.2\spring-security-web-6.0.2.jar#SEP#C:\Users\eloma\.m2\repository\org\springframework\boot\spring-boot-starter-aop\3.0.3\spring-boot-starter-aop-3.0.3.jar#SEP#C:\Users\eloma\.m2\repository\org\aspectj\aspectjweaver\1.9.19\aspectjweaver-1.9.19.jar#SEP#C:\Users\eloma\.m2\repository\org\springframework\boot\spring-boot-starter-jdbc\3.0.3\spring-boot-starter-jdbc-3.0.3.jar#SEP#C:\Users\eloma\.m2\repository\com\zaxxer\HikariCP\5.0.1\HikariCP-5.0.1.jar#SEP#C:\Users\eloma\.m2\repository\org\springframework\spring-jdbc\6.0.5\spring-jdbc-6.0.5.jar#SEP#C:\Users\eloma\.m2\repository\org\hibernate\orm\hibernate-core\6.2.1.Final\hibernate-core-6.2.1.Final.jar#SEP#C:\Users\eloma\.m2\repository\jakarta\persistence\jakarta.persistence-api\3.1.0\jakarta.persistence-api-3.1.0.jar#SEP#C:\Users\eloma\.m2\repository\jakarta\transaction\jakarta.transaction-api\2.0.1\jakarta.transaction-api-2.0.1.jar#SEP#C:\Users\eloma\.m2\repository\org\jboss\logging\jboss-logging\3.5.0.Final\jboss-logging-3.5.0.Final.jar#SEP#C:\Users\eloma\.m2\repository\org\hibernate\common\hibernate-commons-annotations\6.0.6.Final\hibernate-commons-annotations-6.0.6.Final.jar#SEP#C:\Users\eloma\.m2\repository\io\smallrye\jandex\3.0.5\jandex-3.0.5.jar#SEP#C:\Users\eloma\.m2\repository\com\fasterxml\classmate\1.5.1\classmate-1.5.1.jar#SEP#C:\Users\eloma\.m2\repository\net\bytebuddy\byte-buddy\1.12.23\byte-buddy-1.12.23.jar#SEP#C:\Users\eloma\.m2\repository\jakarta\xml\bind\jakarta.xml.bind-api\4.0.0\jakarta.xml.bind-api-4.0.0.jar#SEP#C:\Users\eloma\.m2\repository\jakarta\activation\jakarta.activation-api\2.1.1\jakarta.activation-api-2.1.1.jar#SEP#C:\Users\eloma\.m2\repository\org\glassfish\jaxb\jaxb-runtime\4.0.2\jaxb-runtime-4.0.2.jar#SEP#C:\Users\eloma\.m2\repository\org\glassfish\jaxb\jaxb-core\4.0.2\jaxb-core-4.0.2.jar#SEP#C:\Users\eloma\.m2\repository\org\eclipse\angus\angus-activation\2.0.0\angus-activation-2.0.0.jar#SEP#C:\Users\eloma\.m2\repository\org\glassfish\jaxb\txw2\4.0.2\txw2-4.0.2.jar#SEP#C:\Users\eloma\.m2\repository\com\sun\istack\istack-commons-runtime\4.1.1\istack-commons-runtime-4.1.1.jar#SEP#C:\Users\eloma\.m2\repository\jakarta\inject\jakarta.inject-api\2.0.1\jakarta.inject-api-2.0.1.jar#SEP#C:\Users\eloma\.m2\repository\org\antlr\antlr4-runtime\4.10.1\antlr4-runtime-4.10.1.jar#SEP#C:\Users\eloma\.m2\repository\org\springframework\data\spring-data-jpa\3.0.2\spring-data-jpa-3.0.2.jar#SEP#C:\Users\eloma\.m2\repository\org\springframework\data\spring-data-commons\3.0.2\spring-data-commons-3.0.2.jar#SEP#C:\Users\eloma\.m2\repository\org\springframework\spring-orm\6.0.5\spring-orm-6.0.5.jar#SEP#C:\Users\eloma\.m2\repository\org\springframework\spring-context\6.0.5\spring-context-6.0.5.jar#SEP#C:\Users\eloma\.m2\repository\org\springframework\spring-tx\6.0.5\spring-tx-6.0.5.jar#SEP#C:\Users\eloma\.m2\repository\org\springframework\spring-beans\6.0.5\spring-beans-6.0.5.jar#SEP#C:\Users\eloma\.m2\repository\org\springframework\spring-aspects\6.0.5\spring-aspects-6.0.5.jar#SEP#C:\Users\eloma\.m2\repository\com\mysql\mysql-connector-j\8.0.32\mysql-connector-j-8.0.32.jar#SEP#C:\Users\eloma\.m2\repository\com\fasterxml\jackson\dataformat\jackson-dataformat-xml\2.14.2\jackson-dataformat-xml-2.14.2.jar#SEP#C:\Users\eloma\.m2\repository\com\fasterxml\jackson\core\jackson-core\2.14.2\jackson-core-2.14.2.jar#SEP#C:\Users\eloma\.m2\repository\com\fasterxml\jackson\core\jackson-annotations\2.14.2\jackson-annotations-2.14.2.jar#SEP#C:\Users\eloma\.m2\repository\com\fasterxml\jackson\core\jackson-databind\2.14.2\jackson-databind-2.14.2.jar#SEP#C:\Users\eloma\.m2\repository\org\codehaus\woodstox\stax2-api\4.2.1\stax2-api-4.2.1.jar#SEP#C:\Users\eloma\.m2\repository\com\fasterxml\woodstox\woodstox-core\6.5.0\woodstox-core-6.5.0.jar#SEP#C:\Users\eloma\.m2\repository\org\springframework\boot\spring-boot-starter-test\3.0.3\spring-boot-starter-test-3.0.3.jar#SEP#C:\Users\eloma\.m2\repository\org\springframework\boot\spring-boot-test\3.0.3\spring-boot-test-3.0.3.jar#SEP#C:\Users\eloma\.m2\repository\org\springframework\boot\spring-boot-test-autoconfigure\3.0.3\spring-boot-test-autoconfigure-3.0.3.jar#SEP#C:\Users\eloma\.m2\repository\com\jayway\jsonpath\json-path\2.7.0\json-path-2.7.0.jar#SEP#C:\Users\eloma\.m2\repository\net\minidev\json-smart\2.4.8\json-smart-2.4.8.jar#SEP#C:\Users\eloma\.m2\repository\net\minidev\accessors-smart\2.4.8\accessors-smart-2.4.8.jar#SEP#C:\Users\eloma\.m2\repository\org\ow2\asm\asm\9.1\asm-9.1.jar#SEP#C:\Users\eloma\.m2\repository\org\assertj\assertj-core\3.23.1\assertj-core-3.23.1.jar#SEP#C:\Users\eloma\.m2\repository\org\hamcrest\hamcrest\2.2\hamcrest-2.2.jar#SEP#C:\Users\eloma\.m2\repository\org\junit\jupiter\junit-jupiter\5.9.2\junit-jupiter-5.9.2.jar#SEP#C:\Users\eloma\.m2\repository\org\junit\jupiter\junit-jupiter-api\5.9.2\junit-jupiter-api-5.9.2.jar#SEP#C:\Users\eloma\.m2\repository\org\opentest4j\opentest4j\1.2.0\opentest4j-1.2.0.jar#SEP#C:\Users\eloma\.m2\repository\org\junit\platform\junit-platform-commons\1.9.2\junit-platform-commons-1.9.2.jar#SEP#C:\Users\eloma\.m2\repository\org\apiguardian\apiguardian-api\1.1.2\apiguardian-api-1.1.2.jar#SEP#C:\Users\eloma\.m2\repository\org\junit\jupiter\junit-jupiter-params\5.9.2\junit-jupiter-params-5.9.2.jar#SEP#C:\Users\eloma\.m2\repository\org\junit\jupiter\junit-jupiter-engine\5.9.2\junit-jupiter-engine-5.9.2.jar#SEP#C:\Users\eloma\.m2\repository\org\junit\platform\junit-platform-engine\1.9.2\junit-platform-engine-1.9.2.jar#SEP#C:\Users\eloma\.m2\repository\org\mockito\mockito-core\4.8.1\mockito-core-4.8.1.jar#SEP#C:\Users\eloma\.m2\repository\net\bytebuddy\byte-buddy-agent\1.12.23\byte-buddy-agent-1.12.23.jar#SEP#C:\Users\eloma\.m2\repository\org\objenesis\objenesis\3.2\objenesis-3.2.jar#SEP#C:\Users\eloma\.m2\repository\org\mockito\mockito-junit-jupiter\4.8.1\mockito-junit-jupiter-4.8.1.jar#SEP#C:\Users\eloma\.m2\repository\org\skyscreamer\jsonassert\1.5.1\jsonassert-1.5.1.jar#SEP#C:\Users\eloma\.m2\repository\com\vaadin\external\google\android-json\0.0.20131108.vaadin1\android-json-0.0.20131108.vaadin1.jar#SEP#C:\Users\eloma\.m2\repository\org\springframework\spring-test\6.0.5\spring-test-6.0.5.jar#SEP#C:\Users\eloma\.m2\repository\org\xmlunit\xmlunit-core\2.9.1\xmlunit-core-2.9.1.jar#SEP#C:\Users\eloma\.m2\repository\io\jsonwebtoken\jjwt-api\0.11.5\jjwt-api-0.11.5.jar#SEP#C:\Users\eloma\.m2\repository\io\jsonwebtoken\jjwt-impl\0.11.5\jjwt-impl-0.11.5.jar#SEP#C:\Users\eloma\.m2\repository\io\jsonwebtoken\jjwt-jackson\0.11.5\jjwt-jackson-0.11.5.jar#SEP#C:\Users\eloma\.m2\repository\org\mapstruct\mapstruct\1.5.3.Final\mapstruct-1.5.3.Final.jar#SEP#C:\Users\eloma\.m2\repository\org\projectlombok\lombok-mapstruct-binding\0.2.0\lombok-mapstruct-binding-0.2.0.jar#SEP#C:\Users\eloma\.m2\repository\org\json\json\20230227\json-20230227.jar#SEP#C:\Users\eloma\.m2\repository\org\springframework\spring-websocket\6.0.8\spring-websocket-6.0.8.jar#SEP#C:\Users\eloma\.m2\repository\org\springframework\spring-messaging\6.0.8\spring-messaging-6.0.8.jar#SEP#C:\Users\eloma\.m2\repository\org\springdoc\springdoc-openapi-starter-webmvc-ui\2.1.0\springdoc-openapi-starter-webmvc-ui-2.1.0.jar#SEP#C:\Users\eloma\.m2\repository\org\springdoc\springdoc-openapi-starter-webmvc-api\2.1.0\springdoc-openapi-starter-webmvc-api-2.1.0.jar#SEP#C:\Users\eloma\.m2\repository\org\springdoc\springdoc-openapi-starter-common\2.1.0\springdoc-openapi-starter-common-2.1.0.jar#SEP#C:\Users\eloma\.m2\repository\io\swagger\core\v3\swagger-core-jakarta\2.2.9\swagger-core-jakarta-2.2.9.jar#SEP#C:\Users\eloma\.m2\repository\org\apache\commons\commons-lang3\3.12.0\commons-lang3-3.12.0.jar#SEP#C:\Users\eloma\.m2\repository\io\swagger\core\v3\swagger-annotations-jakarta\2.2.9\swagger-annotations-jakarta-2.2.9.jar#SEP#C:\Users\eloma\.m2\repository\io\swagger\core\v3\swagger-models-jakarta\2.2.9\swagger-models-jakarta-2.2.9.jar#SEP#C:\Users\eloma\.m2\repository\com\fasterxml\jackson\dataformat\jackson-dataformat-yaml\2.14.2\jackson-dataformat-yaml-2.14.2.jar#SEP#C:\Users\eloma\.m2\repository\org\webjars\swagger-ui\4.18.2\swagger-ui-4.18.2.jar
15:29:31.357 [INFO]  [Checking][main][c.d.d.c.a] > [DIFFBLUE]DefaultEvent{projectId='ma.uiz:ObservatoireUIZ:jar:0.0.1-SNAPSHOT', goal='build-classpath', cause=, state=SUCCESS}
15:29:31.358 [INFO]  [Checking][main][c.d.d.c.a] > [INFO] 
15:29:31.358 [INFO]  [Checking][main][c.d.d.c.a] > [INFO] -----------------------< ma.uiz:ObservatoireUIZ >-----------------------
15:29:31.358 [INFO]  [Checking][main][c.d.d.c.a] > [INFO] Building ObservatoireUIZ 0.0.1-SNAPSHOT
15:29:31.358 [INFO]  [Checking][main][c.d.d.c.a] > [INFO] --------------------------------[ jar ]---------------------------------
15:29:31.358 [INFO]  [Checking][main][c.d.d.c.a] > [DIFFBLUE]DefaultEvent{projectId='ma.uiz:ObservatoireUIZ:jar:0.0.1-SNAPSHOT', goal='evaluate', cause=, state=STARTED}
15:29:31.358 [INFO]  [Checking][main][c.d.d.c.a] > [INFO] 
15:29:31.358 [INFO]  [Checking][main][c.d.d.c.a] > [INFO] --- maven-help-plugin:3.2.0:evaluate (default-cli) @ ObservatoireUIZ ---
15:29:31.358 [INFO]  [Checking][main][c.d.d.c.a] > [INFO] No artifact parameter specified, using 'ma.uiz:ObservatoireUIZ:jar:0.0.1-SNAPSHOT' as project.
15:29:31.358 [INFO]  [Checking][main][c.d.d.c.a] > [INFO] Result of evaluation written to: C:\Users\eloma\AppData\Local\Temp\build.classpath11435262640211350491.tmp
15:29:31.358 [INFO]  [Checking][main][c.d.d.c.a] > [DIFFBLUE]DefaultEvent{projectId='ma.uiz:ObservatoireUIZ:jar:0.0.1-SNAPSHOT', goal='evaluate', cause=, state=SUCCESS}
15:29:31.358 [INFO]  [Checking][main][c.d.d.c.a] > [INFO] ------------------------------------------------------------------------
15:29:31.358 [INFO]  [Checking][main][c.d.d.c.a] > [INFO] BUILD SUCCESS
15:29:31.358 [INFO]  [Checking][main][c.d.d.c.a] > [INFO] ------------------------------------------------------------------------
15:29:31.358 [INFO]  [Checking][main][c.d.d.c.a] > [INFO] Total time:  2.566 s
15:29:31.358 [INFO]  [Checking][main][c.d.d.c.a] > [INFO] Finished at: 2023-11-19T15:29:31+01:00
15:29:31.358 [INFO]  [Checking][main][c.d.d.c.a] > [INFO] ------------------------------------------------------------------------
15:29:31.363 [INFO]  [Checking][main][c.d.cover.ui.a.j] Selected classpath from build system Maven
15:29:31.364 [INFO]  [Checking][main][c.d.cover.m.c.b] Expanded classpath: 
C:\Users\eloma\IdeaProjects\ObservatoireUIZ\target\test-classes
C:\Users\eloma\IdeaProjects\ObservatoireUIZ\target\classes (code under test)
C:\Users\eloma\.m2\repository\org\springframework\boot\spring-boot-starter\3.0.3\spring-boot-starter-3.0.3.jar
C:\Users\eloma\.m2\repository\org\springframework\boot\spring-boot\3.0.3\spring-boot-3.0.3.jar
C:\Users\eloma\.m2\repository\org\springframework\boot\spring-boot-autoconfigure\3.0.3\spring-boot-autoconfigure-3.0.3.jar
C:\Users\eloma\.m2\repository\org\springframework\boot\spring-boot-starter-logging\3.0.3\spring-boot-starter-logging-3.0.3.jar
C:\Users\eloma\.m2\repository\ch\qos\logback\logback-classic\1.4.5\logback-classic-1.4.5.jar
C:\Users\eloma\.m2\repository\ch\qos\logback\logback-core\1.4.5\logback-core-1.4.5.jar
C:\Users\eloma\.m2\repository\org\apache\logging\log4j\log4j-to-slf4j\2.19.0\log4j-to-slf4j-2.19.0.jar
C:\Users\eloma\.m2\repository\org\apache\logging\log4j\log4j-api\2.19.0\log4j-api-2.19.0.jar
C:\Users\eloma\.m2\repository\org\slf4j\jul-to-slf4j\2.0.6\jul-to-slf4j-2.0.6.jar
C:\Users\eloma\.m2\repository\jakarta\annotation\jakarta.annotation-api\2.1.1\jakarta.annotation-api-2.1.1.jar
C:\Users\eloma\.m2\repository\org\springframework\spring-core\6.0.5\spring-core-6.0.5.jar
C:\Users\eloma\.m2\repository\org\springframework\spring-jcl\6.0.5\spring-jcl-6.0.5.jar
C:\Users\eloma\.m2\repository\org\yaml\snakeyaml\1.33\snakeyaml-1.33.jar
C:\Users\eloma\.m2\repository\org\springframework\boot\spring-boot-starter-web\3.0.3\spring-boot-starter-web-3.0.3.jar
C:\Users\eloma\.m2\repository\org\springframework\boot\spring-boot-starter-json\3.0.3\spring-boot-starter-json-3.0.3.jar
C:\Users\eloma\.m2\repository\com\fasterxml\jackson\datatype\jackson-datatype-jdk8\2.14.2\jackson-datatype-jdk8-2.14.2.jar
C:\Users\eloma\.m2\repository\com\fasterxml\jackson\datatype\jackson-datatype-jsr310\2.14.2\jackson-datatype-jsr310-2.14.2.jar
C:\Users\eloma\.m2\repository\com\fasterxml\jackson\module\jackson-module-parameter-names\2.14.2\jackson-module-parameter-names-2.14.2.jar
C:\Users\eloma\.m2\repository\org\springframework\boot\spring-boot-starter-tomcat\3.0.3\spring-boot-starter-tomcat-3.0.3.jar
C:\Users\eloma\.m2\repository\org\apache\tomcat\embed\tomcat-embed-core\10.1.5\tomcat-embed-core-10.1.5.jar
C:\Users\eloma\.m2\repository\org\apache\tomcat\embed\tomcat-embed-websocket\10.1.5\tomcat-embed-websocket-10.1.5.jar
C:\Users\eloma\.m2\repository\org\springframework\spring-web\6.0.5\spring-web-6.0.5.jar
C:\Users\eloma\.m2\repository\io\micrometer\micrometer-observation\1.10.4\micrometer-observation-1.10.4.jar
C:\Users\eloma\.m2\repository\io\micrometer\micrometer-commons\1.10.4\micrometer-commons-1.10.4.jar
C:\Users\eloma\.m2\repository\org\springframework\spring-webmvc\6.0.5\spring-webmvc-6.0.5.jar
C:\Users\eloma\.m2\repository\org\springframework\spring-expression\6.0.5\spring-expression-6.0.5.jar
C:\Users\eloma\.m2\repository\org\springframework\boot\spring-boot-starter-thymeleaf\3.0.3\spring-boot-starter-thymeleaf-3.0.3.jar
C:\Users\eloma\.m2\repository\org\thymeleaf\thymeleaf-spring6\3.1.1.RELEASE\thymeleaf-spring6-3.1.1.RELEASE.jar
C:\Users\eloma\.m2\repository\org\thymeleaf\thymeleaf\3.1.1.RELEASE\thymeleaf-3.1.1.RELEASE.jar
C:\Users\eloma\.m2\repository\org\attoparser\attoparser\2.0.6.RELEASE\attoparser-2.0.6.RELEASE.jar
C:\Users\eloma\.m2\repository\org\unbescape\unbescape\1.1.6.RELEASE\unbescape-1.1.6.RELEASE.jar
C:\Users\eloma\.m2\repository\org\thymeleaf\extras\thymeleaf-extras-springsecurity6\3.1.1.RELEASE\thymeleaf-extras-springsecurity6-3.1.1.RELEASE.jar
C:\Users\eloma\.m2\repository\org\slf4j\slf4j-api\2.0.6\slf4j-api-2.0.6.jar
C:\Users\eloma\.m2\repository\org\springframework\boot\spring-boot-devtools\3.0.3\spring-boot-devtools-3.0.3.jar
C:\Users\eloma\.m2\repository\org\projectlombok\lombok\1.18.26\lombok-1.18.26.jar
C:\Users\eloma\.m2\repository\org\springframework\boot\spring-boot-starter-validation\3.0.3\spring-boot-starter-validation-3.0.3.jar
C:\Users\eloma\.m2\repository\org\apache\tomcat\embed\tomcat-embed-el\10.1.5\tomcat-embed-el-10.1.5.jar
C:\Users\eloma\.m2\repository\org\hibernate\validator\hibernate-validator\8.0.0.Final\hibernate-validator-8.0.0.Final.jar
C:\Users\eloma\.m2\repository\jakarta\validation\jakarta.validation-api\3.0.2\jakarta.validation-api-3.0.2.jar
C:\Users\eloma\.m2\repository\org\springframework\boot\spring-boot-starter-security\3.0.3\spring-boot-starter-security-3.0.3.jar
C:\Users\eloma\.m2\repository\org\springframework\spring-aop\6.0.5\spring-aop-6.0.5.jar
C:\Users\eloma\.m2\repository\org\springframework\security\spring-security-config\6.0.2\spring-security-config-6.0.2.jar
C:\Users\eloma\.m2\repository\org\springframework\security\spring-security-core\6.0.2\spring-security-core-6.0.2.jar
C:\Users\eloma\.m2\repository\org\springframework\security\spring-security-crypto\6.0.2\spring-security-crypto-6.0.2.jar
C:\Users\eloma\.m2\repository\org\springframework\security\spring-security-web\6.0.2\spring-security-web-6.0.2.jar
C:\Users\eloma\.m2\repository\org\springframework\boot\spring-boot-starter-aop\3.0.3\spring-boot-starter-aop-3.0.3.jar
C:\Users\eloma\.m2\repository\org\aspectj\aspectjweaver\1.9.19\aspectjweaver-1.9.19.jar
C:\Users\eloma\.m2\repository\org\springframework\boot\spring-boot-starter-jdbc\3.0.3\spring-boot-starter-jdbc-3.0.3.jar
C:\Users\eloma\.m2\repository\com\zaxxer\HikariCP\5.0.1\HikariCP-5.0.1.jar
C:\Users\eloma\.m2\repository\org\springframework\spring-jdbc\6.0.5\spring-jdbc-6.0.5.jar
C:\Users\eloma\.m2\repository\org\hibernate\orm\hibernate-core\6.2.1.Final\hibernate-core-6.2.1.Final.jar
C:\Users\eloma\.m2\repository\jakarta\persistence\jakarta.persistence-api\3.1.0\jakarta.persistence-api-3.1.0.jar
C:\Users\eloma\.m2\repository\jakarta\transaction\jakarta.transaction-api\2.0.1\jakarta.transaction-api-2.0.1.jar
C:\Users\eloma\.m2\repository\org\jboss\logging\jboss-logging\3.5.0.Final\jboss-logging-3.5.0.Final.jar
C:\Users\eloma\.m2\repository\org\hibernate\common\hibernate-commons-annotations\6.0.6.Final\hibernate-commons-annotations-6.0.6.Final.jar
C:\Users\eloma\.m2\repository\io\smallrye\jandex\3.0.5\jandex-3.0.5.jar
C:\Users\eloma\.m2\repository\com\fasterxml\classmate\1.5.1\classmate-1.5.1.jar
C:\Users\eloma\.m2\repository\net\bytebuddy\byte-buddy\1.12.23\byte-buddy-1.12.23.jar
C:\Users\eloma\.m2\repository\jakarta\xml\bind\jakarta.xml.bind-api\4.0.0\jakarta.xml.bind-api-4.0.0.jar
C:\Users\eloma\.m2\repository\jakarta\activation\jakarta.activation-api\2.1.1\jakarta.activation-api-2.1.1.jar
C:\Users\eloma\.m2\repository\org\glassfish\jaxb\jaxb-runtime\4.0.2\jaxb-runtime-4.0.2.jar
C:\Users\eloma\.m2\repository\org\glassfish\jaxb\jaxb-core\4.0.2\jaxb-core-4.0.2.jar
C:\Users\eloma\.m2\repository\org\eclipse\angus\angus-activation\2.0.0\angus-activation-2.0.0.jar
C:\Users\eloma\.m2\repository\org\glassfish\jaxb\txw2\4.0.2\txw2-4.0.2.jar
C:\Users\eloma\.m2\repository\com\sun\istack\istack-commons-runtime\4.1.1\istack-commons-runtime-4.1.1.jar
C:\Users\eloma\.m2\repository\jakarta\inject\jakarta.inject-api\2.0.1\jakarta.inject-api-2.0.1.jar
C:\Users\eloma\.m2\repository\org\antlr\antlr4-runtime\4.10.1\antlr4-runtime-4.10.1.jar
C:\Users\eloma\.m2\repository\org\springframework\data\spring-data-jpa\3.0.2\spring-data-jpa-3.0.2.jar
C:\Users\eloma\.m2\repository\org\springframework\data\spring-data-commons\3.0.2\spring-data-commons-3.0.2.jar
C:\Users\eloma\.m2\repository\org\springframework\spring-orm\6.0.5\spring-orm-6.0.5.jar
C:\Users\eloma\.m2\repository\org\springframework\spring-context\6.0.5\spring-context-6.0.5.jar
C:\Users\eloma\.m2\repository\org\springframework\spring-tx\6.0.5\spring-tx-6.0.5.jar
C:\Users\eloma\.m2\repository\org\springframework\spring-beans\6.0.5\spring-beans-6.0.5.jar
C:\Users\eloma\.m2\repository\org\springframework\spring-aspects\6.0.5\spring-aspects-6.0.5.jar
C:\Users\eloma\.m2\repository\com\mysql\mysql-connector-j\8.0.32\mysql-connector-j-8.0.32.jar
C:\Users\eloma\.m2\repository\com\fasterxml\jackson\dataformat\jackson-dataformat-xml\2.14.2\jackson-dataformat-xml-2.14.2.jar
C:\Users\eloma\.m2\repository\com\fasterxml\jackson\core\jackson-core\2.14.2\jackson-core-2.14.2.jar
C:\Users\eloma\.m2\repository\com\fasterxml\jackson\core\jackson-annotations\2.14.2\jackson-annotations-2.14.2.jar
C:\Users\eloma\.m2\repository\com\fasterxml\jackson\core\jackson-databind\2.14.2\jackson-databind-2.14.2.jar
C:\Users\eloma\.m2\repository\org\codehaus\woodstox\stax2-api\4.2.1\stax2-api-4.2.1.jar
C:\Users\eloma\.m2\repository\com\fasterxml\woodstox\woodstox-core\6.5.0\woodstox-core-6.5.0.jar
C:\Users\eloma\.m2\repository\org\springframework\boot\spring-boot-starter-test\3.0.3\spring-boot-starter-test-3.0.3.jar
C:\Users\eloma\.m2\repository\org\springframework\boot\spring-boot-test\3.0.3\spring-boot-test-3.0.3.jar
C:\Users\eloma\.m2\repository\org\springframework\boot\spring-boot-test-autoconfigure\3.0.3\spring-boot-test-autoconfigure-3.0.3.jar
C:\Users\eloma\.m2\repository\com\jayway\jsonpath\json-path\2.7.0\json-path-2.7.0.jar
C:\Users\eloma\.m2\repository\net\minidev\json-smart\2.4.8\json-smart-2.4.8.jar
C:\Users\eloma\.m2\repository\net\minidev\accessors-smart\2.4.8\accessors-smart-2.4.8.jar
C:\Users\eloma\.m2\repository\org\ow2\asm\asm\9.1\asm-9.1.jar
C:\Users\eloma\.m2\repository\org\assertj\assertj-core\3.23.1\assertj-core-3.23.1.jar
C:\Users\eloma\.m2\repository\org\hamcrest\hamcrest\2.2\hamcrest-2.2.jar
C:\Users\eloma\.m2\repository\org\junit\jupiter\junit-jupiter\5.9.2\junit-jupiter-5.9.2.jar
C:\Users\eloma\.m2\repository\org\junit\jupiter\junit-jupiter-api\5.9.2\junit-jupiter-api-5.9.2.jar
C:\Users\eloma\.m2\repository\org\opentest4j\opentest4j\1.2.0\opentest4j-1.2.0.jar
C:\Users\eloma\.m2\repository\org\junit\platform\junit-platform-commons\1.9.2\junit-platform-commons-1.9.2.jar
C:\Users\eloma\.m2\repository\org\apiguardian\apiguardian-api\1.1.2\apiguardian-api-1.1.2.jar
C:\Users\eloma\.m2\repository\org\junit\jupiter\junit-jupiter-params\5.9.2\junit-jupiter-params-5.9.2.jar
C:\Users\eloma\.m2\repository\org\junit\jupiter\junit-jupiter-engine\5.9.2\junit-jupiter-engine-5.9.2.jar
C:\Users\eloma\.m2\repository\org\junit\platform\junit-platform-engine\1.9.2\junit-platform-engine-1.9.2.jar
C:\Users\eloma\.m2\repository\org\mockito\mockito-core\4.8.1\mockito-core-4.8.1.jar
C:\Users\eloma\.m2\repository\net\bytebuddy\byte-buddy-agent\1.12.23\byte-buddy-agent-1.12.23.jar
C:\Users\eloma\.m2\repository\org\objenesis\objenesis\3.2\objenesis-3.2.jar
C:\Users\eloma\.m2\repository\org\mockito\mockito-junit-jupiter\4.8.1\mockito-junit-jupiter-4.8.1.jar
C:\Users\eloma\.m2\repository\org\skyscreamer\jsonassert\1.5.1\jsonassert-1.5.1.jar
C:\Users\eloma\.m2\repository\com\vaadin\external\google\android-json\0.0.20131108.vaadin1\android-json-0.0.20131108.vaadin1.jar
C:\Users\eloma\.m2\repository\org\springframework\spring-test\6.0.5\spring-test-6.0.5.jar
C:\Users\eloma\.m2\repository\org\xmlunit\xmlunit-core\2.9.1\xmlunit-core-2.9.1.jar
C:\Users\eloma\.m2\repository\io\jsonwebtoken\jjwt-api\0.11.5\jjwt-api-0.11.5.jar
C:\Users\eloma\.m2\repository\io\jsonwebtoken\jjwt-impl\0.11.5\jjwt-impl-0.11.5.jar
C:\Users\eloma\.m2\repository\io\jsonwebtoken\jjwt-jackson\0.11.5\jjwt-jackson-0.11.5.jar
C:\Users\eloma\.m2\repository\org\mapstruct\mapstruct\1.5.3.Final\mapstruct-1.5.3.Final.jar
C:\Users\eloma\.m2\repository\org\projectlombok\lombok-mapstruct-binding\0.2.0\lombok-mapstruct-binding-0.2.0.jar
C:\Users\eloma\.m2\repository\org\json\json\20230227\json-20230227.jar
C:\Users\eloma\.m2\repository\org\springframework\spring-websocket\6.0.8\spring-websocket-6.0.8.jar
C:\Users\eloma\.m2\repository\org\springframework\spring-messaging\6.0.8\spring-messaging-6.0.8.jar
C:\Users\eloma\.m2\repository\org\springdoc\springdoc-openapi-starter-webmvc-ui\2.1.0\springdoc-openapi-starter-webmvc-ui-2.1.0.jar
C:\Users\eloma\.m2\repository\org\springdoc\springdoc-openapi-starter-webmvc-api\2.1.0\springdoc-openapi-starter-webmvc-api-2.1.0.jar
C:\Users\eloma\.m2\repository\org\springdoc\springdoc-openapi-starter-common\2.1.0\springdoc-openapi-starter-common-2.1.0.jar
C:\Users\eloma\.m2\repository\io\swagger\core\v3\swagger-core-jakarta\2.2.9\swagger-core-jakarta-2.2.9.jar
C:\Users\eloma\.m2\repository\org\apache\commons\commons-lang3\3.12.0\commons-lang3-3.12.0.jar
C:\Users\eloma\.m2\repository\io\swagger\core\v3\swagger-annotations-jakarta\2.2.9\swagger-annotations-jakarta-2.2.9.jar
C:\Users\eloma\.m2\repository\io\swagger\core\v3\swagger-models-jakarta\2.2.9\swagger-models-jakarta-2.2.9.jar
C:\Users\eloma\.m2\repository\com\fasterxml\jackson\dataformat\jackson-dataformat-yaml\2.14.2\jackson-dataformat-yaml-2.14.2.jar
C:\Users\eloma\.m2\repository\org\webjars\swagger-ui\4.18.2\swagger-ui-4.18.2.jar
15:29:31.365 [DEBUG] [Checking][main][c.d.c.c.m.c] Processing rule b took 4046ms
15:29:31.365 [DEBUG] [Checking][main][c.d.c.c.m.c] Processing rule r
15:29:31.365 [DEBUG] [Checking][main][c.d.c.c.m.c]   Rule fired
15:29:31.423 [DEBUG] [Checking][main][c.d.c.c.m.c] Processing rule r took 58ms
15:29:31.423 [DEBUG] [Checking][main][c.d.c.c.m.c] Processing rule ae
15:29:31.423 [DEBUG] [Checking][main][c.d.c.c.m.c]   Rule fired
15:29:31.423 [DEBUG] [Checking][main][c.d.c.c.m.c] Processing rule ae took 0ms
15:29:31.423 [DEBUG] [Checking][main][c.d.c.c.m.c] Processing rule y
15:29:31.423 [DEBUG] [Checking][main][c.d.c.c.m.c]   Rule fired
15:29:31.552 [DEBUG] [Checking][main][c.d.c.c.m.c] Processing rule y took 128ms
15:29:31.552 [DEBUG] [Checking][main][c.d.c.c.m.c] Processing rule af
15:29:31.552 [DEBUG] [Checking][main][c.d.c.c.m.c]   Rule fired
15:29:31.559 [INFO]  [Checking][main][c.d.cover.ui.a.j] Detected Spring Core version 6.0.5
15:29:31.560 [INFO]  [Checking][main][c.d.cover.ui.a.j] Detected Spring Web version 6.0.5
15:29:31.561 [INFO]  [Checking][main][c.d.cover.ui.a.j] Detected Spring Test version 6.0.5
15:29:31.561 [INFO]  [Checking][main][c.d.cover.ui.a.j] Detected Spring Security Web version 6.0.2
15:29:31.562 [INFO]  [Checking][main][c.d.cover.ui.a.j] Detected Spring Boot version 3.0.3
15:29:31.562 [INFO]  [Checking][main][c.d.cover.ui.a.j] Detected Spring Boot Test version 3.0.3
15:29:31.562 [DEBUG] [Checking][main][c.d.c.c.m.c] Processing rule af took 10ms
15:29:31.562 [DEBUG] [Checking][main][c.d.c.c.m.c] Processing rule ar
15:29:31.563 [DEBUG] [Checking][main][c.d.c.c.m.c]   Rule fired
15:29:31.617 [DEBUG] [Checking][main][c.d.c.c.m.c]   Error provided for DETECTED_TESTING_FRAMEWORK_JUNIT: b: Failed to determine JUnit version by invoking class 'junit.runner.Version', method 'id', descriptor '()Ljava/lang/String'
15:29:31.618 [DEBUG] [Checking][main][c.d.c.c.m.c] Processing rule ar took 55ms
15:29:31.618 [DEBUG] [Checking][main][c.d.c.c.m.c] Processing rule as
15:29:31.618 [DEBUG] [Checking][main][c.d.c.c.m.c]   Rule fired
15:29:31.659 [INFO]  [Checking][main][c.d.cover.ui.a.j] Detected test framework: JUnit Jupiter 5.9.2
15:29:31.696 [INFO]  [Checking][main][c.d.cover.ui.a.j] Detected JUnit Jupiter version 5.9.2
15:29:31.697 [DEBUG] [Checking][main][c.d.c.c.m.c] Processing rule as took 78ms
15:29:31.697 [DEBUG] [Checking][main][c.d.c.c.m.c] Processing rule u
15:29:31.697 [DEBUG] [Checking][main][c.d.c.c.m.c]   Rule fired
15:29:31.733 [INFO]  [Checking][main][c.d.cover.ui.a.j] Detected JUnit Jupiter Params version 5.9.2
15:29:31.733 [DEBUG] [Checking][main][c.d.c.c.m.c] Processing rule u took 36ms
15:29:31.733 [DEBUG] [Checking][main][c.d.c.c.m.c] Processing rule at
15:29:31.733 [DEBUG] [Checking][main][c.d.c.c.m.c]   Rule fired
15:29:31.772 [DEBUG] [Checking][main][c.d.c.c.m.c]   Error provided for DETECTED_TESTING_FRAMEWORK_TESTNG: b: Failed to determine TestNG version by invoking class 'org.testng.internal.Version', method 'getVersionString', descriptor '()Ljava/lang/String'
15:29:31.773 [DEBUG] [Checking][main][c.d.c.c.m.c]   Error provided for DETECTED_TESTNG_BELOW_6_9_5: Skipped
15:29:31.773 [DEBUG] [Checking][main][c.d.c.c.m.c] Processing rule at took 39ms
15:29:31.773 [DEBUG] [Checking][main][c.d.c.c.m.c] Processing rule l
15:29:31.773 [DEBUG] [Checking][main][c.d.c.c.m.c]   Rule fired
15:29:31.817 [DEBUG] [Checking][main][c.d.c.c.m.c]   Error provided for DETECTED_JUNIT_VINTAGE_ENGINE: b: Failed to determine JUnit Vintage Engine version from manifest; resource not found: org/junit/vintage/engine/VintageTestEngine.class
15:29:31.819 [DEBUG] [Checking][main][c.d.c.c.m.c] Processing rule l took 45ms
15:29:31.819 [DEBUG] [Checking][main][c.d.c.c.m.c] Processing rule z
15:29:31.819 [DEBUG] [Checking][main][c.d.c.c.m.c] Processing rule ak
15:29:31.819 [DEBUG] [Checking][main][c.d.c.c.m.c]   Rule fired
15:29:31.819 [DEBUG] [Checking][main][c.d.c.c.m.c] Processing rule ak took 0ms
15:29:31.819 [DEBUG] [Checking][main][c.d.c.c.m.c] Processing rule z
15:29:31.819 [DEBUG] [Checking][main][c.d.c.c.m.c]   Rule fired
15:29:31.851 [INFO]  [Checking][main][c.d.cover.ui.a.j] Detected Mockito version 4.8.1
15:29:31.852 [DEBUG] [Checking][main][c.d.c.c.m.c] Processing rule z took 33ms
15:29:31.852 [DEBUG] [Checking][main][c.d.c.c.m.c] Processing rule ac
15:29:31.852 [DEBUG] [Checking][main][c.d.c.c.m.c]   Rule fired
15:29:32.297 [DEBUG] [Checking][main][c.d.c.c.m.c] Processing rule ac took 445ms
15:29:32.297 [DEBUG] [Checking][main][c.d.c.c.m.c] Processing rule ag
15:29:32.297 [DEBUG] [Checking][main][c.d.c.c.m.c]   Rule fired
15:29:32.297 [DEBUG] [Checking][main][c.d.c.c.m.c] Processing rule ag took 0ms
15:29:32.297 [DEBUG] [Checking][main][c.d.c.c.m.c] Processing rule i
15:29:32.297 [DEBUG] [Checking][main][c.d.c.c.m.c]   Rule fired
15:29:32.336 [DEBUG] [Checking][main][c.d.c.c.m.c]   Error provided for DETECTED_INLINE_MOCK_MAKER: Dependency not present
15:29:32.336 [DEBUG] [Checking][main][c.d.c.c.m.c] Processing rule i took 37ms
15:29:32.336 [DEBUG] [Checking][main][c.d.c.c.m.c] Processing rule aa
15:29:32.336 [DEBUG] [Checking][main][c.d.c.c.m.c]   Rule fired
15:29:32.371 [DEBUG] [Checking][main][c.d.c.c.m.c] Processing rule aa took 36ms
15:29:32.371 [DEBUG] [Checking][main][c.d.c.c.m.c] Processing rule ab
15:29:32.371 [DEBUG] [Checking][main][c.d.c.c.m.c] Processing rule m
15:29:32.371 [DEBUG] [Checking][main][c.d.c.c.m.c] Processing rule av
15:29:32.372 [DEBUG] [Checking][main][c.d.c.c.m.c] Processing rule ObserverMethodSpecificationDetector
15:29:32.372 [DEBUG] [Checking][main][c.d.c.c.m.c]   Rule fired
15:29:32.372 [DEBUG] [Checking][main][c.d.c.c.m.c] Processing rule ObserverMethodSpecificationDetector took 0ms
15:29:32.372 [DEBUG] [Checking][main][c.d.c.c.m.c] Processing rule av
15:29:32.373 [DEBUG] [Checking][main][c.d.c.c.m.c]   Rule fired
15:29:32.375 [INFO]  [Checking][main][c.d.cover.ui.a.j] Indexing...
15:29:32.786 [DEBUG] [Checking][main][c.d.c.c.m.c] Processing rule av took 413ms
15:29:32.786 [DEBUG] [Checking][main][c.d.c.c.m.c] Processing rule ao
15:29:32.787 [DEBUG] [Checking][main][c.d.c.c.m.c] Processing rule ah
15:29:32.787 [DEBUG] [Checking][main][c.d.c.c.m.c] Processing rule CoverageReportOptionsDetector
15:29:32.787 [DEBUG] [Checking][main][c.d.c.c.m.c] Processing rule aq
15:29:32.787 [DEBUG] [Checking][main][c.d.c.c.m.c]   Rule fired
15:29:32.794 [INFO]  [Checking][main][c.d.cover.ui.a.j] Selected test output directory: C:\Users\eloma\IdeaProjects\ObservatoireUIZ\src\test\java
15:29:32.794 [DEBUG] [Checking][main][c.d.c.c.m.c]   Error provided for SPECIFIED_TESTING_FRAMEWORK: Not Supplied
15:29:32.794 [DEBUG] [Checking][main][c.d.c.c.m.c] Processing rule aq took 7ms
15:29:32.794 [DEBUG] [Checking][main][c.d.c.c.m.c] Processing rule CoverageReportOptionsDetector
15:29:32.794 [DEBUG] [Checking][main][c.d.c.c.m.c]   Rule fired
15:29:32.794 [DEBUG] [Checking][main][c.d.c.c.m.c]   Error provided for SPECIFIED_JACOCO_COMMAND_DIFFBLUE: Not Supplied
15:29:32.794 [DEBUG] [Checking][main][c.d.c.c.m.c]   Error provided for SPECIFIED_JACOCO_COMMAND_MANUAL: Not Supplied
15:29:32.794 [DEBUG] [Checking][main][c.d.c.c.m.c]   Error provided for SPECIFIED_JACOCO_XML_TEST_REPORT: Not Supplied
15:29:32.794 [DEBUG] [Checking][main][c.d.c.c.m.c] Processing rule CoverageReportOptionsDetector took 0ms
15:29:32.794 [DEBUG] [Checking][main][c.d.c.c.m.c] Processing rule ai
15:29:32.794 [DEBUG] [Checking][main][c.d.c.c.m.c]   Rule fired
15:29:32.794 [DEBUG] [Checking][main][c.d.c.c.m.c] Processing rule ai took 0ms
15:29:32.795 [DEBUG] [Checking][main][c.d.c.c.m.c] Processing rule ah
15:29:32.795 [DEBUG] [Checking][main][c.d.c.c.m.c]   Rule fired
15:29:32.795 [DEBUG] [Checking][main][c.d.c.c.m.c] Processing rule ah took 0ms
15:29:32.795 [DEBUG] [Checking][main][c.d.c.c.m.c] Processing rule ValidationOptionsDetector
15:29:32.795 [DEBUG] [Checking][main][c.d.c.c.m.c]   Rule fired
15:29:32.795 [DEBUG] [Checking][main][c.d.c.c.m.c]   Error provided for SPECIFIED_VALIDATION_COMMAND: Not Supplied
15:29:32.795 [DEBUG] [Checking][main][c.d.c.c.m.c] Processing rule ValidationOptionsDetector took 0ms
15:29:32.795 [DEBUG] [Checking][main][c.d.c.c.m.c] Processing rule ao
15:29:32.795 [DEBUG] [Checking][main][c.d.c.c.m.c]   Rule fired
15:29:32.795 [DEBUG] [Checking][main][c.d.c.c.m.c]   Error provided for DETECTED_TESTS_EXECUTE_WITH_TESTNG: Skipped
15:29:32.795 [DEBUG] [Checking][main][c.d.c.c.m.c] Processing rule ao took 0ms
15:29:32.795 [DEBUG] [Checking][main][c.d.c.c.m.c] Processing rule an
15:29:32.795 [DEBUG] [Checking][main][c.d.c.c.m.c]   Rule fired
15:29:32.799 [INFO]  [Checking][main][c.d.d.d.b] Maven Using ${maven.home} of: C:\Users\eloma\IdeaProjects\ObservatoireUIZ.
15:29:32.800 [INFO]  [Checking][main][c.d.d.d.b] Maven Executing: cmd.exe /X /C "C:\Users\eloma\IdeaProjects\ObservatoireUIZ\mvnw.cmd -B -D test=DummyJupiterDiffblueTest -D "maven.ext.class.path=C:\Program Files\Diffblue\cover-buildsystem-maven-spy-jar-with-dependencies.jar" test"
15:29:38.806 [INFO]  [Checking][main][c.d.d.c.a] Standard output of build tool (Maven)
15:29:38.806 [INFO]  [Checking][main][c.d.d.c.a] > [INFO] Scanning for projects...
15:29:38.806 [INFO]  [Checking][main][c.d.d.c.a] > [INFO] 
15:29:38.806 [INFO]  [Checking][main][c.d.d.c.a] > [INFO] -----------------------< ma.uiz:ObservatoireUIZ >-----------------------
15:29:38.807 [INFO]  [Checking][main][c.d.d.c.a] > [INFO] Building ObservatoireUIZ 0.0.1-SNAPSHOT
15:29:38.807 [INFO]  [Checking][main][c.d.d.c.a] > [INFO] --------------------------------[ jar ]---------------------------------
15:29:38.807 [INFO]  [Checking][main][c.d.d.c.a] > [DIFFBLUE]DefaultEvent{projectId='ma.uiz:ObservatoireUIZ:jar:0.0.1-SNAPSHOT', goal='resources', cause=, state=STARTED}
15:29:38.807 [INFO]  [Checking][main][c.d.d.c.a] > [INFO] 
15:29:38.807 [INFO]  [Checking][main][c.d.d.c.a] > [INFO] --- maven-resources-plugin:3.3.0:resources (default-resources) @ ObservatoireUIZ ---
15:29:38.807 [INFO]  [Checking][main][c.d.d.c.a] > [INFO] Copying 1 resource
15:29:38.807 [INFO]  [Checking][main][c.d.d.c.a] > [INFO] Copying 5 resources
15:29:38.807 [INFO]  [Checking][main][c.d.d.c.a] > [DIFFBLUE]DefaultEvent{projectId='ma.uiz:ObservatoireUIZ:jar:0.0.1-SNAPSHOT', goal='resources', cause=, state=SUCCESS}
15:29:38.807 [INFO]  [Checking][main][c.d.d.c.a] > [DIFFBLUE]DefaultEvent{projectId='ma.uiz:ObservatoireUIZ:jar:0.0.1-SNAPSHOT', goal='compile', cause=, state=STARTED}
15:29:38.807 [INFO]  [Checking][main][c.d.d.c.a] > [INFO] 
15:29:38.807 [INFO]  [Checking][main][c.d.d.c.a] > [INFO] --- maven-compiler-plugin:3.8.1:compile (default-compile) @ ObservatoireUIZ ---
15:29:38.807 [INFO]  [Checking][main][c.d.d.c.a] > [INFO] Nothing to compile - all classes are up to date
15:29:38.807 [INFO]  [Checking][main][c.d.d.c.a] > [DIFFBLUE]DefaultEvent{projectId='ma.uiz:ObservatoireUIZ:jar:0.0.1-SNAPSHOT', goal='compile', cause=, state=SUCCESS}
15:29:38.807 [INFO]  [Checking][main][c.d.d.c.a] > [DIFFBLUE]DefaultEvent{projectId='ma.uiz:ObservatoireUIZ:jar:0.0.1-SNAPSHOT', goal='testResources', cause=, state=STARTED}
15:29:38.807 [INFO]  [Checking][main][c.d.d.c.a] > [INFO] 
15:29:38.807 [INFO]  [Checking][main][c.d.d.c.a] > [INFO] --- maven-resources-plugin:3.3.0:testResources (default-testResources) @ ObservatoireUIZ ---
15:29:38.807 [INFO]  [Checking][main][c.d.d.c.a] > [INFO] skip non existing resourceDirectory C:\Users\eloma\IdeaProjects\ObservatoireUIZ\src\test\resources
15:29:38.807 [INFO]  [Checking][main][c.d.d.c.a] > [DIFFBLUE]DefaultEvent{projectId='ma.uiz:ObservatoireUIZ:jar:0.0.1-SNAPSHOT', goal='testResources', cause=, state=SUCCESS}
15:29:38.807 [INFO]  [Checking][main][c.d.d.c.a] > [DIFFBLUE]DefaultEvent{projectId='ma.uiz:ObservatoireUIZ:jar:0.0.1-SNAPSHOT', goal='testCompile', cause=, state=STARTED}
15:29:38.807 [INFO]  [Checking][main][c.d.d.c.a] > [INFO] 
15:29:38.807 [INFO]  [Checking][main][c.d.d.c.a] > [INFO] --- maven-compiler-plugin:3.8.1:testCompile (default-testCompile) @ ObservatoireUIZ ---
15:29:38.807 [INFO]  [Checking][main][c.d.d.c.a] > [INFO] Changes detected - recompiling the module!
15:29:38.807 [INFO]  [Checking][main][c.d.d.c.a] > [INFO] Compiling 3 source files to C:\Users\eloma\IdeaProjects\ObservatoireUIZ\target\test-classes
15:29:38.807 [INFO]  [Checking][main][c.d.d.c.a] > [DIFFBLUE]DefaultEvent{projectId='ma.uiz:ObservatoireUIZ:jar:0.0.1-SNAPSHOT', goal='testCompile', cause=, state=SUCCESS}
15:29:38.807 [INFO]  [Checking][main][c.d.d.c.a] > [DIFFBLUE]DefaultEvent{projectId='ma.uiz:ObservatoireUIZ:jar:0.0.1-SNAPSHOT', goal='test', cause=, state=STARTED}
15:29:38.807 [INFO]  [Checking][main][c.d.d.c.a] > [INFO] 
15:29:38.807 [INFO]  [Checking][main][c.d.d.c.a] > [INFO] --- maven-surefire-plugin:2.22.2:test (default-test) @ ObservatoireUIZ ---
15:29:38.807 [INFO]  [Checking][main][c.d.d.c.a] > [INFO] 
15:29:38.807 [INFO]  [Checking][main][c.d.d.c.a] > [INFO] -------------------------------------------------------
15:29:38.807 [INFO]  [Checking][main][c.d.d.c.a] > [INFO]  T E S T S
15:29:38.807 [INFO]  [Checking][main][c.d.d.c.a] > [INFO] -------------------------------------------------------
15:29:38.807 [INFO]  [Checking][main][c.d.d.c.a] > [INFO] Running org.example.jupiter.DummyJupiterDiffblueTest
15:29:38.807 [INFO]  [Checking][main][c.d.d.c.a] > [INFO] Tests run: 1, Failures: 0, Errors: 0, Skipped: 0, Time elapsed: 0.038 s - in org.example.jupiter.DummyJupiterDiffblueTest
15:29:38.807 [INFO]  [Checking][main][c.d.d.c.a] > [INFO] 
15:29:38.807 [INFO]  [Checking][main][c.d.d.c.a] > [INFO] Results:
15:29:38.807 [INFO]  [Checking][main][c.d.d.c.a] > [INFO] 
15:29:38.807 [INFO]  [Checking][main][c.d.d.c.a] > [INFO] Tests run: 1, Failures: 0, Errors: 0, Skipped: 0
15:29:38.807 [INFO]  [Checking][main][c.d.d.c.a] > [INFO] 
15:29:38.807 [INFO]  [Checking][main][c.d.d.c.a] > [DIFFBLUE]DefaultEvent{projectId='ma.uiz:ObservatoireUIZ:jar:0.0.1-SNAPSHOT', goal='test', cause=, state=SUCCESS}
15:29:38.807 [INFO]  [Checking][main][c.d.d.c.a] > [INFO] ------------------------------------------------------------------------
15:29:38.807 [INFO]  [Checking][main][c.d.d.c.a] > [INFO] BUILD SUCCESS
15:29:38.807 [INFO]  [Checking][main][c.d.d.c.a] > [INFO] ------------------------------------------------------------------------
15:29:38.807 [INFO]  [Checking][main][c.d.d.c.a] > [INFO] Total time:  4.621 s
15:29:38.807 [INFO]  [Checking][main][c.d.d.c.a] > [INFO] Finished at: 2023-11-19T15:29:38+01:00
15:29:38.807 [INFO]  [Checking][main][c.d.d.c.a] > [INFO] ------------------------------------------------------------------------
15:29:38.808 [DEBUG] [Checking][main][c.d.c.c.m.c] Processing rule an took 6012ms
15:29:38.808 [DEBUG] [Checking][main][c.d.c.c.m.c] Processing rule am
15:29:38.808 [DEBUG] [Checking][main][c.d.c.c.m.c]   Rule fired
15:29:38.808 [DEBUG] [Checking][main][c.d.c.c.m.c]   Error provided for DETECTED_TESTS_EXECUTE_WITH_JUNIT: Skipped
15:29:38.809 [DEBUG] [Checking][main][c.d.c.c.m.c] Processing rule am took 0ms
15:29:38.809 [DEBUG] [Checking][main][c.d.c.c.m.c] Processing rule m
15:29:38.809 [DEBUG] [Checking][main][c.d.c.c.m.c]   Rule fired
15:29:38.810 [DEBUG] [Checking][main][c.d.cover.m.c.m] JUnitJupiter5 is present
15:29:38.810 [DEBUG] [Checking][main][c.d.cover.m.c.m] JUnitJupiter5 is supported
15:29:38.810 [DEBUG] [Checking][main][c.d.cover.m.c.m] JUnit 5 is present and either it's not been specified by the user or it is the same as the version the user specified
15:29:38.811 [INFO]  [Checking][main][c.d.cover.ui.a.j] Selected test framework: JUnit Jupiter
15:29:38.812 [DEBUG] [Checking][main][c.d.c.c.m.c] Processing rule m took 4ms
15:29:38.813 [DEBUG] [Checking][main][c.d.c.c.m.c] Processing rule ab
15:29:38.813 [DEBUG] [Checking][main][c.d.c.c.m.c]   Rule fired
15:29:38.851 [DEBUG] [Checking][main][c.d.c.c.m.c] Processing rule ab took 38ms
15:29:38.851 [DEBUG] [Checking][main][c.d.c.c.m.c] Processing rule q
15:29:38.851 [DEBUG] [Checking][main][c.d.c.c.m.c]   Rule fired
15:29:38.943 [DEBUG] [Checking][main][c.d.c.c.m.c]   Error provided for DETECTED_JAKARTA_API: Skipped
15:29:38.943 [DEBUG] [Checking][main][c.d.c.c.m.c] Processing rule q took 91ms
15:29:38.944 [DEBUG] [Checking][main][c.d.c.c.m.c] Processing rule j
15:29:38.944 [DEBUG] [Checking][main][c.d.c.c.m.c]   Rule fired
15:29:38.945 [INFO]  [Checking][main][c.d.d.d.b] Maven Using ${maven.home} of: C:\Users\eloma\IdeaProjects\ObservatoireUIZ.
15:29:38.946 [INFO]  [Checking][main][c.d.d.d.b] Maven Executing: cmd.exe /X /C "C:\Users\eloma\IdeaProjects\ObservatoireUIZ\mvnw.cmd -B -D test=DummyJUnitJupiterLauncherDiffblueTest -D "maven.ext.class.path=C:\Program Files\Diffblue\cover-buildsystem-maven-spy-jar-with-dependencies.jar" test"
15:29:45.952 [INFO]  [Checking][main][c.d.d.c.a] Standard output of build tool (Maven)
15:29:45.952 [INFO]  [Checking][main][c.d.d.c.a] > [INFO] Scanning for projects...
15:29:45.952 [INFO]  [Checking][main][c.d.d.c.a] > [INFO] 
15:29:45.952 [INFO]  [Checking][main][c.d.d.c.a] > [INFO] -----------------------< ma.uiz:ObservatoireUIZ >-----------------------
15:29:45.953 [INFO]  [Checking][main][c.d.d.c.a] > [INFO] Building ObservatoireUIZ 0.0.1-SNAPSHOT
15:29:45.953 [INFO]  [Checking][main][c.d.d.c.a] > [INFO] --------------------------------[ jar ]---------------------------------
15:29:45.953 [INFO]  [Checking][main][c.d.d.c.a] > [DIFFBLUE]DefaultEvent{projectId='ma.uiz:ObservatoireUIZ:jar:0.0.1-SNAPSHOT', goal='resources', cause=, state=STARTED}
15:29:45.953 [INFO]  [Checking][main][c.d.d.c.a] > [INFO] 
15:29:45.953 [INFO]  [Checking][main][c.d.d.c.a] > [INFO] --- maven-resources-plugin:3.3.0:resources (default-resources) @ ObservatoireUIZ ---
15:29:45.953 [INFO]  [Checking][main][c.d.d.c.a] > [INFO] Copying 1 resource
15:29:45.953 [INFO]  [Checking][main][c.d.d.c.a] > [INFO] Copying 5 resources
15:29:45.953 [INFO]  [Checking][main][c.d.d.c.a] > [DIFFBLUE]DefaultEvent{projectId='ma.uiz:ObservatoireUIZ:jar:0.0.1-SNAPSHOT', goal='resources', cause=, state=SUCCESS}
15:29:45.953 [INFO]  [Checking][main][c.d.d.c.a] > [DIFFBLUE]DefaultEvent{projectId='ma.uiz:ObservatoireUIZ:jar:0.0.1-SNAPSHOT', goal='compile', cause=, state=STARTED}
15:29:45.953 [INFO]  [Checking][main][c.d.d.c.a] > [INFO] 
15:29:45.953 [INFO]  [Checking][main][c.d.d.c.a] > [INFO] --- maven-compiler-plugin:3.8.1:compile (default-compile) @ ObservatoireUIZ ---
15:29:45.953 [INFO]  [Checking][main][c.d.d.c.a] > [INFO] Nothing to compile - all classes are up to date
15:29:45.953 [INFO]  [Checking][main][c.d.d.c.a] > [DIFFBLUE]DefaultEvent{projectId='ma.uiz:ObservatoireUIZ:jar:0.0.1-SNAPSHOT', goal='compile', cause=, state=SUCCESS}
15:29:45.953 [INFO]  [Checking][main][c.d.d.c.a] > [DIFFBLUE]DefaultEvent{projectId='ma.uiz:ObservatoireUIZ:jar:0.0.1-SNAPSHOT', goal='testResources', cause=, state=STARTED}
15:29:45.953 [INFO]  [Checking][main][c.d.d.c.a] > [INFO] 
15:29:45.953 [INFO]  [Checking][main][c.d.d.c.a] > [INFO] --- maven-resources-plugin:3.3.0:testResources (default-testResources) @ ObservatoireUIZ ---
15:29:45.953 [INFO]  [Checking][main][c.d.d.c.a] > [INFO] skip non existing resourceDirectory C:\Users\eloma\IdeaProjects\ObservatoireUIZ\src\test\resources
15:29:45.953 [INFO]  [Checking][main][c.d.d.c.a] > [DIFFBLUE]DefaultEvent{projectId='ma.uiz:ObservatoireUIZ:jar:0.0.1-SNAPSHOT', goal='testResources', cause=, state=SUCCESS}
15:29:45.953 [INFO]  [Checking][main][c.d.d.c.a] > [DIFFBLUE]DefaultEvent{projectId='ma.uiz:ObservatoireUIZ:jar:0.0.1-SNAPSHOT', goal='testCompile', cause=, state=STARTED}
15:29:45.953 [INFO]  [Checking][main][c.d.d.c.a] > [INFO] 
15:29:45.953 [INFO]  [Checking][main][c.d.d.c.a] > [INFO] --- maven-compiler-plugin:3.8.1:testCompile (default-testCompile) @ ObservatoireUIZ ---
15:29:45.953 [INFO]  [Checking][main][c.d.d.c.a] > [INFO] Changes detected - recompiling the module!
15:29:45.953 [INFO]  [Checking][main][c.d.d.c.a] > [INFO] Compiling 3 source files to C:\Users\eloma\IdeaProjects\ObservatoireUIZ\target\test-classes
15:29:45.953 [INFO]  [Checking][main][c.d.d.c.a] > [DIFFBLUE]DefaultEvent{projectId='ma.uiz:ObservatoireUIZ:jar:0.0.1-SNAPSHOT', goal='testCompile', cause=, state=SUCCESS}
15:29:45.953 [INFO]  [Checking][main][c.d.d.c.a] > [DIFFBLUE]DefaultEvent{projectId='ma.uiz:ObservatoireUIZ:jar:0.0.1-SNAPSHOT', goal='test', cause=, state=STARTED}
15:29:45.953 [INFO]  [Checking][main][c.d.d.c.a] > [INFO] 
15:29:45.953 [INFO]  [Checking][main][c.d.d.c.a] > [INFO] --- maven-surefire-plugin:2.22.2:test (default-test) @ ObservatoireUIZ ---
15:29:45.953 [INFO]  [Checking][main][c.d.d.c.a] > [INFO] 
15:29:45.953 [INFO]  [Checking][main][c.d.d.c.a] > [INFO] -------------------------------------------------------
15:29:45.953 [INFO]  [Checking][main][c.d.d.c.a] > [INFO]  T E S T S
15:29:45.953 [INFO]  [Checking][main][c.d.d.c.a] > [INFO] -------------------------------------------------------
15:29:45.953 [INFO]  [Checking][main][c.d.d.c.a] > [INFO] Running DummyJUnitJupiterLauncherDiffblueTest
15:29:45.954 [INFO]  [Checking][main][c.d.d.c.a] > (diffblue)C:\Users\eloma\.m2\repository\org\junit\platform\junit-platform-launcher\1.3.1\junit-platform-launcher-1.3.1.jar(/diffblue)
15:29:45.954 [INFO]  [Checking][main][c.d.d.c.a] > [INFO] Tests run: 1, Failures: 0, Errors: 0, Skipped: 0, Time elapsed: 0.036 s - in DummyJUnitJupiterLauncherDiffblueTest
15:29:45.954 [INFO]  [Checking][main][c.d.d.c.a] > [INFO] 
15:29:45.954 [INFO]  [Checking][main][c.d.d.c.a] > [INFO] Results:
15:29:45.954 [INFO]  [Checking][main][c.d.d.c.a] > [INFO] 
15:29:45.954 [INFO]  [Checking][main][c.d.d.c.a] > [INFO] Tests run: 1, Failures: 0, Errors: 0, Skipped: 0
15:29:45.954 [INFO]  [Checking][main][c.d.d.c.a] > [INFO] 
15:29:45.954 [INFO]  [Checking][main][c.d.d.c.a] > [DIFFBLUE]DefaultEvent{projectId='ma.uiz:ObservatoireUIZ:jar:0.0.1-SNAPSHOT', goal='test', cause=, state=SUCCESS}
15:29:45.954 [INFO]  [Checking][main][c.d.d.c.a] > [INFO] ------------------------------------------------------------------------
15:29:45.954 [INFO]  [Checking][main][c.d.d.c.a] > [INFO] BUILD SUCCESS
15:29:45.954 [INFO]  [Checking][main][c.d.d.c.a] > [INFO] ------------------------------------------------------------------------
15:29:45.954 [INFO]  [Checking][main][c.d.d.c.a] > [INFO] Total time:  5.022 s
15:29:45.954 [INFO]  [Checking][main][c.d.d.c.a] > [INFO] Finished at: 2023-11-19T15:29:45+01:00
15:29:45.954 [INFO]  [Checking][main][c.d.d.c.a] > [INFO] ------------------------------------------------------------------------
15:29:45.956 [DEBUG] [Checking][main][c.d.c.c.m.c] Processing rule j took 7011ms
15:29:45.956 [DEBUG] [Checking][main][c.d.c.c.m.c] Processing rule k
15:29:45.956 [DEBUG] [Checking][main][c.d.c.c.m.c]   Rule fired
15:29:45.956 [DEBUG] [Checking][main][c.d.c.c.m.c]   Error provided for DETECTED_JUNIT_LAUNCHER: Skipped
15:29:45.956 [DEBUG] [Checking][main][c.d.c.c.m.c] Processing rule k took 0ms
15:29:45.956 [DEBUG] [Checking][main][c.d.c.c.m.c] Processing rule ap
15:29:45.956 [DEBUG] [Checking][main][c.d.c.c.m.c]   Rule fired
15:29:45.956 [DEBUG] [Checking][main][c.d.c.c.m.c]   Error provided for DETECTED_TESTNG_LAUNCHER: Skipped
15:29:45.956 [DEBUG] [Checking][main][c.d.c.c.m.c] Processing rule ap took 0ms
15:29:45.956 [DEBUG] [Checking][main][c.d.c.c.m.c] Processing rule h
15:29:45.956 [DEBUG] [Checking][main][c.d.c.c.m.c]   Rule fired
15:29:46.034 [INFO]  [Checking][main][c.d.cover.ui.a.j] Detected Hamcrest 2 version 2.2
15:29:46.035 [DEBUG] [Checking][main][c.d.c.c.m.c]   Error provided for DETECTED_ASSERTION_FRAMEWORK_HAMCREST1: b: Failed to determine Hamcrest 1 version; found resource: org/hamcrest/io/FileMatchers.class
15:29:46.035 [DEBUG] [Checking][main][c.d.c.c.m.c] Processing rule h took 78ms
15:29:46.035 [DEBUG] [Checking][main][c.d.c.c.m.c] Processing rule t
15:29:46.035 [DEBUG] [Checking][main][c.d.c.c.m.c]   Rule fired
15:29:46.040 [DEBUG] [Checking][main][c.d.c.c.m.c] Processing rule t took 5ms
15:29:46.040 [DEBUG] [Checking][main][c.d.c.c.m.c] Processing rule v
15:29:46.041 [DEBUG] [Checking][main][c.d.c.c.m.c]   Rule fired
15:29:46.042 [INFO]  [Checking][main][c.d.cover.ui.a.j] Detected JVM architecture: 64-Bit
15:29:46.042 [DEBUG] [Checking][main][c.d.c.c.m.c] Processing rule v took 1ms
15:29:46.042 [DEBUG] [Checking][main][c.d.c.c.m.c] Processing rule p
15:29:46.042 [DEBUG] [Checking][main][c.d.c.c.m.c]   Rule fired
15:29:46.042 [DEBUG] [Checking][main][c.d.c.c.m.c]   Error provided for DETECTED_JACOCO_PLUGIN_IS_USED: Skipped
15:29:46.043 [DEBUG] [Checking][main][c.d.c.c.m.c]   Error provided for DETECTED_JACOCO_PLUGIN_VERSION: Skipped
15:29:46.043 [DEBUG] [Checking][main][c.d.c.c.m.c] Processing rule p took 0ms
15:29:46.043 [DEBUG] [Checking][main][c.d.c.c.m.c] Processing rule n
15:29:46.043 [DEBUG] [Checking][main][c.d.c.c.m.c] Processing rule g
15:29:46.043 [DEBUG] [Checking][main][c.d.c.c.m.c]   Rule fired
15:29:46.043 [DEBUG] [Checking][main][c.d.c.c.m.c]   Error provided for SELECTED_JUNIT_VINTAGE_ENGINE: Skipped
15:29:46.043 [DEBUG] [Checking][main][c.d.c.c.m.c] Processing rule g took 0ms
15:29:46.043 [DEBUG] [Checking][main][c.d.c.c.m.c] Processing rule n
15:29:46.043 [DEBUG] [Checking][main][c.d.c.c.m.c]   Rule fired
15:29:46.043 [DEBUG] [Checking][main][c.d.c.c.m.c]   Error provided for DETECTED_TESTS_EXECUTE_WITH_JACOCO_JUNIT: Skipped
15:29:46.043 [DEBUG] [Checking][main][c.d.c.c.m.c] Processing rule n took 0ms
15:29:46.043 [DEBUG] [Checking][main][c.d.c.c.m.c] Processing rule o
15:29:46.043 [DEBUG] [Checking][main][c.d.c.c.m.c]   Rule fired
15:29:46.043 [DEBUG] [Checking][main][c.d.c.c.m.c]   Error provided for DETECTED_TESTS_EXECUTE_WITH_JACOCO_JUPITER: Skipped
15:29:46.044 [DEBUG] [Checking][main][c.d.c.c.m.c] Processing rule o took 0ms
15:29:46.044 [DEBUG] [Checking][main][c.d.c.c.m.c] Processing rule w
15:29:46.044 [DEBUG] [Checking][main][c.d.c.c.m.c]   Rule fired
15:29:46.092 [DEBUG] [Checking][main][c.d.c.c.m.c]   Error provided for DETECTED_KOTLIN_VERSION: Not Detected
15:29:46.092 [DEBUG] [Checking][main][c.d.c.c.m.c] Processing rule w took 48ms
15:29:46.092 [DEBUG] [Checking][main][c.d.c.c.m.c] Processing rule x
15:29:46.092 [DEBUG] [Checking][main][c.d.c.c.m.c]   Rule fired
15:29:46.129 [DEBUG] [Checking][main][c.d.c.c.m.c]   Error provided for DETECTED_KOTLIN_TEST_VERSION: Not Detected
15:29:46.130 [DEBUG] [Checking][main][c.d.c.c.m.c] Processing rule x took 38ms
15:29:46.130 [DEBUG] [Checking][main][c.d.c.c.m.c] Processing rule SpringProfilesDetector
15:29:46.131 [DEBUG] [Checking][main][c.d.c.c.m.c]   Rule fired
15:29:48.860 [DEBUG] [Checking][main][c.d.c.c.m.c] Processing rule SpringProfilesDetector took 2729ms
15:29:48.860 [DEBUG] [Checking][main][c.d.c.c.m.c] Processing rule f
15:29:48.860 [DEBUG] [Checking][main][c.d.c.c.m.c]   Rule fired
15:29:49.064 [DEBUG] [Checking][main][c.d.c.c.m.c] Processing rule f took 204ms
15:29:49.065 [DEBUG] [Checking][main][c.d.c.c.m.c] Processing rule PreflightTestExecutionOptionsDetector
15:29:49.065 [DEBUG] [Checking][main][c.d.c.c.m.c]   Rule fired
15:29:49.065 [DEBUG] [Checking][main][c.d.c.c.m.c]   Error provided for SPECIFIED_PREFLIGHT_TEST_EXECUTION_COMMAND: Not Supplied
15:29:49.065 [DEBUG] [Checking][main][c.d.c.c.m.c] Processing rule PreflightTestExecutionOptionsDetector took 0ms
15:29:49.065 [DEBUG] [Checking][main][c.d.c.c.m.c] Processing rule RefactorOptionsDetector
15:29:49.065 [DEBUG] [Checking][main][c.d.c.c.m.c]   Rule fired
15:29:49.065 [DEBUG] [Checking][main][c.d.c.c.m.c] Processing rule RefactorOptionsDetector took 0ms
15:29:49.065 [DEBUG] [Checking][main][c.d.c.c.m.c] Processing rule AnalyzerServiceOptionsDetector
15:29:49.065 [DEBUG] [Checking][main][c.d.c.c.m.c]   Rule fired
15:29:49.065 [DEBUG] [Checking][main][c.d.c.c.m.c] Processing rule AnalyzerServiceOptionsDetector took 0ms
15:29:49.065 [DEBUG] [Checking][main][c.d.c.c.m.c] Processing rule au
15:29:49.065 [DEBUG] [Checking][main][c.d.c.c.m.c]   Rule fired
15:29:49.065 [DEBUG] [Checking][main][c.d.c.c.m.c]   Error provided for SPECIFIED_TRACE_DIRECTORY: Not Supplied
15:29:49.065 [DEBUG] [Checking][main][c.d.c.c.m.c] Processing rule au took 0ms
15:29:49.065 [DEBUG] [Checking][main][c.d.c.c.m.c] Processing rule UploadOptionsDetector
15:29:49.065 [DEBUG] [Checking][main][c.d.c.c.m.c]   Rule fired
15:29:49.072 [DEBUG] [Checking][main][c.d.c.c.m.c]   Error provided for SPECIFIED_REPORTS_PROJECT: Not Supplied
15:29:49.073 [DEBUG] [Checking][main][c.d.c.c.m.c]   Error provided for SPECIFIED_REPORTS_URL: Not Supplied
15:29:49.073 [DEBUG] [Checking][main][c.d.c.c.m.c] Processing rule UploadOptionsDetector took 7ms
15:29:49.073 [DEBUG] [Checking][main][c.d.c.c.m.c] Processing rule MaxHeapSizeDetector
15:29:49.073 [DEBUG] [Checking][main][c.d.c.c.m.c]   Rule fired
15:29:49.073 [DEBUG] [Checking][main][c.d.c.c.m.c] Processing rule MaxHeapSizeDetector took 0ms
15:29:49.073 [DEBUG] [Checking][main][c.d.c.c.m.c] Processing rule g
15:29:49.073 [DEBUG] [Checking][main][c.d.c.c.m.c]   Rule fired
15:29:49.073 [DEBUG] [Checking][main][c.d.c.c.m.c]   Error provided for SPECIFIED_EXISTING_COVERAGE_JACOCO_FILE: Not Supplied
15:29:49.073 [DEBUG] [Checking][main][c.d.c.c.m.c]   Error provided for SPECIFIED_PATCH_FILE: Not Supplied
15:29:49.073 [DEBUG] [Checking][main][c.d.c.c.m.c] Processing rule g took 0ms
15:29:49.073 [DEBUG] [Checking][main][c.d.c.c.m.c] Processing rule d
15:29:49.073 [DEBUG] [Checking][main][c.d.c.c.m.c]   Rule fired
15:29:49.073 [DEBUG] [Checking][main][c.d.c.c.m.c] Processing rule d took 0ms
15:29:49.073 [DEBUG] [Checking][main][c.d.c.c.m.c] Processing rule c
15:29:49.073 [DEBUG] [Checking][main][c.d.c.c.m.c]   Rule fired
15:29:49.080 [INFO]  [Checking][main][c.d.cover.ui.a.j] Selected Java language compliance level: 17
15:29:49.080 [DEBUG] [Checking][main][c.d.c.c.m.c] Processing rule c took 6ms
15:29:49.080 [DEBUG] [Checking][main][c.d.c.c.m.c] Processing rule d
15:29:49.080 [DEBUG] [Checking][main][c.d.c.c.m.c]   Rule fired
15:29:49.080 [DEBUG] [Checking][main][c.d.c.c.m.c] Processing rule d took 0ms
15:29:49.080 [DEBUG] [Checking][main][c.d.c.c.m.c] Processing rule l
15:29:49.080 [DEBUG] [Checking][main][c.d.c.c.m.c]   Rule fired
15:29:49.080 [DEBUG] [Checking][main][c.d.c.c.m.c] Processing rule l took 0ms
15:29:49.080 [DEBUG] [Checking][main][c.d.c.c.m.c] Processing rule k
15:29:49.081 [DEBUG] [Checking][main][c.d.c.c.m.c]   Rule fired
15:29:49.081 [INFO]  [Checking][main][c.d.cover.ui.a.j] Selected test validation: enabled
15:29:49.082 [DEBUG] [Checking][main][c.d.c.c.m.c] Processing rule k took 1ms
15:29:49.082 [DEBUG] [Checking][main][c.d.c.c.m.c] Processing rule g
15:29:49.082 [DEBUG] [Checking][main][c.d.c.c.m.c]   Rule fired
15:29:49.082 [DEBUG] [Checking][main][c.d.c.c.m.c] Processing rule g took 0ms
15:29:49.082 [DEBUG] [Checking][main][c.d.c.c.m.c] Processing rule e
15:29:49.082 [DEBUG] [Checking][main][c.d.c.c.m.c]   Rule fired
15:29:49.083 [DEBUG] [Checking][main][c.d.c.c.m.c] Processing rule e took 0ms
15:29:49.083 [DEBUG] [Checking][main][c.d.c.c.m.c] Processing rule j
15:29:49.083 [DEBUG] [Checking][main][c.d.c.c.m.c]   Rule fired
15:29:49.083 [DEBUG] [Checking][main][c.d.c.c.m.c] Processing rule j took 0ms
15:29:49.083 [DEBUG] [Checking][main][c.d.c.c.m.c] Processing rule SpringProfilesSelector
15:29:49.083 [DEBUG] [Checking][main][c.d.c.c.m.c]   Rule fired
15:29:49.083 [DEBUG] [Checking][main][c.d.c.c.m.c] Processing rule SpringProfilesSelector took 0ms
15:29:49.083 [DEBUG] [Checking][main][c.d.c.c.m.c] Processing rule h
15:29:49.083 [DEBUG] [Checking][main][c.d.c.c.m.c]   Rule fired
15:29:49.083 [DEBUG] [Checking][main][c.d.c.c.m.c] Processing rule h took 0ms
15:29:49.083 [DEBUG] [Checking][main][c.d.c.c.m.c] Processing rule CliEntryPointsSelector
15:29:49.083 [DEBUG] [Checking][main][c.d.c.c.m.c]   Rule fired
15:29:49.088 [INFO]  [Checking][main][c.d.cover.ui.a.j] Prefixes for filtering classes/methods:
15:29:49.089 [INFO]  [Checking][main][c.d.cover.ui.a.j] - ma.uiz.observatoire.controller.AccountController
15:29:49.090 [INFO]  [Checking][main][c.d.cover.ui.a.j] Gathering methods to test...
15:29:50.034 [DEBUG] [Checking][main][c.d.c.c.m.c]   Error provided for SELECTED_PATCH_CLASSES: Not Detected
15:29:50.034 [DEBUG] [Checking][main][c.d.c.c.m.c] Processing rule CliEntryPointsSelector took 950ms
15:29:50.034 [DEBUG] [Checking][main][c.d.c.c.m.c] Processing rule l
15:29:50.034 [DEBUG] [Checking][main][c.d.c.c.m.c]   Rule did not fire
15:29:50.034 [DEBUG] [Checking][main][c.d.c.c.m.c] Processing rule l took 0ms
15:29:50.034 [DEBUG] [Checking][main][c.d.c.c.m.c] Processing rule c
15:29:50.035 [DEBUG] [Checking][main][c.d.c.c.m.c]   Rule did not fire
15:29:50.035 [DEBUG] [Checking][main][c.d.c.c.m.c] Processing rule c took 0ms
15:29:50.035 [DEBUG] [Checking][main][c.d.c.c.m.c] Processing rule b
15:29:50.035 [DEBUG] [Checking][main][c.d.c.c.m.c]   Rule fired
15:29:50.037 [DEBUG] [Checking][main][c.d.c.c.m.c] Processing rule b took 2ms
15:29:50.037 [DEBUG] [Checking][main][c.d.c.c.m.c] Processing rule m
15:29:50.037 [DEBUG] [Checking][main][c.d.c.c.m.c]   Rule fired
15:29:50.037 [DEBUG] [Checking][main][c.d.c.c.m.c] Processing rule m took 0ms
15:29:50.037 [DEBUG] [Checking][main][c.d.c.c.m.c] Processing rule a
15:29:50.037 [DEBUG] [Checking][main][c.d.c.c.m.c]   Rule did not fire
15:29:50.037 [DEBUG] [Checking][main][c.d.c.c.m.c] Processing rule a took 0ms
15:29:50.037 [DEBUG] [Checking][main][c.d.c.c.m.c] Processing rule o
15:29:50.037 [DEBUG] [Checking][main][c.d.c.c.m.c]   Rule did not fire
15:29:50.037 [DEBUG] [Checking][main][c.d.c.c.m.c] Processing rule o took 0ms
15:29:50.037 [DEBUG] [Checking][main][c.d.c.c.m.c] Processing rule ak
15:29:50.037 [DEBUG] [Checking][main][c.d.c.c.m.c]   Rule fired
15:29:50.037 [DEBUG] [Checking][main][c.d.c.c.m.c] Processing rule ak took 0ms
15:29:50.037 [DEBUG] [Checking][main][c.d.c.c.m.c] Processing rule r
15:29:50.037 [DEBUG] [Checking][main][c.d.c.c.m.c]   Rule did not fire
15:29:50.037 [DEBUG] [Checking][main][c.d.c.c.m.c] Processing rule r took 0ms
15:29:50.037 [DEBUG] [Checking][main][c.d.c.c.m.c] Processing rule t
15:29:50.037 [DEBUG] [Checking][main][c.d.c.c.m.c]   Rule did not fire
15:29:50.037 [DEBUG] [Checking][main][c.d.c.c.m.c] Processing rule t took 0ms
15:29:50.037 [DEBUG] [Checking][main][c.d.c.c.m.c] Processing rule ag
15:29:50.037 [DEBUG] [Checking][main][c.d.c.c.m.c]   Rule did not fire
15:29:50.037 [DEBUG] [Checking][main][c.d.c.c.m.c] Processing rule ag took 0ms
15:29:50.037 [DEBUG] [Checking][main][c.d.c.c.m.c] Processing rule d
15:29:50.038 [DEBUG] [Checking][main][c.d.c.c.m.c]   Rule fired
15:29:50.038 [DEBUG] [Checking][main][c.d.c.c.m.c] Processing rule d took 0ms
15:29:50.038 [DEBUG] [Checking][main][c.d.c.c.m.c] Processing rule s
15:29:50.038 [DEBUG] [Checking][main][c.d.c.c.m.c]   Rule fired
15:29:50.038 [DEBUG] [Checking][main][c.d.c.c.m.c] Processing rule s took 0ms
15:29:50.038 [DEBUG] [Checking][main][c.d.c.c.m.c] Processing rule k
15:29:50.038 [DEBUG] [Checking][main][c.d.c.c.m.c]   Rule fired
15:29:50.038 [DEBUG] [Checking][main][c.d.c.c.m.c] Processing rule k took 0ms
15:29:50.038 [DEBUG] [Checking][main][c.d.c.c.m.c] Processing rule ai
15:29:50.038 [DEBUG] [Checking][main][c.d.c.c.m.c]   Rule did not fire
15:29:50.038 [DEBUG] [Checking][main][c.d.c.c.m.c] Processing rule ai took 0ms
15:29:50.038 [DEBUG] [Checking][main][c.d.c.c.m.c] Processing rule q
15:29:50.038 [DEBUG] [Checking][main][c.d.c.c.m.c]   Rule did not fire
15:29:50.038 [DEBUG] [Checking][main][c.d.c.c.m.c] Processing rule q took 0ms
15:29:50.038 [DEBUG] [Checking][main][c.d.c.c.m.c] Processing rule ac
15:29:50.038 [DEBUG] [Checking][main][c.d.c.c.m.c] Processing rule y
15:29:50.038 [DEBUG] [Checking][main][c.d.c.c.m.c] Processing rule z
15:29:50.038 [DEBUG] [Checking][main][c.d.c.c.m.c]   Rule fired
15:29:50.039 [DEBUG] [Checking][main][c.d.c.c.m.c] Processing rule z took 0ms
15:29:50.039 [DEBUG] [Checking][main][c.d.c.c.m.c] Processing rule x
15:29:50.039 [DEBUG] [Checking][main][c.d.c.c.m.c]   Rule fired
15:29:50.039 [DEBUG] [Checking][main][c.d.c.c.m.c] Processing rule x took 0ms
15:29:50.039 [DEBUG] [Checking][main][c.d.c.c.m.c] Processing rule y
15:29:50.039 [DEBUG] [Checking][main][c.d.c.c.m.c]   Rule fired
15:29:50.039 [DEBUG] [Checking][main][c.d.c.c.m.c] Processing rule y took 0ms
15:29:50.039 [DEBUG] [Checking][main][c.d.c.c.m.c] Processing rule ad
15:29:50.039 [DEBUG] [Checking][main][c.d.c.c.m.c] Processing rule af
15:29:50.039 [DEBUG] [Checking][main][c.d.c.c.m.c]   Rule fired
15:29:50.039 [DEBUG] [Checking][main][c.d.c.c.m.c] Processing rule af took 0ms
15:29:50.039 [DEBUG] [Checking][main][c.d.c.c.m.c] Processing rule ad
15:29:50.039 [DEBUG] [Checking][main][c.d.c.c.m.c]   Rule fired
15:29:50.039 [DEBUG] [Checking][main][c.d.c.c.m.c] Processing rule ad took 0ms
15:29:50.039 [DEBUG] [Checking][main][c.d.c.c.m.c] Processing rule ae
15:29:50.039 [DEBUG] [Checking][main][c.d.c.c.m.c]   Rule fired
15:29:50.039 [DEBUG] [Checking][main][c.d.c.c.m.c] Processing rule ae took 0ms
15:29:50.039 [DEBUG] [Checking][main][c.d.c.c.m.c] Processing rule ac
15:29:50.039 [DEBUG] [Checking][main][c.d.c.c.m.c]   Rule fired
15:29:50.039 [DEBUG] [Checking][main][c.d.c.c.m.c] Processing rule ac took 0ms
15:29:50.039 [DEBUG] [Checking][main][c.d.c.c.m.c] Processing rule f
15:29:50.039 [DEBUG] [Checking][main][c.d.c.c.m.c]   Rule did not fire
15:29:50.039 [DEBUG] [Checking][main][c.d.c.c.m.c] Processing rule f took 0ms
15:29:50.039 [DEBUG] [Checking][main][c.d.c.c.m.c] Processing rule n
15:29:50.039 [DEBUG] [Checking][main][c.d.c.c.m.c]   Rule did not fire
15:29:50.039 [DEBUG] [Checking][main][c.d.c.c.m.c] Processing rule n took 0ms
15:29:50.039 [DEBUG] [Checking][main][c.d.c.c.m.c] Processing rule p
15:29:50.039 [DEBUG] [Checking][main][c.d.c.c.m.c]   Rule did not fire
15:29:50.039 [DEBUG] [Checking][main][c.d.c.c.m.c] Processing rule p took 0ms
15:29:50.039 [DEBUG] [Checking][main][c.d.c.c.m.c] Processing rule j
15:29:50.039 [DEBUG] [Checking][main][c.d.c.c.m.c]   Rule did not fire
15:29:50.041 [DEBUG] [Checking][main][c.d.c.c.m.c] Processing rule j took 0ms
15:29:50.041 [DEBUG] [Checking][main][c.d.c.c.m.c] Processing rule h
15:29:50.041 [DEBUG] [Checking][main][c.d.c.c.m.c]   Rule fired
15:29:50.041 [DEBUG] [Checking][main][c.d.c.c.m.c] Processing rule h took 0ms
15:29:50.041 [DEBUG] [Checking][main][c.d.c.c.m.c] Processing rule i
15:29:50.041 [DEBUG] [Checking][main][c.d.c.c.m.c]   Rule fired
15:29:50.041 [DEBUG] [Checking][main][c.d.c.c.m.c] Processing rule i took 0ms
15:29:50.041 [DEBUG] [Checking][main][c.d.c.c.m.c] Processing rule CliBuildSystemRecommender
15:29:50.041 [DEBUG] [Checking][main][c.d.c.c.m.c]   Rule fired
15:29:50.041 [DEBUG] [Checking][main][c.d.c.c.m.c] Processing rule CliBuildSystemRecommender took 0ms
15:29:50.041 [DEBUG] [Checking][main][c.d.c.c.m.c] Processing rule aj
15:29:50.041 [DEBUG] [Checking][main][c.d.c.c.m.c]   Rule fired
15:29:50.041 [DEBUG] [Checking][main][c.d.c.c.m.c] Processing rule aj took 0ms
15:29:50.041 [DEBUG] [Checking][main][c.d.c.c.m.c] Processing rule am
15:29:50.041 [DEBUG] [Checking][main][c.d.c.c.m.c]   Rule did not fire
15:29:50.041 [DEBUG] [Checking][main][c.d.c.c.m.c] Processing rule am took 0ms
15:29:50.041 [DEBUG] [Checking][main][c.d.c.c.m.c] Processing rule SpringProfilesRecommender
15:29:50.041 [DEBUG] [Checking][main][c.d.c.c.m.c]   Rule fired
15:29:50.041 [DEBUG] [Checking][main][c.d.c.c.m.c] Processing rule SpringProfilesRecommender took 0ms
15:29:50.041 [DEBUG] [Checking][main][c.d.c.c.m.c] Processing rule e
15:29:50.041 [DEBUG] [Checking][main][c.d.c.c.m.c]   Rule fired
15:29:50.041 [DEBUG] [Checking][main][c.d.c.c.m.c] Processing rule e took 0ms
15:29:50.041 [DEBUG] [Checking][main][c.d.c.c.m.c] Processing rule v
15:29:50.041 [DEBUG] [Checking][main][c.d.c.c.m.c]   Rule did not fire
15:29:50.041 [DEBUG] [Checking][main][c.d.c.c.m.c] Processing rule v took 0ms
15:29:50.041 [DEBUG] [Checking][main][c.d.c.c.m.c] Processing rule al
15:29:50.041 [DEBUG] [Checking][main][c.d.c.c.m.c]   Rule fired
15:29:50.041 [DEBUG] [Checking][main][c.d.c.c.m.c] Processing rule al took 0ms
15:29:50.041 [DEBUG] [Checking][main][c.d.c.c.m.c] Processing rule CoverageReportOptionsRecommender
15:29:50.041 [DEBUG] [Checking][main][c.d.c.c.m.c]   Rule did not fire
15:29:50.041 [DEBUG] [Checking][main][c.d.c.c.m.c] Processing rule CoverageReportOptionsRecommender took 0ms
15:29:50.041 [DEBUG] [Checking][main][c.d.c.c.m.c] Processing rule MaxHeapSizeRecommender
15:29:50.041 [DEBUG] [Checking][main][c.d.c.c.m.c]   Rule fired
15:29:50.041 [DEBUG] [Checking][main][c.d.c.c.m.c] Processing rule MaxHeapSizeRecommender took 0ms
15:29:50.041 [DEBUG] [Checking][main][c.d.c.c.m.c] Processing rule ObserverMethodSpecificationRecommender
15:29:50.041 [DEBUG] [Checking][main][c.d.c.c.m.c]   Rule did not fire
15:29:50.041 [DEBUG] [Checking][main][c.d.c.c.m.c] Processing rule ObserverMethodSpecificationRecommender took 0ms
15:29:50.041 [DEBUG] [Checking][main][c.d.c.c.m.c] Processing rule CliEntryPointsRecommender
15:29:50.041 [DEBUG] [Checking][main][c.d.c.c.m.c]   Rule did not fire
15:29:50.042 [DEBUG] [Checking][main][c.d.c.c.m.c] Processing rule CliEntryPointsRecommender took 0ms
15:29:50.042 [DEBUG] [Checking][main][c.d.c.c.m.c] Processing rule w
15:29:50.042 [DEBUG] [Checking][main][c.d.c.c.m.c]   Rule fired
15:29:50.042 [DEBUG] [Checking][main][c.d.c.c.m.c] Processing rule w took 0ms
15:29:50.052 [INFO]  [Reporting][main][c.d.cover.ui.a.j] 
15:29:50.052 [INFO]  [Reporting][main][c.d.cover.ui.a.j] Environment summary:
15:29:50.052 [INFO]  [Reporting][main][c.d.cover.ui.a.j] --------------------
15:29:50.052 [INFO]  [Reporting][main][c.d.cover.ui.a.j] Java version                  17.0.8                        SUCCESS        
15:29:50.052 [INFO]  [Reporting][main][c.d.cover.ui.a.j] Build system                  Maven                         SUCCESS        
15:29:50.052 [INFO]  [Reporting][main][c.d.cover.ui.a.j] Mocking Framework             Mockito 4.8.1                 SUCCESS        
15:29:50.052 [INFO]  [Reporting][main][c.d.cover.ui.a.j] Surefire version              2.22.2                        SUCCESS        
15:29:50.052 [INFO]  [Reporting][main][c.d.cover.ui.a.j] Testing framework             JUnit Jupiter 5               SUCCESS        
15:29:50.052 [DEBUG] [Reporting][main][c.d.cover.ui.a.j] JavaEE version                Skipped                       -----          
15:29:50.052 [DEBUG] [Reporting][main][c.d.cover.ui.a.j] JaCoCo plugin version         Skipped                       -----          
15:29:50.052 [INFO]  [Reporting][main][c.d.cover.ui.a.j] Launcher                      JUnit Jupiter                 SUCCESS        
15:29:50.052 [INFO]  [Reporting][main][c.d.cover.ui.a.j] Test validation               Enabled                       SUCCESS        
15:29:50.052 [INFO]  [Reporting][main][c.d.cover.ui.a.j] Hamcrest                      Hamcrest 2 2.2                SUCCESS        
15:29:50.052 [INFO]  [Reporting][main][c.d.cover.ui.a.j] Spring Core                   6.0.5                         SUCCESS        
15:29:50.052 [INFO]  [Reporting][main][c.d.cover.ui.a.j] Spring Boot                   3.0.3                         SUCCESS        
15:29:50.052 [INFO]  [Reporting][main][c.d.cover.ui.a.j] Spring Boot Test              3.0.3                         SUCCESS        
15:29:50.052 [INFO]  [Reporting][main][c.d.cover.ui.a.j] Spring Web                    6.0.5                         SUCCESS        
15:29:50.052 [INFO]  [Reporting][main][c.d.cover.ui.a.j] Spring Security Web           6.0.2                         SUCCESS        
15:29:50.052 [INFO]  [Reporting][main][c.d.cover.ui.a.j] Spring Test                   6.0.5                         SUCCESS        
15:29:50.052 [INFO]  [Reporting][main][c.d.cover.ui.a.j] 
15:29:50.052 [INFO]  [Reporting][main][c.d.cover.ui.a.j] Environment check status: SUCCESS
15:29:50.099 [DEBUG] [Creating][pool-2-thread-1][c.d.cover.j.a.g] Configuration:
Module: 
Configuration: 
 features=[TESTING_FRAMEWORK_JUNIT_JUPITER5, JUNIT_JUPITER_PARAMS, MOCKING, MOCKITO_SESSION, INCLUDE_SYSTEM_ENVIRONMENT_VARIABLES, INLINE_ACT_INTO_ASSERT, INLINE_ARRANGE_INTO_ACT_ASSERT, INLINE_CHAINED_MEMBER_ACCESSES, INLINE_CONSTRUCTORS, INLINE_IMMEDIATE_VALUES, JOIN_SIMPLE_TESTS, SHOW_SECTION_COMMENTS, PREFLIGHT_ENABLE_TEST_EXECUTION, REPORT, SANDBOXING, VALIDATION, ANALYZER_SERVICE, VERIFICATION, SPRING_MOCKS_MANAGEMENT_FIX]
 analyzerServiceIdleTimeout=PT2M
 coverReportsBaseUrl=Optional.empty
 coverReportsGroupName=11/19/23, 3:29 PM
 coverReportsProject=Optional.empty
 environmentVariables={}
 complianceLevel=17
 fuzzingIterations=1000
 jacocoCommandDiffblue=Optional.empty
 jacocoCommandManual=Optional.empty
 jacocoXmlTestReport=Optional.empty
 jacocoXmlTestReportDiffblue=C:\Users\eloma\IdeaProjects\ObservatoireUIZ\.diffblue\reports\diffblue-tests-jacoco-report.xml
 jacocoXmlTestReportManual=C:\Users\eloma\IdeaProjects\ObservatoireUIZ\.diffblue\reports\manual-tests-jacoco-report.xml
 sandboxAllowedJavaNativeInterfacePrefixes=[]
 mockingFramework=MOCKITO_4_1_0
 mockClasses=[]
 mockStaticClasses=[]
 workingDirectory=C:\Users\eloma\IdeaProjects\ObservatoireUIZ
 classpath=Classpath(125 full entries, 1 code under test entries)
 warningsToSuppress=[]
 perMethodTimeouts=Timeouts{softTimeout=PT20S, initialExecutionTimeout=PT20S, hardTimeout=PT1M, springStartupTimeout=PT4M}
 reportFile=C:\Users\eloma\IdeaProjects\ObservatoireUIZ\.diffblue\reports\report.json
 activeProfiles=[]
 classScheme=${CLASS_NAME}DiffblueTest
 methodScheme=test${INNER_CLASS_NAME}${METHOD_NAME}
 springConfigurationClasses=[]
 testOutputDirectory=C:\Users\eloma\IdeaProjects\ObservatoireUIZ\src\test\java
 validationCommand=Optional.empty
 validationTimeout=PT30M
 jacocoVersion=null
 observerMethodSpecification=MethodSpecification[excludedPrefixes=[]]
 analyzerServiceRestartFrequency=50

15:29:50.102 [INFO]  [Creating][pool-2-thread-1][c.d.cover.ui.d.b] Found 7 callable methods in 1 class
15:29:50.102 [INFO]  [Creating][pool-2-thread-1][c.d.cover.j.a.a] 
15:29:50.102 [INFO]  [Creating][pool-2-thread-1][c.d.cover.j.a.a] Creating tests:
15:29:50.102 [INFO]  [Creating][pool-2-thread-1][c.d.cover.j.a.a] ---------------
15:29:50.122 [INFO]  [Creating][pool-2-thread-1][c.d.cover.j.a.a] 
================================================================================
= Starting analysis for class 'ma.uiz.observatoire.controller.AccountController'
================================================================================
15:29:50.122 [INFO]  [Creating][pool-2-thread-1][c.d.cover.j.a.a] Filtering out non-testable methods...
15:29:53.366 [INFO]  [Creating][pool-2-thread-1][c.d.cover.j.a.a] Filtering of methods complete. Creating analysis request
15:29:53.367 [INFO]  [Creating][pool-2-thread-1][c.d.c.service.c] Attempting to get service client, retry 1.
15:29:53.405 [INFO]  [Creating][pool-2-thread-1][c.d.c.service.c] Starting monitoring server.
15:29:53.632 [INFO]  [Creating][pool-2-thread-1][c.d.c.service.c] Monitoring server listening on localhost/127.0.0.1:51633
15:29:53.736 [INFO]  [Creating][pool-2-thread-1][c.d.c.service.c] Starting analyzer server process...
15:29:53.737 [INFO]  [Creating][pool-2-thread-1][c.d.c.service.c] Server command-line: C:\Program Files\Java\jdk-17\bin\java.exe -XX:+IgnoreUnrecognizedVMOptions -Djdk.attach.allowAttachSelf=true -ea -javaagent:C:\Program Files\Diffblue\launcher-shared-jar.jar -Dlogback.configurationFile=C:\Users\eloma\AppData\Local\Temp\diffblue\config\logback-remote-service.xml -Dcom.diffblue.springIsolationJar=C:\Program Files\Diffblue\cover-isolation-layer.jar -Dcover.jar.path=C:\Program Files\Diffblue\cover-service-analyzer.jar -Dcom.diffblue.assertionSuggestionJar=C:\Program Files\Diffblue\cover-service-analyzer.jar -Dcover.main.class=com.diffblue.cover.service.analyzer.Main -jar C:\Program Files\Diffblue\launcher-shared-jar.jar --service-lifespan 120 --monitoring-service-port 51633 --index-service-port 51633 --debug-log
15:29:53.743 [INFO]  [Creating][pool-2-thread-1][c.d.c.service.c] Server started. Waiting up to 300 seconds for a connection to be established...
15:29:54.581 [DEBUG] [Creating][nullmain][c.d.c.s.a.Main] Service heap size: 4064 MB
15:29:54.699 [INFO]  [Creating][nullmain][c.d.c.s.a.a.b] Starting new remote monitor client
15:29:55.637 [INFO]  [Creating][analyzer-service:main][c.d.c.s.a.a.b] Attempting to start remote server.
15:29:55.874 [INFO]  [Creating][analyzer-service:main][c.d.c.s.a.a.a] Server started, listening on localhost/127.0.0.1:51635
15:29:56.764 [INFO]  [Creating][pool-2-thread-1][c.d.c.service.c] Expect analyzer service to be listening on port 51635.
15:29:57.445 [INFO]  [Creating][pool-2-thread-1][c.d.c.service.c] Started analyzer service and client retrieved.
15:29:59.900 [DEBUG] [Creating][analyzer-service:grpc-default-executor-0][c.d.cover.h.b] Mockito inline mock maker not loaded
15:30:00.350 [DEBUG] [Creating][analyzer-service:grpc-default-executor-0][c.d.fuzztest.d.a] Class information:
15:30:00.358 [DEBUG] [Creating][analyzer-service:grpc-default-executor-0][c.d.fuzztest.d.a]   Class annotations: @org.springframework.web.bind.annotation.RequestMapping(path={}, headers={}, method={}, name="", produces={}, params={}, value={"/api/v1/accounts"}, consumes={}), @org.springframework.web.bind.annotation.RestController("")
15:30:00.362 [DEBUG] [Creating][analyzer-service:grpc-default-executor-0][c.d.fuzztest.d.a]   Fields: private final ma.uiz.observatoire.service.AccountService ma.uiz.observatoire.controller.AccountController.accountService
15:30:00.364 [DEBUG] [Creating][analyzer-service:grpc-default-executor-0][c.d.fuzztest.d.a]   Constructors: public ma.uiz.observatoire.controller.AccountController(ma.uiz.observatoire.service.AccountService)
15:30:00.384 [DEBUG] [Creating][analyzer-service:grpc-default-executor-0][c.d.fuzztest.d.a]   Methods: public org.springframework.http.ResponseEntity ma.uiz.observatoire.controller.AccountController.countAccount(), public org.springframework.http.ResponseEntity ma.uiz.observatoire.controller.AccountController.deleteAccount(int), public org.springframework.http.ResponseEntity ma.uiz.observatoire.controller.AccountController.displayAccount(int), public java.util.List ma.uiz.observatoire.controller.AccountController.displayAllAccount(int,int), public org.springframework.http.ResponseEntity ma.uiz.observatoire.controller.AccountController.saveAccount(ma.uiz.observatoire.model.Account), public org.springframework.http.ResponseEntity ma.uiz.observatoire.controller.AccountController.updateAccount(ma.uiz.observatoire.model.Account)
15:30:06.332 [INFO]  [Creating][analyzer-service:TimedExecutor-4][c.d.fuzztest.f.e] 
================================================================================
= Creating tests for 'ma.uiz.observatoire.controller.AccountController.countAccount:()Lorg/springframework/http/ResponseEntity;' using 'SCo[SB] (sp, !fnm, df, !ris)'
================================================================================
15:30:07.189 [DEBUG] [Creating][analyzer-service:TimedExecutor-4][c.d.cover.d.c.t] Xml configuration location tried |                                                                             failure reason

15:30:29.779 [DEBUG] [Creating][analyzer-service:TimedExecutor-4][c.d.fuzztest.b.e] Refinement loop done: 1 seeds, 1+0 new+accumulated tests, 1+0 tests+partial tests, 334/333 its
15:30:30.142 [INFO]  [Creating][analyzer-service:grpc-default-executor-0][c.d.fuzztest.f.w] Created 1+0 tests and partial tests via 'SCo[SB] (sp, !fnm, df, !ris)', 1/2, returning all 1
15:30:30.586 [DEBUG] [Creating][pool-2-thread-1][c.l.i.s.LicenseService] [LicenseClientAPI#addFeatureConsumption] ---> POST https://api.licensespring.com/api/v4/add_feature_consumption HTTP/1.1
15:30:30.957 [DEBUG] [Creating][pool-2-thread-1][c.l.i.s.LicenseService] [LicenseClientAPI#addFeatureConsumption] <--- UNKNOWN 200  (370ms)
15:30:31.320 [DEBUG] [Creating][pool-2-thread-1][c.l.i.s.LicenseService] [LicenseClientAPI#checkLicense] ---> GET https://api.licensespring.com/api/v4/check_license?is_vm=false&product=cover&sdk_ver=Java%20SDK%20null&hardware_id=8796-10B8-570C-0676-94D0-14B5-C30B-2470-9A13-70AA-3684-9F77-F70F-54F3-B8B9-FB6C&license_key=XXXX-XXXX-XXXX-XXXX HTTP/1.1
15:30:31.453 [DEBUG] [Creating][pool-2-thread-1][c.l.i.s.LicenseService] [LicenseClientAPI#checkLicense] <--- UNKNOWN 200  (131ms)
15:30:31.930 [DEBUG] [Creating][pool-2-thread-1][c.l.i.s.LicenseService] [LicenseClientAPI#checkLicense] ---> GET https://api.licensespring.com/api/v4/check_license?is_vm=false&product=cover&sdk_ver=Java%20SDK%20null&hardware_id=8796-10B8-570C-0676-94D0-14B5-C30B-2470-9A13-70AA-3684-9F77-F70F-54F3-B8B9-FB6C&license_key=XXXX-XXXX-XXXX-XXXX HTTP/1.1
15:30:32.056 [DEBUG] [Creating][pool-2-thread-1][c.l.i.s.LicenseService] [LicenseClientAPI#checkLicense] <--- UNKNOWN 200  (124ms)
15:30:38.233 [INFO]  [Creating][pool-2-thread-1][c.d.cover.ui.d.b]     [1/7] ma.uiz.observatoire.controller.AccountController.countAccount
15:30:38.233 [INFO]  [Creating][pool-2-thread-1][c.d.cover.ui.d.b]     [1/7]   Tests created: 1
15:30:38.236 [INFO]  [Creating][analyzer-service:TimedExecutor-171][c.d.fuzztest.f.e] 
================================================================================
= Creating tests for 'ma.uiz.observatoire.controller.AccountController.deleteAccount:(I)Lorg/springframework/http/ResponseEntity;' using 'SCo[SB] (sp, !fnm, df, !ris)'
================================================================================
15:30:38.253 [DEBUG] [Creating][analyzer-service:TimedExecutor-171][c.d.cover.d.c.t] Xml configuration location tried |                                                                             failure reason

15:30:45.519 [DEBUG] [Creating][analyzer-service:TimedExecutor-171][c.d.fuzztest.b.e] Refinement loop done: 1 seeds, 2+0 new+accumulated tests, 2+0 tests+partial tests, 334/333 its
15:30:45.950 [INFO]  [Creating][analyzer-service:grpc-default-executor-0][c.d.fuzztest.f.w] Created 2+0 tests and partial tests via 'SCo[SB] (sp, !fnm, df, !ris)', 1/2, returning all 2
15:30:46.964 [INFO]  [Creating][pool-2-thread-1][c.d.cover.j.d.c] Test execution failed for method ma.uiz.observatoire.controller.AccountController.deleteAccount
15:30:46.966 [INFO]  [Creating][pool-2-thread-1][c.d.cover.j.d.c] Failure reason: Response content expected:<<Response><timestamp>19/11/2023 15:30:45</timestamp><statusCode>204</statusCode><statusMsg>Account successfully deleted</statusMsg></Response>> but was:<<Response><timestamp>19/11/2023 15:30:46</timestamp><statusCode>204</statusCode><statusMsg>Account successfully deleted</statusMsg></Response>>
15:30:47.393 [INFO]  [Creating][pool-2-thread-1][c.d.cover.j.d.c] Test execution failed for method ma.uiz.observatoire.controller.AccountController.deleteAccount
15:30:47.394 [INFO]  [Creating][pool-2-thread-1][c.d.cover.j.d.c] Failure reason: Response content expected:<<Response><timestamp>19/11/2023 15:30:45</timestamp><statusCode>204</statusCode><statusMsg>Account successfully deleted</statusMsg></Response>> but was:<<Response><timestamp>19/11/2023 15:30:47</timestamp><statusCode>204</statusCode><statusMsg>Account successfully deleted</statusMsg></Response>>
15:30:47.409 [INFO]  [Creating][pool-2-thread-1][c.d.cover.ui.d.b]     [2/7] ma.uiz.observatoire.controller.AccountController.deleteAccount
15:30:47.409 [INFO]  [Creating][pool-2-thread-1][c.d.cover.ui.d.b]     [2/7]   Diffblue AI was unable to find a test
15:30:47.409 [DEBUG] [Creating][pool-2-thread-1][c.d.cover.ui.d.b]     [2/7]   W002: Test compiled, but did not pass
15:30:47.409 [DEBUG] [Creating][pool-2-thread-1][c.d.cover.ui.d.b]     [2/7]     Diffblue Cover removed the following test because it did not pass when run.
15:30:47.409 [DEBUG] [Creating][pool-2-thread-1][c.d.cover.ui.d.b]     [2/7]     File C:\Users\eloma\AppData\Local\Temp\AccountControllerDiffblueTest13277656045413549817.java, 67 lines:
15:30:47.409 [DEBUG] [Creating][pool-2-thread-1][c.d.cover.ui.d.b]     [2/7]        1: package ma.uiz.observatoire.controller;
15:30:47.409 [DEBUG] [Creating][pool-2-thread-1][c.d.cover.ui.d.b]     [2/7]        2: 
15:30:47.409 [DEBUG] [Creating][pool-2-thread-1][c.d.cover.ui.d.b]     [2/7]        3: import static org.mockito.Mockito.anyInt;
15:30:47.409 [DEBUG] [Creating][pool-2-thread-1][c.d.cover.ui.d.b]     [2/7]        4: import static org.mockito.Mockito.doNothing;
15:30:47.409 [DEBUG] [Creating][pool-2-thread-1][c.d.cover.ui.d.b]     [2/7]        5: import static org.mockito.Mockito.when;
15:30:47.409 [DEBUG] [Creating][pool-2-thread-1][c.d.cover.ui.d.b]     [2/7]        6: import ma.uiz.observatoire.service.AccountService;
15:30:47.409 [DEBUG] [Creating][pool-2-thread-1][c.d.cover.ui.d.b]     [2/7]        7: import org.junit.jupiter.api.Test;
15:30:47.409 [DEBUG] [Creating][pool-2-thread-1][c.d.cover.ui.d.b]     [2/7]        8: import org.junit.jupiter.api.extension.ExtendWith;
15:30:47.409 [DEBUG] [Creating][pool-2-thread-1][c.d.cover.ui.d.b]     [2/7]        9: import org.springframework.beans.factory.annotation.Autowired;
15:30:47.409 [DEBUG] [Creating][pool-2-thread-1][c.d.cover.ui.d.b]     [2/7]       10: import org.springframework.boot.test.mock.mockito.MockBean;
15:30:47.409 [DEBUG] [Creating][pool-2-thread-1][c.d.cover.ui.d.b]     [2/7]       11: import org.springframework.test.context.ContextConfiguration;
15:30:47.409 [DEBUG] [Creating][pool-2-thread-1][c.d.cover.ui.d.b]     [2/7]       12: import org.springframework.test.context.junit.jupiter.SpringExtension;
15:30:47.409 [DEBUG] [Creating][pool-2-thread-1][c.d.cover.ui.d.b]     [2/7]       13: import org.springframework.test.web.servlet.ResultActions;
15:30:47.409 [DEBUG] [Creating][pool-2-thread-1][c.d.cover.ui.d.b]     [2/7]       14: import org.springframework.test.web.servlet.request.MockHttpServletRequestBuilder;
15:30:47.409 [DEBUG] [Creating][pool-2-thread-1][c.d.cover.ui.d.b]     [2/7]       15: import org.springframework.test.web.servlet.request.MockMvcRequestBuilders;
15:30:47.409 [DEBUG] [Creating][pool-2-thread-1][c.d.cover.ui.d.b]     [2/7]       16: import org.springframework.test.web.servlet.result.MockMvcResultMatchers;
15:30:47.409 [DEBUG] [Creating][pool-2-thread-1][c.d.cover.ui.d.b]     [2/7]       17: import org.springframework.test.web.servlet.setup.MockMvcBuilders;
15:30:47.409 [DEBUG] [Creating][pool-2-thread-1][c.d.cover.ui.d.b]     [2/7]       18: 
15:30:47.409 [DEBUG] [Creating][pool-2-thread-1][c.d.cover.ui.d.b]     [2/7]       19: @ContextConfiguration(classes = {AccountController.class})
15:30:47.409 [DEBUG] [Creating][pool-2-thread-1][c.d.cover.ui.d.b]     [2/7]       20: @ExtendWith(SpringExtension.class)
15:30:47.409 [DEBUG] [Creating][pool-2-thread-1][c.d.cover.ui.d.b]     [2/7]       21: class AccountControllerDiffblueTest13277656045413549817 {
15:30:47.409 [DEBUG] [Creating][pool-2-thread-1][c.d.cover.ui.d.b]     [2/7]       22:   @Autowired
15:30:47.409 [DEBUG] [Creating][pool-2-thread-1][c.d.cover.ui.d.b]     [2/7]       23:   private AccountController accountController;
15:30:47.409 [DEBUG] [Creating][pool-2-thread-1][c.d.cover.ui.d.b]     [2/7]       24: 
15:30:47.409 [DEBUG] [Creating][pool-2-thread-1][c.d.cover.ui.d.b]     [2/7]       25:   @MockBean
15:30:47.409 [DEBUG] [Creating][pool-2-thread-1][c.d.cover.ui.d.b]     [2/7]       26:   private AccountService accountService;
15:30:47.409 [DEBUG] [Creating][pool-2-thread-1][c.d.cover.ui.d.b]     [2/7]       27:   /**
15:30:47.409 [DEBUG] [Creating][pool-2-thread-1][c.d.cover.ui.d.b]     [2/7]       28:   * Method under test: {@link AccountController#countAccount()}
15:30:47.409 [DEBUG] [Creating][pool-2-thread-1][c.d.cover.ui.d.b]     [2/7]       29:   */
15:30:47.409 [DEBUG] [Creating][pool-2-thread-1][c.d.cover.ui.d.b]     [2/7]       30:   @Test
15:30:47.409 [DEBUG] [Creating][pool-2-thread-1][c.d.cover.ui.d.b]     [2/7]       31:   void testCountAccount() throws Exception {
15:30:47.409 [DEBUG] [Creating][pool-2-thread-1][c.d.cover.ui.d.b]     [2/7]       32:     // Arrange
15:30:47.409 [DEBUG] [Creating][pool-2-thread-1][c.d.cover.ui.d.b]     [2/7]       33:     when(accountService.count()).thenReturn(3L);
15:30:47.409 [DEBUG] [Creating][pool-2-thread-1][c.d.cover.ui.d.b]     [2/7]       34:     MockHttpServletRequestBuilder requestBuilder = MockMvcRequestBuilders.get("/api/v1/accounts/count");
15:30:47.409 [DEBUG] [Creating][pool-2-thread-1][c.d.cover.ui.d.b]     [2/7]       35: 
15:30:47.409 [DEBUG] [Creating][pool-2-thread-1][c.d.cover.ui.d.b]     [2/7]       36:     // Act and Assert
15:30:47.409 [DEBUG] [Creating][pool-2-thread-1][c.d.cover.ui.d.b]     [2/7]       37:     MockMvcBuilders.standaloneSetup(accountController)
15:30:47.409 [DEBUG] [Creating][pool-2-thread-1][c.d.cover.ui.d.b]     [2/7]       38:         .build()
15:30:47.409 [DEBUG] [Creating][pool-2-thread-1][c.d.cover.ui.d.b]     [2/7]       39:         .perform(requestBuilder)
15:30:47.410 [DEBUG] [Creating][pool-2-thread-1][c.d.cover.ui.d.b]     [2/7]       40:         .andExpect(MockMvcResultMatchers.status().isOk())
15:30:47.410 [DEBUG] [Creating][pool-2-thread-1][c.d.cover.ui.d.b]     [2/7]       41:         .andExpect(MockMvcResultMatchers.content().contentType("application/xml;charset=UTF-8"))
15:30:47.410 [DEBUG] [Creating][pool-2-thread-1][c.d.cover.ui.d.b]     [2/7]       42:         .andExpect(MockMvcResultMatchers.content().string("<Long>3</Long>"));
15:30:47.410 [DEBUG] [Creating][pool-2-thread-1][c.d.cover.ui.d.b]     [2/7]       43:   }
15:30:47.410 [DEBUG] [Creating][pool-2-thread-1][c.d.cover.ui.d.b]     [2/7]       44: 
15:30:47.410 [DEBUG] [Creating][pool-2-thread-1][c.d.cover.ui.d.b]     [2/7]       45:   /**
15:30:47.410 [DEBUG] [Creating][pool-2-thread-1][c.d.cover.ui.d.b]     [2/7]       46:    * Method under test: {@link AccountController#deleteAccount(int)}
15:30:47.410 [DEBUG] [Creating][pool-2-thread-1][c.d.cover.ui.d.b]     [2/7]       47:    */
15:30:47.410 [DEBUG] [Creating][pool-2-thread-1][c.d.cover.ui.d.b]     [2/7]       48:   @Test
15:30:47.410 [DEBUG] [Creating][pool-2-thread-1][c.d.cover.ui.d.b]     [2/7]       49:   void testDeleteAccount() throws Exception {
15:30:47.410 [DEBUG] [Creating][pool-2-thread-1][c.d.cover.ui.d.b]     [2/7]       50:     // Arrange
15:30:47.410 [DEBUG] [Creating][pool-2-thread-1][c.d.cover.ui.d.b]     [2/7]       51:     doNothing().when(accountService).delete(anyInt());
15:30:47.410 [DEBUG] [Creating][pool-2-thread-1][c.d.cover.ui.d.b]     [2/7]       52:     MockHttpServletRequestBuilder requestBuilder = MockMvcRequestBuilders.delete("/api/v1/accounts/{id}", 1);
15:30:47.410 [DEBUG] [Creating][pool-2-thread-1][c.d.cover.ui.d.b]     [2/7]       53: 
15:30:47.410 [DEBUG] [Creating][pool-2-thread-1][c.d.cover.ui.d.b]     [2/7]       54:     // Act
15:30:47.410 [DEBUG] [Creating][pool-2-thread-1][c.d.cover.ui.d.b]     [2/7]       55:     ResultActions actualPerformResult = MockMvcBuilders.standaloneSetup(accountController)
15:30:47.410 [DEBUG] [Creating][pool-2-thread-1][c.d.cover.ui.d.b]     [2/7]       56:         .build()
15:30:47.410 [DEBUG] [Creating][pool-2-thread-1][c.d.cover.ui.d.b]     [2/7]       57:         .perform(requestBuilder);
15:30:47.410 [DEBUG] [Creating][pool-2-thread-1][c.d.cover.ui.d.b]     [2/7]       58: 
15:30:47.410 [DEBUG] [Creating][pool-2-thread-1][c.d.cover.ui.d.b]     [2/7]       59:     // Assert
15:30:47.410 [DEBUG] [Creating][pool-2-thread-1][c.d.cover.ui.d.b]     [2/7]       60:     actualPerformResult.andExpect(MockMvcResultMatchers.status().isNoContent())
15:30:47.410 [DEBUG] [Creating][pool-2-thread-1][c.d.cover.ui.d.b]     [2/7]       61:         .andExpect(MockMvcResultMatchers.content().contentType("application/xml;charset=UTF-8"))
15:30:47.410 [DEBUG] [Creating][pool-2-thread-1][c.d.cover.ui.d.b]     [2/7]       62:         .andExpect(MockMvcResultMatchers.content()
15:30:47.410 [DEBUG] [Creating][pool-2-thread-1][c.d.cover.ui.d.b]     [2/7]       63:             .string("<Response><timestamp>19/11/2023 15:30:45</timestamp><statusCode>204</statusCode><statusMsg>Account"
15:30:47.410 [DEBUG] [Creating][pool-2-thread-1][c.d.cover.ui.d.b]     [2/7]       64:                 + " successfully deleted</statusMsg></Response>"));
15:30:47.410 [DEBUG] [Creating][pool-2-thread-1][c.d.cover.ui.d.b]     [2/7]       65:   }
15:30:47.410 [DEBUG] [Creating][pool-2-thread-1][c.d.cover.ui.d.b]     [2/7]       66: }
15:30:47.410 [DEBUG] [Creating][pool-2-thread-1][c.d.cover.ui.d.b]     [2/7]       67: 
15:30:47.410 [DEBUG] [Creating][pool-2-thread-1][c.d.cover.ui.d.b]     [2/7]     Error: Response content expected:<<Response><timestamp>19/11/2023 15:30:45</timestamp><statusCode>204</statusCode><statusMsg>Account successfully deleted</statusMsg></Response>> but was:<<Response><timestamp>19/11/2023 15:30:46</timestamp><statusCode>204</statusCode><statusMsg>Account successfully deleted</statusMsg></Response>>
15:30:47.410 [INFO]  [Creating][pool-2-thread-1][c.d.cover.ui.d.b]     [2/7]   Warnings:
15:30:47.410 [INFO]  [Creating][pool-2-thread-1][c.d.cover.ui.d.b]     [2/7]   Diffblue AI was unable to find a test
15:30:47.410 [DEBUG] [Creating][pool-2-thread-1][c.d.cover.ui.d.b]     [2/7]   W002: Test compiled, but did not pass
15:30:47.410 [DEBUG] [Creating][pool-2-thread-1][c.d.cover.ui.d.b]     [2/7]     Diffblue Cover removed the following test because it did not pass when run.
15:30:47.410 [DEBUG] [Creating][pool-2-thread-1][c.d.cover.ui.d.b]     [2/7]     File C:\Users\eloma\AppData\Local\Temp\AccountControllerDiffblueTest13277656045413549817.java, 67 lines:
15:30:47.410 [DEBUG] [Creating][pool-2-thread-1][c.d.cover.ui.d.b]     [2/7]        1: package ma.uiz.observatoire.controller;
15:30:47.410 [DEBUG] [Creating][pool-2-thread-1][c.d.cover.ui.d.b]     [2/7]        2: 
15:30:47.410 [DEBUG] [Creating][pool-2-thread-1][c.d.cover.ui.d.b]     [2/7]        3: import static org.mockito.Mockito.anyInt;
15:30:47.410 [DEBUG] [Creating][pool-2-thread-1][c.d.cover.ui.d.b]     [2/7]        4: import static org.mockito.Mockito.doNothing;
15:30:47.410 [DEBUG] [Creating][pool-2-thread-1][c.d.cover.ui.d.b]     [2/7]        5: import static org.mockito.Mockito.when;
15:30:47.410 [DEBUG] [Creating][pool-2-thread-1][c.d.cover.ui.d.b]     [2/7]        6: import ma.uiz.observatoire.service.AccountService;
15:30:47.410 [DEBUG] [Creating][pool-2-thread-1][c.d.cover.ui.d.b]     [2/7]        7: import org.junit.jupiter.api.Test;
15:30:47.410 [DEBUG] [Creating][pool-2-thread-1][c.d.cover.ui.d.b]     [2/7]        8: import org.junit.jupiter.api.extension.ExtendWith;
15:30:47.410 [DEBUG] [Creating][pool-2-thread-1][c.d.cover.ui.d.b]     [2/7]        9: import org.springframework.beans.factory.annotation.Autowired;
15:30:47.410 [DEBUG] [Creating][pool-2-thread-1][c.d.cover.ui.d.b]     [2/7]       10: import org.springframework.boot.test.mock.mockito.MockBean;
15:30:47.410 [DEBUG] [Creating][pool-2-thread-1][c.d.cover.ui.d.b]     [2/7]       11: import org.springframework.test.context.ContextConfiguration;
15:30:47.410 [DEBUG] [Creating][pool-2-thread-1][c.d.cover.ui.d.b]     [2/7]       12: import org.springframework.test.context.junit.jupiter.SpringExtension;
15:30:47.410 [DEBUG] [Creating][pool-2-thread-1][c.d.cover.ui.d.b]     [2/7]       13: import org.springframework.test.web.servlet.ResultActions;
15:30:47.410 [DEBUG] [Creating][pool-2-thread-1][c.d.cover.ui.d.b]     [2/7]       14: import org.springframework.test.web.servlet.request.MockHttpServletRequestBuilder;
15:30:47.410 [DEBUG] [Creating][pool-2-thread-1][c.d.cover.ui.d.b]     [2/7]       15: import org.springframework.test.web.servlet.request.MockMvcRequestBuilders;
15:30:47.410 [DEBUG] [Creating][pool-2-thread-1][c.d.cover.ui.d.b]     [2/7]       16: import org.springframework.test.web.servlet.result.MockMvcResultMatchers;
15:30:47.410 [DEBUG] [Creating][pool-2-thread-1][c.d.cover.ui.d.b]     [2/7]       17: import org.springframework.test.web.servlet.setup.MockMvcBuilders;
15:30:47.410 [DEBUG] [Creating][pool-2-thread-1][c.d.cover.ui.d.b]     [2/7]       18: 
15:30:47.410 [DEBUG] [Creating][pool-2-thread-1][c.d.cover.ui.d.b]     [2/7]       19: @ContextConfiguration(classes = {AccountController.class})
15:30:47.410 [DEBUG] [Creating][pool-2-thread-1][c.d.cover.ui.d.b]     [2/7]       20: @ExtendWith(SpringExtension.class)
15:30:47.410 [DEBUG] [Creating][pool-2-thread-1][c.d.cover.ui.d.b]     [2/7]       21: class AccountControllerDiffblueTest13277656045413549817 {
15:30:47.410 [DEBUG] [Creating][pool-2-thread-1][c.d.cover.ui.d.b]     [2/7]       22:   @Autowired
15:30:47.410 [DEBUG] [Creating][pool-2-thread-1][c.d.cover.ui.d.b]     [2/7]       23:   private AccountController accountController;
15:30:47.410 [DEBUG] [Creating][pool-2-thread-1][c.d.cover.ui.d.b]     [2/7]       24: 
15:30:47.410 [DEBUG] [Creating][pool-2-thread-1][c.d.cover.ui.d.b]     [2/7]       25:   @MockBean
15:30:47.410 [DEBUG] [Creating][pool-2-thread-1][c.d.cover.ui.d.b]     [2/7]       26:   private AccountService accountService;
15:30:47.410 [DEBUG] [Creating][pool-2-thread-1][c.d.cover.ui.d.b]     [2/7]       27:   /**
15:30:47.410 [DEBUG] [Creating][pool-2-thread-1][c.d.cover.ui.d.b]     [2/7]       28:   * Method under test: {@link AccountController#countAccount()}
15:30:47.410 [DEBUG] [Creating][pool-2-thread-1][c.d.cover.ui.d.b]     [2/7]       29:   */
15:30:47.410 [DEBUG] [Creating][pool-2-thread-1][c.d.cover.ui.d.b]     [2/7]       30:   @Test
15:30:47.410 [DEBUG] [Creating][pool-2-thread-1][c.d.cover.ui.d.b]     [2/7]       31:   void testCountAccount() throws Exception {
15:30:47.410 [DEBUG] [Creating][pool-2-thread-1][c.d.cover.ui.d.b]     [2/7]       32:     // Arrange
15:30:47.410 [DEBUG] [Creating][pool-2-thread-1][c.d.cover.ui.d.b]     [2/7]       33:     when(accountService.count()).thenReturn(3L);
15:30:47.410 [DEBUG] [Creating][pool-2-thread-1][c.d.cover.ui.d.b]     [2/7]       34:     MockHttpServletRequestBuilder requestBuilder = MockMvcRequestBuilders.get("/api/v1/accounts/count");
15:30:47.410 [DEBUG] [Creating][pool-2-thread-1][c.d.cover.ui.d.b]     [2/7]       35: 
15:30:47.410 [DEBUG] [Creating][pool-2-thread-1][c.d.cover.ui.d.b]     [2/7]       36:     // Act and Assert
15:30:47.410 [DEBUG] [Creating][pool-2-thread-1][c.d.cover.ui.d.b]     [2/7]       37:     MockMvcBuilders.standaloneSetup(accountController)
15:30:47.410 [DEBUG] [Creating][pool-2-thread-1][c.d.cover.ui.d.b]     [2/7]       38:         .build()
15:30:47.410 [DEBUG] [Creating][pool-2-thread-1][c.d.cover.ui.d.b]     [2/7]       39:         .perform(requestBuilder)
15:30:47.410 [DEBUG] [Creating][pool-2-thread-1][c.d.cover.ui.d.b]     [2/7]       40:         .andExpect(MockMvcResultMatchers.status().isOk())
15:30:47.410 [DEBUG] [Creating][pool-2-thread-1][c.d.cover.ui.d.b]     [2/7]       41:         .andExpect(MockMvcResultMatchers.content().contentType("application/xml;charset=UTF-8"))
15:30:47.410 [DEBUG] [Creating][pool-2-thread-1][c.d.cover.ui.d.b]     [2/7]       42:         .andExpect(MockMvcResultMatchers.content().string("<Long>3</Long>"));
15:30:47.410 [DEBUG] [Creating][pool-2-thread-1][c.d.cover.ui.d.b]     [2/7]       43:   }
15:30:47.410 [DEBUG] [Creating][pool-2-thread-1][c.d.cover.ui.d.b]     [2/7]       44: 
15:30:47.410 [DEBUG] [Creating][pool-2-thread-1][c.d.cover.ui.d.b]     [2/7]       45:   /**
15:30:47.410 [DEBUG] [Creating][pool-2-thread-1][c.d.cover.ui.d.b]     [2/7]       46:    * Method under test: {@link AccountController#deleteAccount(int)}
15:30:47.410 [DEBUG] [Creating][pool-2-thread-1][c.d.cover.ui.d.b]     [2/7]       47:    */
15:30:47.410 [DEBUG] [Creating][pool-2-thread-1][c.d.cover.ui.d.b]     [2/7]       48:   @Test
15:30:47.410 [DEBUG] [Creating][pool-2-thread-1][c.d.cover.ui.d.b]     [2/7]       49:   void testDeleteAccount() throws Exception {
15:30:47.410 [DEBUG] [Creating][pool-2-thread-1][c.d.cover.ui.d.b]     [2/7]       50:     // Arrange
15:30:47.410 [DEBUG] [Creating][pool-2-thread-1][c.d.cover.ui.d.b]     [2/7]       51:     doNothing().when(accountService).delete(anyInt());
15:30:47.410 [DEBUG] [Creating][pool-2-thread-1][c.d.cover.ui.d.b]     [2/7]       52:     MockHttpServletRequestBuilder requestBuilder = MockMvcRequestBuilders.delete("/api/v1/accounts/{id}", 1);
15:30:47.410 [DEBUG] [Creating][pool-2-thread-1][c.d.cover.ui.d.b]     [2/7]       53: 
15:30:47.410 [DEBUG] [Creating][pool-2-thread-1][c.d.cover.ui.d.b]     [2/7]       54:     // Act
15:30:47.410 [DEBUG] [Creating][pool-2-thread-1][c.d.cover.ui.d.b]     [2/7]       55:     ResultActions actualPerformResult = MockMvcBuilders.standaloneSetup(accountController)
15:30:47.410 [DEBUG] [Creating][pool-2-thread-1][c.d.cover.ui.d.b]     [2/7]       56:         .build()
15:30:47.410 [DEBUG] [Creating][pool-2-thread-1][c.d.cover.ui.d.b]     [2/7]       57:         .perform(requestBuilder);
15:30:47.410 [DEBUG] [Creating][pool-2-thread-1][c.d.cover.ui.d.b]     [2/7]       58: 
15:30:47.410 [DEBUG] [Creating][pool-2-thread-1][c.d.cover.ui.d.b]     [2/7]       59:     // Assert
15:30:47.410 [DEBUG] [Creating][pool-2-thread-1][c.d.cover.ui.d.b]     [2/7]       60:     actualPerformResult.andExpect(MockMvcResultMatchers.status().isNoContent())
15:30:47.410 [DEBUG] [Creating][pool-2-thread-1][c.d.cover.ui.d.b]     [2/7]       61:         .andExpect(MockMvcResultMatchers.content().contentType("application/xml;charset=UTF-8"))
15:30:47.410 [DEBUG] [Creating][pool-2-thread-1][c.d.cover.ui.d.b]     [2/7]       62:         .andExpect(MockMvcResultMatchers.content()
15:30:47.410 [DEBUG] [Creating][pool-2-thread-1][c.d.cover.ui.d.b]     [2/7]       63:             .string("<Response><timestamp>19/11/2023 15:30:45</timestamp><statusCode>204</statusCode><statusMsg>Account"
15:30:47.410 [DEBUG] [Creating][pool-2-thread-1][c.d.cover.ui.d.b]     [2/7]       64:                 + " successfully deleted</statusMsg></Response>"));
15:30:47.410 [DEBUG] [Creating][pool-2-thread-1][c.d.cover.ui.d.b]     [2/7]       65:   }
15:30:47.410 [DEBUG] [Creating][pool-2-thread-1][c.d.cover.ui.d.b]     [2/7]       66: }
15:30:47.410 [DEBUG] [Creating][pool-2-thread-1][c.d.cover.ui.d.b]     [2/7]       67: 
15:30:47.410 [DEBUG] [Creating][pool-2-thread-1][c.d.cover.ui.d.b]     [2/7]     Error: Response content expected:<<Response><timestamp>19/11/2023 15:30:45</timestamp><statusCode>204</statusCode><statusMsg>Account successfully deleted</statusMsg></Response>> but was:<<Response><timestamp>19/11/2023 15:30:46</timestamp><statusCode>204</statusCode><statusMsg>Account successfully deleted</statusMsg></Response>>
15:30:47.410 [INFO]  [Creating][pool-2-thread-1][c.d.cover.ui.d.b]     [2/7]   Diffblue AI was unable to find a test
15:30:47.410 [DEBUG] [Creating][pool-2-thread-1][c.d.cover.ui.d.b]     [2/7]   W002: Test compiled, but did not pass
15:30:47.410 [DEBUG] [Creating][pool-2-thread-1][c.d.cover.ui.d.b]     [2/7]     Diffblue Cover removed the following test because it did not pass when run.
15:30:47.410 [DEBUG] [Creating][pool-2-thread-1][c.d.cover.ui.d.b]     [2/7]     File C:\Users\eloma\AppData\Local\Temp\AccountControllerDiffblueTest8401691730916035439.java, 68 lines:
15:30:47.410 [DEBUG] [Creating][pool-2-thread-1][c.d.cover.ui.d.b]     [2/7]        1: package ma.uiz.observatoire.controller;
15:30:47.410 [DEBUG] [Creating][pool-2-thread-1][c.d.cover.ui.d.b]     [2/7]        2: 
15:30:47.410 [DEBUG] [Creating][pool-2-thread-1][c.d.cover.ui.d.b]     [2/7]        3: import static org.mockito.Mockito.anyInt;
15:30:47.410 [DEBUG] [Creating][pool-2-thread-1][c.d.cover.ui.d.b]     [2/7]        4: import static org.mockito.Mockito.doNothing;
15:30:47.410 [DEBUG] [Creating][pool-2-thread-1][c.d.cover.ui.d.b]     [2/7]        5: import static org.mockito.Mockito.when;
15:30:47.410 [DEBUG] [Creating][pool-2-thread-1][c.d.cover.ui.d.b]     [2/7]        6: import ma.uiz.observatoire.service.AccountService;
15:30:47.410 [DEBUG] [Creating][pool-2-thread-1][c.d.cover.ui.d.b]     [2/7]        7: import org.junit.jupiter.api.Test;
15:30:47.410 [DEBUG] [Creating][pool-2-thread-1][c.d.cover.ui.d.b]     [2/7]        8: import org.junit.jupiter.api.extension.ExtendWith;
15:30:47.410 [DEBUG] [Creating][pool-2-thread-1][c.d.cover.ui.d.b]     [2/7]        9: import org.springframework.beans.factory.annotation.Autowired;
15:30:47.410 [DEBUG] [Creating][pool-2-thread-1][c.d.cover.ui.d.b]     [2/7]       10: import org.springframework.boot.test.mock.mockito.MockBean;
15:30:47.410 [DEBUG] [Creating][pool-2-thread-1][c.d.cover.ui.d.b]     [2/7]       11: import org.springframework.test.context.ContextConfiguration;
15:30:47.410 [DEBUG] [Creating][pool-2-thread-1][c.d.cover.ui.d.b]     [2/7]       12: import org.springframework.test.context.junit.jupiter.SpringExtension;
15:30:47.410 [DEBUG] [Creating][pool-2-thread-1][c.d.cover.ui.d.b]     [2/7]       13: import org.springframework.test.web.servlet.ResultActions;
15:30:47.411 [DEBUG] [Creating][pool-2-thread-1][c.d.cover.ui.d.b]     [2/7]       14: import org.springframework.test.web.servlet.request.MockHttpServletRequestBuilder;
15:30:47.411 [DEBUG] [Creating][pool-2-thread-1][c.d.cover.ui.d.b]     [2/7]       15: import org.springframework.test.web.servlet.request.MockMvcRequestBuilders;
15:30:47.411 [DEBUG] [Creating][pool-2-thread-1][c.d.cover.ui.d.b]     [2/7]       16: import org.springframework.test.web.servlet.result.MockMvcResultMatchers;
15:30:47.411 [DEBUG] [Creating][pool-2-thread-1][c.d.cover.ui.d.b]     [2/7]       17: import org.springframework.test.web.servlet.setup.MockMvcBuilders;
15:30:47.411 [DEBUG] [Creating][pool-2-thread-1][c.d.cover.ui.d.b]     [2/7]       18: 
15:30:47.411 [DEBUG] [Creating][pool-2-thread-1][c.d.cover.ui.d.b]     [2/7]       19: @ContextConfiguration(classes = {AccountController.class})
15:30:47.411 [DEBUG] [Creating][pool-2-thread-1][c.d.cover.ui.d.b]     [2/7]       20: @ExtendWith(SpringExtension.class)
15:30:47.411 [DEBUG] [Creating][pool-2-thread-1][c.d.cover.ui.d.b]     [2/7]       21: class AccountControllerDiffblueTest8401691730916035439 {
15:30:47.411 [DEBUG] [Creating][pool-2-thread-1][c.d.cover.ui.d.b]     [2/7]       22:   @Autowired
15:30:47.411 [DEBUG] [Creating][pool-2-thread-1][c.d.cover.ui.d.b]     [2/7]       23:   private AccountController accountController;
15:30:47.411 [DEBUG] [Creating][pool-2-thread-1][c.d.cover.ui.d.b]     [2/7]       24: 
15:30:47.411 [DEBUG] [Creating][pool-2-thread-1][c.d.cover.ui.d.b]     [2/7]       25:   @MockBean
15:30:47.411 [DEBUG] [Creating][pool-2-thread-1][c.d.cover.ui.d.b]     [2/7]       26:   private AccountService accountService;
15:30:47.411 [DEBUG] [Creating][pool-2-thread-1][c.d.cover.ui.d.b]     [2/7]       27:   /**
15:30:47.411 [DEBUG] [Creating][pool-2-thread-1][c.d.cover.ui.d.b]     [2/7]       28:   * Method under test: {@link AccountController#countAccount()}
15:30:47.411 [DEBUG] [Creating][pool-2-thread-1][c.d.cover.ui.d.b]     [2/7]       29:   */
15:30:47.411 [DEBUG] [Creating][pool-2-thread-1][c.d.cover.ui.d.b]     [2/7]       30:   @Test
15:30:47.411 [DEBUG] [Creating][pool-2-thread-1][c.d.cover.ui.d.b]     [2/7]       31:   void testCountAccount() throws Exception {
15:30:47.411 [DEBUG] [Creating][pool-2-thread-1][c.d.cover.ui.d.b]     [2/7]       32:     // Arrange
15:30:47.411 [DEBUG] [Creating][pool-2-thread-1][c.d.cover.ui.d.b]     [2/7]       33:     when(accountService.count()).thenReturn(3L);
15:30:47.411 [DEBUG] [Creating][pool-2-thread-1][c.d.cover.ui.d.b]     [2/7]       34:     MockHttpServletRequestBuilder requestBuilder = MockMvcRequestBuilders.get("/api/v1/accounts/count");
15:30:47.411 [DEBUG] [Creating][pool-2-thread-1][c.d.cover.ui.d.b]     [2/7]       35: 
15:30:47.412 [DEBUG] [Creating][pool-2-thread-1][c.d.cover.ui.d.b]     [2/7]       36:     // Act and Assert
15:30:47.412 [DEBUG] [Creating][pool-2-thread-1][c.d.cover.ui.d.b]     [2/7]       37:     MockMvcBuilders.standaloneSetup(accountController)
15:30:47.412 [DEBUG] [Creating][pool-2-thread-1][c.d.cover.ui.d.b]     [2/7]       38:         .build()
15:30:47.412 [DEBUG] [Creating][pool-2-thread-1][c.d.cover.ui.d.b]     [2/7]       39:         .perform(requestBuilder)
15:30:47.412 [DEBUG] [Creating][pool-2-thread-1][c.d.cover.ui.d.b]     [2/7]       40:         .andExpect(MockMvcResultMatchers.status().isOk())
15:30:47.412 [DEBUG] [Creating][pool-2-thread-1][c.d.cover.ui.d.b]     [2/7]       41:         .andExpect(MockMvcResultMatchers.content().contentType("application/xml;charset=UTF-8"))
15:30:47.412 [DEBUG] [Creating][pool-2-thread-1][c.d.cover.ui.d.b]     [2/7]       42:         .andExpect(MockMvcResultMatchers.content().string("<Long>3</Long>"));
15:30:47.412 [DEBUG] [Creating][pool-2-thread-1][c.d.cover.ui.d.b]     [2/7]       43:   }
15:30:47.412 [DEBUG] [Creating][pool-2-thread-1][c.d.cover.ui.d.b]     [2/7]       44: 
15:30:47.412 [DEBUG] [Creating][pool-2-thread-1][c.d.cover.ui.d.b]     [2/7]       45:   /**
15:30:47.412 [DEBUG] [Creating][pool-2-thread-1][c.d.cover.ui.d.b]     [2/7]       46:    * Method under test: {@link AccountController#deleteAccount(int)}
15:30:47.412 [DEBUG] [Creating][pool-2-thread-1][c.d.cover.ui.d.b]     [2/7]       47:    */
15:30:47.412 [DEBUG] [Creating][pool-2-thread-1][c.d.cover.ui.d.b]     [2/7]       48:   @Test
15:30:47.412 [DEBUG] [Creating][pool-2-thread-1][c.d.cover.ui.d.b]     [2/7]       49:   void testDeleteAccount() throws Exception {
15:30:47.412 [DEBUG] [Creating][pool-2-thread-1][c.d.cover.ui.d.b]     [2/7]       50:     // Arrange
15:30:47.412 [DEBUG] [Creating][pool-2-thread-1][c.d.cover.ui.d.b]     [2/7]       51:     doNothing().when(accountService).delete(anyInt());
15:30:47.412 [DEBUG] [Creating][pool-2-thread-1][c.d.cover.ui.d.b]     [2/7]       52:     MockHttpServletRequestBuilder requestBuilder = MockMvcRequestBuilders.delete("/api/v1/accounts/{id}", 1);
15:30:47.412 [DEBUG] [Creating][pool-2-thread-1][c.d.cover.ui.d.b]     [2/7]       53:     requestBuilder.contentType("https://example.org/example");
15:30:47.412 [DEBUG] [Creating][pool-2-thread-1][c.d.cover.ui.d.b]     [2/7]       54: 
15:30:47.412 [DEBUG] [Creating][pool-2-thread-1][c.d.cover.ui.d.b]     [2/7]       55:     // Act
15:30:47.412 [DEBUG] [Creating][pool-2-thread-1][c.d.cover.ui.d.b]     [2/7]       56:     ResultActions actualPerformResult = MockMvcBuilders.standaloneSetup(accountController)
15:30:47.412 [DEBUG] [Creating][pool-2-thread-1][c.d.cover.ui.d.b]     [2/7]       57:         .build()
15:30:47.412 [DEBUG] [Creating][pool-2-thread-1][c.d.cover.ui.d.b]     [2/7]       58:         .perform(requestBuilder);
15:30:47.412 [DEBUG] [Creating][pool-2-thread-1][c.d.cover.ui.d.b]     [2/7]       59: 
15:30:47.412 [DEBUG] [Creating][pool-2-thread-1][c.d.cover.ui.d.b]     [2/7]       60:     // Assert
15:30:47.412 [DEBUG] [Creating][pool-2-thread-1][c.d.cover.ui.d.b]     [2/7]       61:     actualPerformResult.andExpect(MockMvcResultMatchers.status().isNoContent())
15:30:47.412 [DEBUG] [Creating][pool-2-thread-1][c.d.cover.ui.d.b]     [2/7]       62:         .andExpect(MockMvcResultMatchers.content().contentType("application/xml;charset=UTF-8"))
15:30:47.412 [DEBUG] [Creating][pool-2-thread-1][c.d.cover.ui.d.b]     [2/7]       63:         .andExpect(MockMvcResultMatchers.content()
15:30:47.412 [DEBUG] [Creating][pool-2-thread-1][c.d.cover.ui.d.b]     [2/7]       64:             .string("<Response><timestamp>19/11/2023 15:30:45</timestamp><statusCode>204</statusCode><statusMsg>Account"
15:30:47.412 [DEBUG] [Creating][pool-2-thread-1][c.d.cover.ui.d.b]     [2/7]       65:                 + " successfully deleted</statusMsg></Response>"));
15:30:47.412 [DEBUG] [Creating][pool-2-thread-1][c.d.cover.ui.d.b]     [2/7]       66:   }
15:30:47.412 [DEBUG] [Creating][pool-2-thread-1][c.d.cover.ui.d.b]     [2/7]       67: }
15:30:47.412 [DEBUG] [Creating][pool-2-thread-1][c.d.cover.ui.d.b]     [2/7]       68: 
15:30:47.412 [DEBUG] [Creating][pool-2-thread-1][c.d.cover.ui.d.b]     [2/7]     Error: Response content expected:<<Response><timestamp>19/11/2023 15:30:45</timestamp><statusCode>204</statusCode><statusMsg>Account successfully deleted</statusMsg></Response>> but was:<<Response><timestamp>19/11/2023 15:30:47</timestamp><statusCode>204</statusCode><statusMsg>Account successfully deleted</statusMsg></Response>>
15:30:47.416 [INFO]  [Creating][analyzer-service:TimedExecutor-362][c.d.fuzztest.f.e] 
================================================================================
= Creating tests for 'ma.uiz.observatoire.controller.AccountController.displayAccount:(I)Lorg/springframework/http/ResponseEntity;' using 'SCo[SB] (sp, !fnm, df, !ris)'
================================================================================
15:30:47.423 [DEBUG] [Creating][analyzer-service:TimedExecutor-362][c.d.cover.d.c.t] Xml configuration location tried |                                                                             failure reason

15:31:01.495 [DEBUG] [Creating][analyzer-service:TimedExecutor-362][c.d.fuzztest.b.e] Refinement loop done: 1 seeds, 1+0 new+accumulated tests, 1+0 tests+partial tests, 335/333 its
15:31:01.746 [INFO]  [Creating][analyzer-service:grpc-default-executor-0][c.d.fuzztest.f.w] Created 1+0 tests and partial tests via 'SCo[SB] (sp, !fnm, df, !ris)', 1/2, returning all 1
15:31:02.364 [INFO]  [Creating][pool-2-thread-1][c.d.cover.j.d.c] Test execution failed for method ma.uiz.observatoire.controller.AccountController.displayAccount
15:31:02.364 [INFO]  [Creating][pool-2-thread-1][c.d.cover.j.d.c] Failure reason: Response content expected:<<Account><userName>janedoe</userName><password>iloveyou</password><email>jane.doe@example.org</email><enabled>true</enabled><mobileNumber>42</mobileNumber><conversations/><accountRoles/><authorities/><username>jane.doe@example.org</username><accountNonLocked>true</accountNonLocked><accountNonExpired>true</accountNonExpired><credentialsNonExpired>true</credentialsNonExpired><key>1</key></Account>> but was:<<Account><userName>janedoe</userName><password>iloveyou</password><email>jane.doe@example.org</email><enabled>true</enabled><mobileNumber>42</mobileNumber><conversations/><accountRoles/><username>jane.doe@example.org</username><accountNonLocked>true</accountNonLocked><authorities/><credentialsNonExpired>true</credentialsNonExpired><accountNonExpired>true</accountNonExpired><key>1</key></Account>>
15:31:02.373 [INFO]  [Creating][pool-2-thread-1][c.d.cover.ui.d.b]     [3/7] ma.uiz.observatoire.controller.AccountController.displayAccount
15:31:02.373 [INFO]  [Creating][pool-2-thread-1][c.d.cover.ui.d.b]     [3/7]   Diffblue AI was unable to find a test
15:31:02.373 [DEBUG] [Creating][pool-2-thread-1][c.d.cover.ui.d.b]     [3/7]   W002: Test compiled, but did not pass
15:31:02.373 [DEBUG] [Creating][pool-2-thread-1][c.d.cover.ui.d.b]     [3/7]     Diffblue Cover removed the following test because it did not pass when run.
15:31:02.373 [DEBUG] [Creating][pool-2-thread-1][c.d.cover.ui.d.b]     [3/7]     File C:\Users\eloma\AppData\Local\Temp\AccountControllerDiffblueTest9050013495334784156.java, 82 lines:
15:31:02.373 [DEBUG] [Creating][pool-2-thread-1][c.d.cover.ui.d.b]     [3/7]        1: package ma.uiz.observatoire.controller;
15:31:02.373 [DEBUG] [Creating][pool-2-thread-1][c.d.cover.ui.d.b]     [3/7]        2: 
15:31:02.373 [DEBUG] [Creating][pool-2-thread-1][c.d.cover.ui.d.b]     [3/7]        3: import static org.mockito.Mockito.anyInt;
15:31:02.373 [DEBUG] [Creating][pool-2-thread-1][c.d.cover.ui.d.b]     [3/7]        4: import static org.mockito.Mockito.when;
15:31:02.373 [DEBUG] [Creating][pool-2-thread-1][c.d.cover.ui.d.b]     [3/7]        5: import java.time.LocalDate;
15:31:02.373 [DEBUG] [Creating][pool-2-thread-1][c.d.cover.ui.d.b]     [3/7]        6: import java.util.HashSet;
15:31:02.373 [DEBUG] [Creating][pool-2-thread-1][c.d.cover.ui.d.b]     [3/7]        7: import ma.uiz.observatoire.model.Account;
15:31:02.373 [DEBUG] [Creating][pool-2-thread-1][c.d.cover.ui.d.b]     [3/7]        8: import ma.uiz.observatoire.service.AccountService;
15:31:02.373 [DEBUG] [Creating][pool-2-thread-1][c.d.cover.ui.d.b]     [3/7]        9: import org.junit.jupiter.api.Test;
15:31:02.373 [DEBUG] [Creating][pool-2-thread-1][c.d.cover.ui.d.b]     [3/7]       10: import org.junit.jupiter.api.extension.ExtendWith;
15:31:02.373 [DEBUG] [Creating][pool-2-thread-1][c.d.cover.ui.d.b]     [3/7]       11: import org.springframework.beans.factory.annotation.Autowired;
15:31:02.373 [DEBUG] [Creating][pool-2-thread-1][c.d.cover.ui.d.b]     [3/7]       12: import org.springframework.boot.test.mock.mockito.MockBean;
15:31:02.373 [DEBUG] [Creating][pool-2-thread-1][c.d.cover.ui.d.b]     [3/7]       13: import org.springframework.test.context.ContextConfiguration;
15:31:02.373 [DEBUG] [Creating][pool-2-thread-1][c.d.cover.ui.d.b]     [3/7]       14: import org.springframework.test.context.junit.jupiter.SpringExtension;
15:31:02.373 [DEBUG] [Creating][pool-2-thread-1][c.d.cover.ui.d.b]     [3/7]       15: import org.springframework.test.web.servlet.request.MockHttpServletRequestBuilder;
15:31:02.373 [DEBUG] [Creating][pool-2-thread-1][c.d.cover.ui.d.b]     [3/7]       16: import org.springframework.test.web.servlet.request.MockMvcRequestBuilders;
15:31:02.373 [DEBUG] [Creating][pool-2-thread-1][c.d.cover.ui.d.b]     [3/7]       17: import org.springframework.test.web.servlet.result.MockMvcResultMatchers;
15:31:02.373 [DEBUG] [Creating][pool-2-thread-1][c.d.cover.ui.d.b]     [3/7]       18: import org.springframework.test.web.servlet.setup.MockMvcBuilders;
15:31:02.373 [DEBUG] [Creating][pool-2-thread-1][c.d.cover.ui.d.b]     [3/7]       19: 
15:31:02.373 [DEBUG] [Creating][pool-2-thread-1][c.d.cover.ui.d.b]     [3/7]       20: @ContextConfiguration(classes = {AccountController.class})
15:31:02.373 [DEBUG] [Creating][pool-2-thread-1][c.d.cover.ui.d.b]     [3/7]       21: @ExtendWith(SpringExtension.class)
15:31:02.373 [DEBUG] [Creating][pool-2-thread-1][c.d.cover.ui.d.b]     [3/7]       22: class AccountControllerDiffblueTest9050013495334784156 {
15:31:02.373 [DEBUG] [Creating][pool-2-thread-1][c.d.cover.ui.d.b]     [3/7]       23:   @Autowired
15:31:02.373 [DEBUG] [Creating][pool-2-thread-1][c.d.cover.ui.d.b]     [3/7]       24:   private AccountController accountController;
15:31:02.373 [DEBUG] [Creating][pool-2-thread-1][c.d.cover.ui.d.b]     [3/7]       25: 
15:31:02.373 [DEBUG] [Creating][pool-2-thread-1][c.d.cover.ui.d.b]     [3/7]       26:   @MockBean
15:31:02.373 [DEBUG] [Creating][pool-2-thread-1][c.d.cover.ui.d.b]     [3/7]       27:   private AccountService accountService;
15:31:02.373 [DEBUG] [Creating][pool-2-thread-1][c.d.cover.ui.d.b]     [3/7]       28:   /**
15:31:02.373 [DEBUG] [Creating][pool-2-thread-1][c.d.cover.ui.d.b]     [3/7]       29:   * Method under test: {@link AccountController#countAccount()}
15:31:02.373 [DEBUG] [Creating][pool-2-thread-1][c.d.cover.ui.d.b]     [3/7]       30:   */
15:31:02.373 [DEBUG] [Creating][pool-2-thread-1][c.d.cover.ui.d.b]     [3/7]       31:   @Test
15:31:02.374 [DEBUG] [Creating][pool-2-thread-1][c.d.cover.ui.d.b]     [3/7]       32:   void testCountAccount() throws Exception {
15:31:02.374 [DEBUG] [Creating][pool-2-thread-1][c.d.cover.ui.d.b]     [3/7]       33:     // Arrange
15:31:02.374 [DEBUG] [Creating][pool-2-thread-1][c.d.cover.ui.d.b]     [3/7]       34:     when(accountService.count()).thenReturn(3L);
15:31:02.374 [DEBUG] [Creating][pool-2-thread-1][c.d.cover.ui.d.b]     [3/7]       35:     MockHttpServletRequestBuilder requestBuilder = MockMvcRequestBuilders.get("/api/v1/accounts/count");
15:31:02.374 [DEBUG] [Creating][pool-2-thread-1][c.d.cover.ui.d.b]     [3/7]       36: 
15:31:02.374 [DEBUG] [Creating][pool-2-thread-1][c.d.cover.ui.d.b]     [3/7]       37:     // Act and Assert
15:31:02.374 [DEBUG] [Creating][pool-2-thread-1][c.d.cover.ui.d.b]     [3/7]       38:     MockMvcBuilders.standaloneSetup(accountController)
15:31:02.374 [DEBUG] [Creating][pool-2-thread-1][c.d.cover.ui.d.b]     [3/7]       39:         .build()
15:31:02.374 [DEBUG] [Creating][pool-2-thread-1][c.d.cover.ui.d.b]     [3/7]       40:         .perform(requestBuilder)
15:31:02.374 [DEBUG] [Creating][pool-2-thread-1][c.d.cover.ui.d.b]     [3/7]       41:         .andExpect(MockMvcResultMatchers.status().isOk())
15:31:02.374 [DEBUG] [Creating][pool-2-thread-1][c.d.cover.ui.d.b]     [3/7]       42:         .andExpect(MockMvcResultMatchers.content().contentType("application/xml;charset=UTF-8"))
15:31:02.374 [DEBUG] [Creating][pool-2-thread-1][c.d.cover.ui.d.b]     [3/7]       43:         .andExpect(MockMvcResultMatchers.content().string("<Long>3</Long>"));
15:31:02.374 [DEBUG] [Creating][pool-2-thread-1][c.d.cover.ui.d.b]     [3/7]       44:   }
15:31:02.374 [DEBUG] [Creating][pool-2-thread-1][c.d.cover.ui.d.b]     [3/7]       45: 
15:31:02.374 [DEBUG] [Creating][pool-2-thread-1][c.d.cover.ui.d.b]     [3/7]       46:   /**
15:31:02.374 [DEBUG] [Creating][pool-2-thread-1][c.d.cover.ui.d.b]     [3/7]       47:    * Method under test: {@link AccountController#displayAccount(int)}
15:31:02.374 [DEBUG] [Creating][pool-2-thread-1][c.d.cover.ui.d.b]     [3/7]       48:    */
15:31:02.374 [DEBUG] [Creating][pool-2-thread-1][c.d.cover.ui.d.b]     [3/7]       49:   @Test
15:31:02.374 [DEBUG] [Creating][pool-2-thread-1][c.d.cover.ui.d.b]     [3/7]       50:   void testDisplayAccount() throws Exception {
15:31:02.374 [DEBUG] [Creating][pool-2-thread-1][c.d.cover.ui.d.b]     [3/7]       51:     // Arrange
15:31:02.374 [DEBUG] [Creating][pool-2-thread-1][c.d.cover.ui.d.b]     [3/7]       52:     Account account = new Account();
15:31:02.374 [DEBUG] [Creating][pool-2-thread-1][c.d.cover.ui.d.b]     [3/7]       53:     account.setAccountId(1);
15:31:02.374 [DEBUG] [Creating][pool-2-thread-1][c.d.cover.ui.d.b]     [3/7]       54:     account.setAccountRoles(new HashSet<>());
15:31:02.374 [DEBUG] [Creating][pool-2-thread-1][c.d.cover.ui.d.b]     [3/7]       55:     account.setConversations(new HashSet<>());
15:31:02.374 [DEBUG] [Creating][pool-2-thread-1][c.d.cover.ui.d.b]     [3/7]       56:     account.setCreatedAt(LocalDate.of(1970, 1, 1).atStartOfDay());
15:31:02.374 [DEBUG] [Creating][pool-2-thread-1][c.d.cover.ui.d.b]     [3/7]       57:     account.setCreatedBy("Jan 1, 2020 8:00am GMT+0100");
15:31:02.374 [DEBUG] [Creating][pool-2-thread-1][c.d.cover.ui.d.b]     [3/7]       58:     account.setEmail("jane.doe@example.org");
15:31:02.374 [DEBUG] [Creating][pool-2-thread-1][c.d.cover.ui.d.b]     [3/7]       59:     account.setEnabled(true);
15:31:02.374 [DEBUG] [Creating][pool-2-thread-1][c.d.cover.ui.d.b]     [3/7]       60:     account.setMobileNumber("42");
15:31:02.374 [DEBUG] [Creating][pool-2-thread-1][c.d.cover.ui.d.b]     [3/7]       61:     account.setPassword("iloveyou");
15:31:02.374 [DEBUG] [Creating][pool-2-thread-1][c.d.cover.ui.d.b]     [3/7]       62:     account.setUpdatedAt(LocalDate.of(1970, 1, 1).atStartOfDay());
15:31:02.374 [DEBUG] [Creating][pool-2-thread-1][c.d.cover.ui.d.b]     [3/7]       63:     account.setUpdatedBy("2020-03-01");
15:31:02.374 [DEBUG] [Creating][pool-2-thread-1][c.d.cover.ui.d.b]     [3/7]       64:     account.setUserName("janedoe");
15:31:02.374 [DEBUG] [Creating][pool-2-thread-1][c.d.cover.ui.d.b]     [3/7]       65:     when(accountService.find(anyInt())).thenReturn(account);
15:31:02.374 [DEBUG] [Creating][pool-2-thread-1][c.d.cover.ui.d.b]     [3/7]       66:     MockHttpServletRequestBuilder requestBuilder = MockMvcRequestBuilders.get("/api/v1/accounts/{id}", 1);
15:31:02.374 [DEBUG] [Creating][pool-2-thread-1][c.d.cover.ui.d.b]     [3/7]       67: 
15:31:02.374 [DEBUG] [Creating][pool-2-thread-1][c.d.cover.ui.d.b]     [3/7]       68:     // Act and Assert
15:31:02.374 [DEBUG] [Creating][pool-2-thread-1][c.d.cover.ui.d.b]     [3/7]       69:     MockMvcBuilders.standaloneSetup(accountController)
15:31:02.374 [DEBUG] [Creating][pool-2-thread-1][c.d.cover.ui.d.b]     [3/7]       70:         .build()
15:31:02.374 [DEBUG] [Creating][pool-2-thread-1][c.d.cover.ui.d.b]     [3/7]       71:         .perform(requestBuilder)
15:31:02.374 [DEBUG] [Creating][pool-2-thread-1][c.d.cover.ui.d.b]     [3/7]       72:         .andExpect(MockMvcResultMatchers.status().isOk())
15:31:02.374 [DEBUG] [Creating][pool-2-thread-1][c.d.cover.ui.d.b]     [3/7]       73:         .andExpect(MockMvcResultMatchers.content().contentType("application/xml;charset=UTF-8"))
15:31:02.374 [DEBUG] [Creating][pool-2-thread-1][c.d.cover.ui.d.b]     [3/7]       74:         .andExpect(MockMvcResultMatchers.content()
15:31:02.374 [DEBUG] [Creating][pool-2-thread-1][c.d.cover.ui.d.b]     [3/7]       75:             .string(
15:31:02.374 [DEBUG] [Creating][pool-2-thread-1][c.d.cover.ui.d.b]     [3/7]       76:                 "<Account><userName>janedoe</userName><password>iloveyou</password><email>jane.doe@example.org</email"
15:31:02.374 [DEBUG] [Creating][pool-2-thread-1][c.d.cover.ui.d.b]     [3/7]       77:                     + "><enabled>true</enabled><mobileNumber>42</mobileNumber><conversations/><accountRoles/><authorities/>"
15:31:02.374 [DEBUG] [Creating][pool-2-thread-1][c.d.cover.ui.d.b]     [3/7]       78:                     + "<username>jane.doe@example.org</username><accountNonLocked>true</accountNonLocked><accountNonExpired"
15:31:02.374 [DEBUG] [Creating][pool-2-thread-1][c.d.cover.ui.d.b]     [3/7]       79:                     + ">true</accountNonExpired><credentialsNonExpired>true</credentialsNonExpired><key>1</key></Account>"));
15:31:02.374 [DEBUG] [Creating][pool-2-thread-1][c.d.cover.ui.d.b]     [3/7]       80:   }
15:31:02.374 [DEBUG] [Creating][pool-2-thread-1][c.d.cover.ui.d.b]     [3/7]       81: }
15:31:02.374 [DEBUG] [Creating][pool-2-thread-1][c.d.cover.ui.d.b]     [3/7]       82: 
15:31:02.374 [DEBUG] [Creating][pool-2-thread-1][c.d.cover.ui.d.b]     [3/7]     Error: Response content expected:<<Account><userName>janedoe</userName><password>iloveyou</password><email>jane.doe@example.org</email><enabled>true</enabled><mobileNumber>42</mobileNumber><conversations/><accountRoles/><authorities/><username>jane.doe@example.org</username><accountNonLocked>true</accountNonLocked><accountNonExpired>true</accountNonExpired><credentialsNonExpired>true</credentialsNonExpired><key>1</key></Account>> but was:<<Account><userName>janedoe</userName><password>iloveyou</password><email>jane.doe@example.org</email><enabled>true</enabled><mobileNumber>42</mobileNumber><conversations/><accountRoles/><username>jane.doe@example.org</username><accountNonLocked>true</accountNonLocked><authorities/><credentialsNonExpired>true</credentialsNonExpired><accountNonExpired>true</accountNonExpired><key>1</key></Account>>
15:31:02.374 [INFO]  [Creating][pool-2-thread-1][c.d.cover.ui.d.b]     [3/7]   Warnings:
15:31:02.374 [INFO]  [Creating][pool-2-thread-1][c.d.cover.ui.d.b]     [3/7]   Diffblue AI was unable to find a test
15:31:02.374 [DEBUG] [Creating][pool-2-thread-1][c.d.cover.ui.d.b]     [3/7]   W002: Test compiled, but did not pass
15:31:02.374 [DEBUG] [Creating][pool-2-thread-1][c.d.cover.ui.d.b]     [3/7]     Diffblue Cover removed the following test because it did not pass when run.
15:31:02.374 [DEBUG] [Creating][pool-2-thread-1][c.d.cover.ui.d.b]     [3/7]     File C:\Users\eloma\AppData\Local\Temp\AccountControllerDiffblueTest9050013495334784156.java, 82 lines:
15:31:02.374 [DEBUG] [Creating][pool-2-thread-1][c.d.cover.ui.d.b]     [3/7]        1: package ma.uiz.observatoire.controller;
15:31:02.374 [DEBUG] [Creating][pool-2-thread-1][c.d.cover.ui.d.b]     [3/7]        2: 
15:31:02.374 [DEBUG] [Creating][pool-2-thread-1][c.d.cover.ui.d.b]     [3/7]        3: import static org.mockito.Mockito.anyInt;
15:31:02.374 [DEBUG] [Creating][pool-2-thread-1][c.d.cover.ui.d.b]     [3/7]        4: import static org.mockito.Mockito.when;
15:31:02.374 [DEBUG] [Creating][pool-2-thread-1][c.d.cover.ui.d.b]     [3/7]        5: import java.time.LocalDate;
15:31:02.374 [DEBUG] [Creating][pool-2-thread-1][c.d.cover.ui.d.b]     [3/7]        6: import java.util.HashSet;
15:31:02.374 [DEBUG] [Creating][pool-2-thread-1][c.d.cover.ui.d.b]     [3/7]        7: import ma.uiz.observatoire.model.Account;
15:31:02.374 [DEBUG] [Creating][pool-2-thread-1][c.d.cover.ui.d.b]     [3/7]        8: import ma.uiz.observatoire.service.AccountService;
15:31:02.374 [DEBUG] [Creating][pool-2-thread-1][c.d.cover.ui.d.b]     [3/7]        9: import org.junit.jupiter.api.Test;
15:31:02.374 [DEBUG] [Creating][pool-2-thread-1][c.d.cover.ui.d.b]     [3/7]       10: import org.junit.jupiter.api.extension.ExtendWith;
15:31:02.374 [DEBUG] [Creating][pool-2-thread-1][c.d.cover.ui.d.b]     [3/7]       11: import org.springframework.beans.factory.annotation.Autowired;
15:31:02.374 [DEBUG] [Creating][pool-2-thread-1][c.d.cover.ui.d.b]     [3/7]       12: import org.springframework.boot.test.mock.mockito.MockBean;
15:31:02.374 [DEBUG] [Creating][pool-2-thread-1][c.d.cover.ui.d.b]     [3/7]       13: import org.springframework.test.context.ContextConfiguration;
15:31:02.374 [DEBUG] [Creating][pool-2-thread-1][c.d.cover.ui.d.b]     [3/7]       14: import org.springframework.test.context.junit.jupiter.SpringExtension;
15:31:02.374 [DEBUG] [Creating][pool-2-thread-1][c.d.cover.ui.d.b]     [3/7]       15: import org.springframework.test.web.servlet.request.MockHttpServletRequestBuilder;
15:31:02.374 [DEBUG] [Creating][pool-2-thread-1][c.d.cover.ui.d.b]     [3/7]       16: import org.springframework.test.web.servlet.request.MockMvcRequestBuilders;
15:31:02.374 [DEBUG] [Creating][pool-2-thread-1][c.d.cover.ui.d.b]     [3/7]       17: import org.springframework.test.web.servlet.result.MockMvcResultMatchers;
15:31:02.374 [DEBUG] [Creating][pool-2-thread-1][c.d.cover.ui.d.b]     [3/7]       18: import org.springframework.test.web.servlet.setup.MockMvcBuilders;
15:31:02.374 [DEBUG] [Creating][pool-2-thread-1][c.d.cover.ui.d.b]     [3/7]       19: 
15:31:02.374 [DEBUG] [Creating][pool-2-thread-1][c.d.cover.ui.d.b]     [3/7]       20: @ContextConfiguration(classes = {AccountController.class})
15:31:02.374 [DEBUG] [Creating][pool-2-thread-1][c.d.cover.ui.d.b]     [3/7]       21: @ExtendWith(SpringExtension.class)
15:31:02.374 [DEBUG] [Creating][pool-2-thread-1][c.d.cover.ui.d.b]     [3/7]       22: class AccountControllerDiffblueTest9050013495334784156 {
15:31:02.374 [DEBUG] [Creating][pool-2-thread-1][c.d.cover.ui.d.b]     [3/7]       23:   @Autowired
15:31:02.374 [DEBUG] [Creating][pool-2-thread-1][c.d.cover.ui.d.b]     [3/7]       24:   private AccountController accountController;
15:31:02.374 [DEBUG] [Creating][pool-2-thread-1][c.d.cover.ui.d.b]     [3/7]       25: 
15:31:02.374 [DEBUG] [Creating][pool-2-thread-1][c.d.cover.ui.d.b]     [3/7]       26:   @MockBean
15:31:02.374 [DEBUG] [Creating][pool-2-thread-1][c.d.cover.ui.d.b]     [3/7]       27:   private AccountService accountService;
15:31:02.374 [DEBUG] [Creating][pool-2-thread-1][c.d.cover.ui.d.b]     [3/7]       28:   /**
15:31:02.374 [DEBUG] [Creating][pool-2-thread-1][c.d.cover.ui.d.b]     [3/7]       29:   * Method under test: {@link AccountController#countAccount()}
15:31:02.374 [DEBUG] [Creating][pool-2-thread-1][c.d.cover.ui.d.b]     [3/7]       30:   */
15:31:02.374 [DEBUG] [Creating][pool-2-thread-1][c.d.cover.ui.d.b]     [3/7]       31:   @Test
15:31:02.374 [DEBUG] [Creating][pool-2-thread-1][c.d.cover.ui.d.b]     [3/7]       32:   void testCountAccount() throws Exception {
15:31:02.374 [DEBUG] [Creating][pool-2-thread-1][c.d.cover.ui.d.b]     [3/7]       33:     // Arrange
15:31:02.374 [DEBUG] [Creating][pool-2-thread-1][c.d.cover.ui.d.b]     [3/7]       34:     when(accountService.count()).thenReturn(3L);
15:31:02.374 [DEBUG] [Creating][pool-2-thread-1][c.d.cover.ui.d.b]     [3/7]       35:     MockHttpServletRequestBuilder requestBuilder = MockMvcRequestBuilders.get("/api/v1/accounts/count");
15:31:02.374 [DEBUG] [Creating][pool-2-thread-1][c.d.cover.ui.d.b]     [3/7]       36: 
15:31:02.374 [DEBUG] [Creating][pool-2-thread-1][c.d.cover.ui.d.b]     [3/7]       37:     // Act and Assert
15:31:02.374 [DEBUG] [Creating][pool-2-thread-1][c.d.cover.ui.d.b]     [3/7]       38:     MockMvcBuilders.standaloneSetup(accountController)
15:31:02.374 [DEBUG] [Creating][pool-2-thread-1][c.d.cover.ui.d.b]     [3/7]       39:         .build()
15:31:02.374 [DEBUG] [Creating][pool-2-thread-1][c.d.cover.ui.d.b]     [3/7]       40:         .perform(requestBuilder)
15:31:02.374 [DEBUG] [Creating][pool-2-thread-1][c.d.cover.ui.d.b]     [3/7]       41:         .andExpect(MockMvcResultMatchers.status().isOk())
15:31:02.374 [DEBUG] [Creating][pool-2-thread-1][c.d.cover.ui.d.b]     [3/7]       42:         .andExpect(MockMvcResultMatchers.content().contentType("application/xml;charset=UTF-8"))
15:31:02.374 [DEBUG] [Creating][pool-2-thread-1][c.d.cover.ui.d.b]     [3/7]       43:         .andExpect(MockMvcResultMatchers.content().string("<Long>3</Long>"));
15:31:02.374 [DEBUG] [Creating][pool-2-thread-1][c.d.cover.ui.d.b]     [3/7]       44:   }
15:31:02.374 [DEBUG] [Creating][pool-2-thread-1][c.d.cover.ui.d.b]     [3/7]       45: 
15:31:02.374 [DEBUG] [Creating][pool-2-thread-1][c.d.cover.ui.d.b]     [3/7]       46:   /**
15:31:02.374 [DEBUG] [Creating][pool-2-thread-1][c.d.cover.ui.d.b]     [3/7]       47:    * Method under test: {@link AccountController#displayAccount(int)}
15:31:02.374 [DEBUG] [Creating][pool-2-thread-1][c.d.cover.ui.d.b]     [3/7]       48:    */
15:31:02.374 [DEBUG] [Creating][pool-2-thread-1][c.d.cover.ui.d.b]     [3/7]       49:   @Test
15:31:02.374 [DEBUG] [Creating][pool-2-thread-1][c.d.cover.ui.d.b]     [3/7]       50:   void testDisplayAccount() throws Exception {
15:31:02.374 [DEBUG] [Creating][pool-2-thread-1][c.d.cover.ui.d.b]     [3/7]       51:     // Arrange
15:31:02.374 [DEBUG] [Creating][pool-2-thread-1][c.d.cover.ui.d.b]     [3/7]       52:     Account account = new Account();
15:31:02.374 [DEBUG] [Creating][pool-2-thread-1][c.d.cover.ui.d.b]     [3/7]       53:     account.setAccountId(1);
15:31:02.374 [DEBUG] [Creating][pool-2-thread-1][c.d.cover.ui.d.b]     [3/7]       54:     account.setAccountRoles(new HashSet<>());
15:31:02.374 [DEBUG] [Creating][pool-2-thread-1][c.d.cover.ui.d.b]     [3/7]       55:     account.setConversations(new HashSet<>());
15:31:02.374 [DEBUG] [Creating][pool-2-thread-1][c.d.cover.ui.d.b]     [3/7]       56:     account.setCreatedAt(LocalDate.of(1970, 1, 1).atStartOfDay());
15:31:02.374 [DEBUG] [Creating][pool-2-thread-1][c.d.cover.ui.d.b]     [3/7]       57:     account.setCreatedBy("Jan 1, 2020 8:00am GMT+0100");
15:31:02.374 [DEBUG] [Creating][pool-2-thread-1][c.d.cover.ui.d.b]     [3/7]       58:     account.setEmail("jane.doe@example.org");
15:31:02.374 [DEBUG] [Creating][pool-2-thread-1][c.d.cover.ui.d.b]     [3/7]       59:     account.setEnabled(true);
15:31:02.374 [DEBUG] [Creating][pool-2-thread-1][c.d.cover.ui.d.b]     [3/7]       60:     account.setMobileNumber("42");
15:31:02.374 [DEBUG] [Creating][pool-2-thread-1][c.d.cover.ui.d.b]     [3/7]       61:     account.setPassword("iloveyou");
15:31:02.374 [DEBUG] [Creating][pool-2-thread-1][c.d.cover.ui.d.b]     [3/7]       62:     account.setUpdatedAt(LocalDate.of(1970, 1, 1).atStartOfDay());
15:31:02.374 [DEBUG] [Creating][pool-2-thread-1][c.d.cover.ui.d.b]     [3/7]       63:     account.setUpdatedBy("2020-03-01");
15:31:02.374 [DEBUG] [Creating][pool-2-thread-1][c.d.cover.ui.d.b]     [3/7]       64:     account.setUserName("janedoe");
15:31:02.374 [DEBUG] [Creating][pool-2-thread-1][c.d.cover.ui.d.b]     [3/7]       65:     when(accountService.find(anyInt())).thenReturn(account);
15:31:02.374 [DEBUG] [Creating][pool-2-thread-1][c.d.cover.ui.d.b]     [3/7]       66:     MockHttpServletRequestBuilder requestBuilder = MockMvcRequestBuilders.get("/api/v1/accounts/{id}", 1);
15:31:02.374 [DEBUG] [Creating][pool-2-thread-1][c.d.cover.ui.d.b]     [3/7]       67: 
15:31:02.375 [DEBUG] [Creating][pool-2-thread-1][c.d.cover.ui.d.b]     [3/7]       68:     // Act and Assert
15:31:02.375 [DEBUG] [Creating][pool-2-thread-1][c.d.cover.ui.d.b]     [3/7]       69:     MockMvcBuilders.standaloneSetup(accountController)
15:31:02.375 [DEBUG] [Creating][pool-2-thread-1][c.d.cover.ui.d.b]     [3/7]       70:         .build()
15:31:02.375 [DEBUG] [Creating][pool-2-thread-1][c.d.cover.ui.d.b]     [3/7]       71:         .perform(requestBuilder)
15:31:02.375 [DEBUG] [Creating][pool-2-thread-1][c.d.cover.ui.d.b]     [3/7]       72:         .andExpect(MockMvcResultMatchers.status().isOk())
15:31:02.375 [DEBUG] [Creating][pool-2-thread-1][c.d.cover.ui.d.b]     [3/7]       73:         .andExpect(MockMvcResultMatchers.content().contentType("application/xml;charset=UTF-8"))
15:31:02.375 [DEBUG] [Creating][pool-2-thread-1][c.d.cover.ui.d.b]     [3/7]       74:         .andExpect(MockMvcResultMatchers.content()
15:31:02.375 [DEBUG] [Creating][pool-2-thread-1][c.d.cover.ui.d.b]     [3/7]       75:             .string(
15:31:02.375 [DEBUG] [Creating][pool-2-thread-1][c.d.cover.ui.d.b]     [3/7]       76:                 "<Account><userName>janedoe</userName><password>iloveyou</password><email>jane.doe@example.org</email"
15:31:02.375 [DEBUG] [Creating][pool-2-thread-1][c.d.cover.ui.d.b]     [3/7]       77:                     + "><enabled>true</enabled><mobileNumber>42</mobileNumber><conversations/><accountRoles/><authorities/>"
15:31:02.375 [DEBUG] [Creating][pool-2-thread-1][c.d.cover.ui.d.b]     [3/7]       78:                     + "<username>jane.doe@example.org</username><accountNonLocked>true</accountNonLocked><accountNonExpired"
15:31:02.375 [DEBUG] [Creating][pool-2-thread-1][c.d.cover.ui.d.b]     [3/7]       79:                     + ">true</accountNonExpired><credentialsNonExpired>true</credentialsNonExpired><key>1</key></Account>"));
15:31:02.375 [DEBUG] [Creating][pool-2-thread-1][c.d.cover.ui.d.b]     [3/7]       80:   }
15:31:02.375 [DEBUG] [Creating][pool-2-thread-1][c.d.cover.ui.d.b]     [3/7]       81: }
15:31:02.375 [DEBUG] [Creating][pool-2-thread-1][c.d.cover.ui.d.b]     [3/7]       82: 
15:31:02.375 [DEBUG] [Creating][pool-2-thread-1][c.d.cover.ui.d.b]     [3/7]     Error: Response content expected:<<Account><userName>janedoe</userName><password>iloveyou</password><email>jane.doe@example.org</email><enabled>true</enabled><mobileNumber>42</mobileNumber><conversations/><accountRoles/><authorities/><username>jane.doe@example.org</username><accountNonLocked>true</accountNonLocked><accountNonExpired>true</accountNonExpired><credentialsNonExpired>true</credentialsNonExpired><key>1</key></Account>> but was:<<Account><userName>janedoe</userName><password>iloveyou</password><email>jane.doe@example.org</email><enabled>true</enabled><mobileNumber>42</mobileNumber><conversations/><accountRoles/><username>jane.doe@example.org</username><accountNonLocked>true</accountNonLocked><authorities/><credentialsNonExpired>true</credentialsNonExpired><accountNonExpired>true</accountNonExpired><key>1</key></Account>>
15:31:02.377 [INFO]  [Creating][analyzer-service:TimedExecutor-601][c.d.fuzztest.f.e] 
================================================================================
= Creating tests for 'ma.uiz.observatoire.controller.AccountController.displayAllAccount:(II)Ljava/util/List;' using 'SCo[SB] (sp, !fnm, df, !ris)'
================================================================================
15:31:02.385 [DEBUG] [Creating][analyzer-service:TimedExecutor-601][c.d.cover.d.c.t] Xml configuration location tried |                                                                             failure reason

15:31:06.146 [DEBUG] [Creating][analyzer-service:TimedExecutor-601][c.d.fuzztest.b.e] Refinement loop done: 1 seeds, 1+0 new+accumulated tests, 1+0 tests+partial tests, 334/333 its
15:31:06.261 [INFO]  [Creating][analyzer-service:grpc-default-executor-0][c.d.fuzztest.f.w] Created 1+0 tests and partial tests via 'SCo[SB] (sp, !fnm, df, !ris)', 1/2, returning all 1
15:31:06.561 [INFO]  [Creating][pool-2-thread-1][c.d.cover.ui.d.b]     [4/7] ma.uiz.observatoire.controller.AccountController.displayAllAccount
15:31:06.561 [INFO]  [Creating][pool-2-thread-1][c.d.cover.ui.d.b]     [4/7]   Tests created: 1
15:31:06.563 [INFO]  [Creating][analyzer-service:TimedExecutor-821][c.d.fuzztest.f.e] 
================================================================================
= Creating tests for 'ma.uiz.observatoire.controller.AccountController.saveAccount:(Lma/uiz/observatoire/model/Account;)Lorg/springframework/http/ResponseEntity;' using 'SCo[SB] (sp, !fnm, df, !ris)'
================================================================================
15:31:06.876 [DEBUG] [Creating][analyzer-service:TimedExecutor-821][c.d.cover.d.c.t] Xml configuration location tried |                                                                             failure reason

15:31:11.289 [DEBUG] [Creating][analyzer-service:TimedExecutor-821][c.d.fuzztest.b.e] Refinement loop done: 1 seeds, 1+0 new+accumulated tests, 1+0 tests+partial tests, 334/333 its
15:31:11.403 [INFO]  [Creating][analyzer-service:grpc-default-executor-0][c.d.fuzztest.f.w] Created 1+0 tests and partial tests via 'SCo[SB] (sp, !fnm, df, !ris)', 1/2, returning all 1
15:31:11.845 [INFO]  [Creating][pool-2-thread-1][c.d.cover.ui.d.b]     [5/7] ma.uiz.observatoire.controller.AccountController.saveAccount
15:31:11.845 [INFO]  [Creating][pool-2-thread-1][c.d.cover.ui.d.b]     [5/7]   Tests created: 1
15:31:11.847 [INFO]  [Creating][analyzer-service:TimedExecutor-1071][c.d.fuzztest.f.e] 
================================================================================
= Creating tests for 'ma.uiz.observatoire.controller.AccountController.updateAccount:(Lma/uiz/observatoire/model/Account;)Lorg/springframework/http/ResponseEntity;' using 'SCo[SB] (sp, !fnm, df, !ris)'
================================================================================
15:31:11.987 [DEBUG] [Creating][analyzer-service:TimedExecutor-1071][c.d.cover.d.c.t] Xml configuration location tried |                                                                             failure reason

15:31:16.217 [DEBUG] [Creating][analyzer-service:TimedExecutor-1071][c.d.fuzztest.b.e] Refinement loop done: 1 seeds, 1+0 new+accumulated tests, 1+0 tests+partial tests, 334/333 its
15:31:16.326 [INFO]  [Creating][analyzer-service:grpc-default-executor-0][c.d.fuzztest.f.w] Created 1+0 tests and partial tests via 'SCo[SB] (sp, !fnm, df, !ris)', 1/2, returning all 1
15:31:16.727 [INFO]  [Creating][pool-2-thread-1][c.d.cover.ui.d.b]     [6/7] ma.uiz.observatoire.controller.AccountController.updateAccount
15:31:16.727 [INFO]  [Creating][pool-2-thread-1][c.d.cover.ui.d.b]     [6/7]   Tests created: 1
15:31:16.763 [INFO]  [Creating][pool-2-thread-1][c.d.cover.ui.d.b]     [7/7] ma.uiz.observatoire.controller.AccountController.<init>
15:31:16.763 [INFO]  [Creating][pool-2-thread-1][c.d.cover.ui.d.b]     [7/7]   T005: Trivial constructor
15:31:16.763 [INFO]  [Creating][pool-2-thread-1][c.d.cover.ui.d.b]     [7/7]     See https://diff.blue/T005
15:31:16.772 [INFO]  [Creating][pool-2-thread-1][c.d.cover.ui.d.b] [1/1] ma.uiz.observatoire.controller.AccountController
15:31:16.773 [INFO]  [Creating][pool-2-thread-1][c.d.cover.ui.d.b] [1/1]   Tests created: 4
15:31:16.773 [DEBUG] [Creating][pool-2-thread-1][c.d.cover.ui.d.b] [1/1]   (4 lines uncovered)
15:31:16.781 [INFO]  [Reporting][pool-2-thread-1][c.d.cover.ui.d.b] 
15:31:16.782 [INFO]  [Reporting][pool-2-thread-1][c.d.cover.ui.d.b] Summary:
15:31:16.783 [INFO]  [Reporting][pool-2-thread-1][c.d.cover.ui.d.b] --------
15:31:16.783 [INFO]  [Reporting][pool-2-thread-1][c.d.cover.ui.d.b] Total:                                               7 methods
15:31:16.784 [INFO]  [Reporting][pool-2-thread-1][c.d.cover.ui.d.b] 4 tests created for:                                 4 methods
15:31:16.785 [DEBUG] [Reporting][pool-2-thread-1][c.d.cover.ui.d.b] (7 out of 11 possible lines covered)
15:31:16.785 [INFO]  [Reporting][pool-2-thread-1][c.d.cover.ui.d.b] 
15:31:16.785 [INFO]  [Reporting][pool-2-thread-1][c.d.cover.ui.d.b] Tested indirectly via other methods:                 1 method
15:31:16.785 [INFO]  [Reporting][pool-2-thread-1][c.d.cover.ui.d.b]     1 T005: Trivial constructor
15:31:16.786 [DEBUG] [Reporting][pool-2-thread-1][c.d.cover.ui.d.b]     (affects 1 line)
15:31:16.786 [INFO]  [Reporting][pool-2-thread-1][c.d.cover.ui.d.b] No tests created for:                                2 methods
15:31:16.786 [DEBUG] [Reporting][pool-2-thread-1][c.d.cover.ui.d.b]     2 W002: Diffblue AI was unable to find a test
15:31:16.787 [DEBUG] [Reporting][pool-2-thread-1][c.d.cover.ui.d.b]     (affects 3 lines)
15:31:17.450 [DEBUG] [Preparing][main][c.l.i.s.LicenseService] [LicenseClientAPI#checkLicense] ---> GET https://api.licensespring.com/api/v4/check_license?is_vm=false&product=cover&sdk_ver=Java%20SDK%20null&hardware_id=8796-10B8-570C-0676-94D0-14B5-C30B-2470-9A13-70AA-3684-9F77-F70F-54F3-B8B9-FB6C&license_key=XXXX-XXXX-XXXX-XXXX HTTP/1.1
15:31:17.585 [DEBUG] [Preparing][main][c.l.i.s.LicenseService] [LicenseClientAPI#checkLicense] <--- UNKNOWN 200  (134ms)
15:31:17.670 [INFO]  [Validating][main][c.d.cover.ui.a.j] 
15:31:17.671 [INFO]  [Validating][main][c.d.cover.ui.a.j] Running validation command.
15:31:17.675 [DEBUG] [Validating][main][c.d.cover.j.c.f] Validating tests with default internal Maven "test" goal: mvn test
15:31:17.675 [INFO]  [Validating][main][c.d.d.d.b] Maven Using ${maven.home} of: C:\Users\eloma\IdeaProjects\ObservatoireUIZ.
15:31:17.676 [INFO]  [Validating][main][c.d.d.d.b] Maven Executing: cmd.exe /X /C "C:\Users\eloma\IdeaProjects\ObservatoireUIZ\mvnw.cmd -B -D maven.clean.failOnError=false -D "maven.ext.class.path=C:\Program Files\Diffblue\cover-buildsystem-maven-spy-jar-with-dependencies.jar" clean test"
15:31:30.732 [INFO]  [Validating][main][c.d.d.c.a] Standard output of build tool (Maven)
15:31:30.732 [INFO]  [Validating][main][c.d.d.c.a] > [INFO] Scanning for projects...
15:31:30.732 [INFO]  [Validating][main][c.d.d.c.a] > [INFO] 
15:31:30.732 [INFO]  [Validating][main][c.d.d.c.a] > [INFO] -----------------------< ma.uiz:ObservatoireUIZ >-----------------------
15:31:30.732 [INFO]  [Validating][main][c.d.d.c.a] > [INFO] Building ObservatoireUIZ 0.0.1-SNAPSHOT
15:31:30.732 [INFO]  [Validating][main][c.d.d.c.a] > [INFO] --------------------------------[ jar ]---------------------------------
15:31:30.732 [INFO]  [Validating][main][c.d.d.c.a] > [DIFFBLUE]DefaultEvent{projectId='ma.uiz:ObservatoireUIZ:jar:0.0.1-SNAPSHOT', goal='clean', cause=, state=STARTED}
15:31:30.732 [INFO]  [Validating][main][c.d.d.c.a] > [INFO] 
15:31:30.732 [INFO]  [Validating][main][c.d.d.c.a] > [INFO] --- maven-clean-plugin:3.2.0:clean (default-clean) @ ObservatoireUIZ ---
15:31:30.732 [INFO]  [Validating][main][c.d.d.c.a] > [INFO] Deleting C:\Users\eloma\IdeaProjects\ObservatoireUIZ\target
15:31:30.732 [INFO]  [Validating][main][c.d.d.c.a] > [DIFFBLUE]DefaultEvent{projectId='ma.uiz:ObservatoireUIZ:jar:0.0.1-SNAPSHOT', goal='clean', cause=, state=SUCCESS}
15:31:30.732 [INFO]  [Validating][main][c.d.d.c.a] > [DIFFBLUE]DefaultEvent{projectId='ma.uiz:ObservatoireUIZ:jar:0.0.1-SNAPSHOT', goal='resources', cause=, state=STARTED}
15:31:30.732 [INFO]  [Validating][main][c.d.d.c.a] > [INFO] 
15:31:30.732 [INFO]  [Validating][main][c.d.d.c.a] > [INFO] --- maven-resources-plugin:3.3.0:resources (default-resources) @ ObservatoireUIZ ---
15:31:30.732 [INFO]  [Validating][main][c.d.d.c.a] > [INFO] Copying 1 resource
15:31:30.732 [INFO]  [Validating][main][c.d.d.c.a] > [INFO] Copying 5 resources
15:31:30.732 [INFO]  [Validating][main][c.d.d.c.a] > [DIFFBLUE]DefaultEvent{projectId='ma.uiz:ObservatoireUIZ:jar:0.0.1-SNAPSHOT', goal='resources', cause=, state=SUCCESS}
15:31:30.732 [INFO]  [Validating][main][c.d.d.c.a] > [DIFFBLUE]DefaultEvent{projectId='ma.uiz:ObservatoireUIZ:jar:0.0.1-SNAPSHOT', goal='compile', cause=, state=STARTED}
15:31:30.732 [INFO]  [Validating][main][c.d.d.c.a] > [INFO] 
15:31:30.732 [INFO]  [Validating][main][c.d.d.c.a] > [INFO] --- maven-compiler-plugin:3.8.1:compile (default-compile) @ ObservatoireUIZ ---
15:31:30.732 [INFO]  [Validating][main][c.d.d.c.a] > [INFO] Changes detected - recompiling the module!
15:31:30.732 [INFO]  [Validating][main][c.d.d.c.a] > [INFO] Compiling 138 source files to C:\Users\eloma\IdeaProjects\ObservatoireUIZ\target\classes
15:31:30.732 [INFO]  [Validating][main][c.d.d.c.a] > [INFO] /C:/Users/eloma/IdeaProjects/ObservatoireUIZ/src/main/java/ma/uiz/observatoire/mapper/OfferMapper.java: C:\Users\eloma\IdeaProjects\ObservatoireUIZ\src\main\java\ma\uiz\observatoire\mapper\OfferMapper.java uses or overrides a deprecated API.
15:31:30.732 [INFO]  [Validating][main][c.d.d.c.a] > [INFO] /C:/Users/eloma/IdeaProjects/ObservatoireUIZ/src/main/java/ma/uiz/observatoire/mapper/OfferMapper.java: Recompile with -Xlint:deprecation for details.
15:31:30.732 [INFO]  [Validating][main][c.d.d.c.a] > [INFO] /C:/Users/eloma/IdeaProjects/ObservatoireUIZ/src/main/java/ma/uiz/observatoire/config/RmeSessionChannelInterceptor.java: C:\Users\eloma\IdeaProjects\ObservatoireUIZ\src\main\java\ma\uiz\observatoire\config\RmeSessionChannelInterceptor.java uses unchecked or unsafe operations.
15:31:30.732 [INFO]  [Validating][main][c.d.d.c.a] > [INFO] /C:/Users/eloma/IdeaProjects/ObservatoireUIZ/src/main/java/ma/uiz/observatoire/config/RmeSessionChannelInterceptor.java: Recompile with -Xlint:unchecked for details.
15:31:30.732 [INFO]  [Validating][main][c.d.d.c.a] > [DIFFBLUE]DefaultEvent{projectId='ma.uiz:ObservatoireUIZ:jar:0.0.1-SNAPSHOT', goal='compile', cause=, state=SUCCESS}
15:31:30.732 [INFO]  [Validating][main][c.d.d.c.a] > [DIFFBLUE]DefaultEvent{projectId='ma.uiz:ObservatoireUIZ:jar:0.0.1-SNAPSHOT', goal='testResources', cause=, state=STARTED}
15:31:30.732 [INFO]  [Validating][main][c.d.d.c.a] > [INFO] 
15:31:30.732 [INFO]  [Validating][main][c.d.d.c.a] > [INFO] --- maven-resources-plugin:3.3.0:testResources (default-testResources) @ ObservatoireUIZ ---
15:31:30.732 [INFO]  [Validating][main][c.d.d.c.a] > [INFO] skip non existing resourceDirectory C:\Users\eloma\IdeaProjects\ObservatoireUIZ\src\test\resources
15:31:30.732 [INFO]  [Validating][main][c.d.d.c.a] > [DIFFBLUE]DefaultEvent{projectId='ma.uiz:ObservatoireUIZ:jar:0.0.1-SNAPSHOT', goal='testResources', cause=, state=SUCCESS}
15:31:30.732 [INFO]  [Validating][main][c.d.d.c.a] > [DIFFBLUE]DefaultEvent{projectId='ma.uiz:ObservatoireUIZ:jar:0.0.1-SNAPSHOT', goal='testCompile', cause=, state=STARTED}
15:31:30.732 [INFO]  [Validating][main][c.d.d.c.a] > [INFO] 
15:31:30.732 [INFO]  [Validating][main][c.d.d.c.a] > [INFO] --- maven-compiler-plugin:3.8.1:testCompile (default-testCompile) @ ObservatoireUIZ ---
15:31:30.732 [INFO]  [Validating][main][c.d.d.c.a] > [INFO] Changes detected - recompiling the module!
15:31:30.732 [INFO]  [Validating][main][c.d.d.c.a] > [INFO] Compiling 3 source files to C:\Users\eloma\IdeaProjects\ObservatoireUIZ\target\test-classes
15:31:30.732 [INFO]  [Validating][main][c.d.d.c.a] > [DIFFBLUE]DefaultEvent{projectId='ma.uiz:ObservatoireUIZ:jar:0.0.1-SNAPSHOT', goal='testCompile', cause=, state=SUCCESS}
15:31:30.732 [INFO]  [Validating][main][c.d.d.c.a] > [DIFFBLUE]DefaultEvent{projectId='ma.uiz:ObservatoireUIZ:jar:0.0.1-SNAPSHOT', goal='test', cause=, state=STARTED}
15:31:30.732 [INFO]  [Validating][main][c.d.d.c.a] > [INFO] 
15:31:30.732 [INFO]  [Validating][main][c.d.d.c.a] > [INFO] --- maven-surefire-plugin:2.22.2:test (default-test) @ ObservatoireUIZ ---
15:31:30.732 [INFO]  [Validating][main][c.d.d.c.a] > [INFO] 
15:31:30.732 [INFO]  [Validating][main][c.d.d.c.a] > [INFO] -------------------------------------------------------
15:31:30.732 [INFO]  [Validating][main][c.d.d.c.a] > [INFO]  T E S T S
15:31:30.732 [INFO]  [Validating][main][c.d.d.c.a] > [INFO] -------------------------------------------------------
15:31:30.732 [INFO]  [Validating][main][c.d.d.c.a] > [INFO] Running ma.uiz.observatoire.controller.AccountControllerTest
15:31:30.732 [INFO]  [Validating][main][c.d.d.c.a] > 15:31:27.733 [main] DEBUG org.springframework.test.context.support.DefaultTestContextBootstrapper - Using ContextCustomizers for test class [AccountControllerDiffblueTest]: [ExcludeFilterContextCustomizer, DuplicateJsonObjectContextCustomizer, MockitoContextCustomizer, DisableObservabilityContextCustomizer, PropertyMappingContextCustomizer, Customizer]
15:31:30.732 [INFO]  [Validating][main][c.d.d.c.a] > 15:31:27.756 [main] DEBUG org.springframework.test.context.support.DefaultTestContextBootstrapper - Using TestExecutionListeners for test class [AccountControllerDiffblueTest]: [ServletTestExecutionListener, DirtiesContextBeforeModesTestExecutionListener, ApplicationEventsTestExecutionListener, MockitoTestExecutionListener, DependencyInjectionTestExecutionListener, DirtiesContextTestExecutionListener, TransactionalTestExecutionListener, SqlScriptsTestExecutionListener, EventPublishingTestExecutionListener, ResetMocksTestExecutionListener, RestDocsTestExecutionListener, MockRestServiceServerResetTestExecutionListener, MockMvcPrintOnlyOnFailureTestExecutionListener, WebDriverTestExecutionListener, MockWebServiceServerTestExecutionListener]
15:31:30.732 [INFO]  [Validating][main][c.d.d.c.a] > 15:31:27.757 [main] DEBUG org.springframework.test.context.support.AbstractDirtiesContextTestExecutionListener - Before test class: class [AccountControllerDiffblueTest], class annotated with @DirtiesContext [false] with mode [null]
15:31:30.732 [INFO]  [Validating][main][c.d.d.c.a] > 15:31:27.769 [main] DEBUG org.springframework.test.context.support.AbstractGenericContextLoader - Loading ApplicationContext for test class ma.uiz.observatoire.controller.AccountControllerTest
15:31:30.732 [INFO]  [Validating][main][c.d.d.c.a] > 15:31:27.799 [main] DEBUG org.springframework.core.env.StandardEnvironment - Activating profiles []
15:31:30.732 [INFO]  [Validating][main][c.d.d.c.a] > 15:31:27.799 [main] DEBUG org.springframework.test.context.support.AnnotationConfigContextLoader - Registering component classes: [ma.uiz.observatoire.controller.AccountController]
15:31:30.732 [INFO]  [Validating][main][c.d.d.c.a] > 15:31:27.834 [main] WARN org.springframework.boot.test.json.DuplicateJsonObjectContextCustomizerFactory$DuplicateJsonObjectContextCustomizer - 
15:31:30.732 [INFO]  [Validating][main][c.d.d.c.a] > 
15:31:30.732 [INFO]  [Validating][main][c.d.d.c.a] > Found multiple occurrences of org.json.JSONObject on the class path:
15:31:30.732 [INFO]  [Validating][main][c.d.d.c.a] > 
15:31:30.732 [INFO]  [Validating][main][c.d.d.c.a] > 	jar:file:/C:/Users/eloma/.m2/repository/com/vaadin/external/google/android-json/0.0.20131108.vaadin1/android-json-0.0.20131108.vaadin1.jar!/org/json/JSONObject.class
15:31:30.733 [INFO]  [Validating][main][c.d.d.c.a] > 	jar:file:/C:/Users/eloma/.m2/repository/org/json/json/20230227/json-20230227.jar!/org/json/JSONObject.class
15:31:30.733 [INFO]  [Validating][main][c.d.d.c.a] > 
15:31:30.733 [INFO]  [Validating][main][c.d.d.c.a] > You may wish to exclude one of them to ensure predictable runtime behavior
15:31:30.733 [INFO]  [Validating][main][c.d.d.c.a] > 
15:31:30.733 [INFO]  [Validating][main][c.d.d.c.a] > 15:31:27.846 [main] DEBUG org.springframework.context.support.GenericApplicationContext - Refreshing org.springframework.context.support.GenericApplicationContext@1cf56a1c
15:31:30.733 [INFO]  [Validating][main][c.d.d.c.a] > 15:31:27.855 [main] DEBUG org.springframework.beans.factory.support.DefaultListableBeanFactory - Creating shared instance of singleton bean 'org.springframework.context.annotation.internalConfigurationAnnotationProcessor'
15:31:30.733 [INFO]  [Validating][main][c.d.d.c.a] > 15:31:27.907 [main] DEBUG org.springframework.beans.factory.support.DefaultListableBeanFactory - Creating shared instance of singleton bean 'org.springframework.boot.test.mock.mockito.MockitoPostProcessor'
15:31:30.733 [INFO]  [Validating][main][c.d.d.c.a] > 15:31:28.372 [main] DEBUG org.springframework.beans.factory.support.DefaultListableBeanFactory - Creating shared instance of singleton bean 'org.springframework.context.event.internalEventListenerProcessor'
15:31:30.733 [INFO]  [Validating][main][c.d.d.c.a] > 15:31:28.374 [main] DEBUG org.springframework.beans.factory.support.DefaultListableBeanFactory - Creating shared instance of singleton bean 'org.springframework.context.event.internalEventListenerFactory'
15:31:30.733 [INFO]  [Validating][main][c.d.d.c.a] > 15:31:28.375 [main] DEBUG org.springframework.beans.factory.support.DefaultListableBeanFactory - Creating shared instance of singleton bean 'org.springframework.context.annotation.internalAutowiredAnnotationProcessor'
15:31:30.733 [INFO]  [Validating][main][c.d.d.c.a] > 15:31:28.376 [main] DEBUG org.springframework.beans.factory.support.DefaultListableBeanFactory - Creating shared instance of singleton bean 'org.springframework.context.annotation.internalCommonAnnotationProcessor'
15:31:30.733 [INFO]  [Validating][main][c.d.d.c.a] > 15:31:28.380 [main] DEBUG org.springframework.beans.factory.support.DefaultListableBeanFactory - Creating shared instance of singleton bean 'org.springframework.context.annotation.internalPersistenceAnnotationProcessor'
15:31:30.733 [INFO]  [Validating][main][c.d.d.c.a] > 15:31:28.381 [main] DEBUG org.springframework.beans.factory.support.DefaultListableBeanFactory - Creating shared instance of singleton bean 'org.springframework.boot.test.mock.mockito.MockitoPostProcessor$SpyPostProcessor'
15:31:30.733 [INFO]  [Validating][main][c.d.d.c.a] > 15:31:28.392 [main] DEBUG org.springframework.beans.factory.support.DefaultListableBeanFactory - Creating shared instance of singleton bean 'accountController'
15:31:30.733 [INFO]  [Validating][main][c.d.d.c.a] > 15:31:28.397 [main] DEBUG org.springframework.beans.factory.support.DefaultListableBeanFactory - Autowiring by type from bean name 'accountController' via constructor to bean named 'ma.uiz.observatoire.service.AccountService#0'
15:31:30.733 [INFO]  [Validating][main][c.d.d.c.a] > 15:31:28.410 [main] DEBUG org.springframework.test.context.cache - Spring test ApplicationContext cache statistics: [DefaultContextCache@629ae7e size = 1, maxSize = 32, parentContextCount = 0, hitCount = 0, missCount = 1]
15:31:30.733 [INFO]  [Validating][main][c.d.d.c.a] > 15:31:28.412 [main] DEBUG org.springframework.test.context.support.DependencyInjectionTestExecutionListener - Performing dependency injection for test class ma.uiz.observatoire.controller.AccountControllerTest
15:31:30.733 [INFO]  [Validating][main][c.d.d.c.a] > 15:31:28.412 [main] DEBUG org.springframework.test.context.cache - Spring test ApplicationContext cache statistics: [DefaultContextCache@629ae7e size = 1, maxSize = 32, parentContextCount = 0, hitCount = 1, missCount = 1]
15:31:30.733 [INFO]  [Validating][main][c.d.d.c.a] > 15:31:28.416 [main] DEBUG org.springframework.test.context.cache - Spring test ApplicationContext cache statistics: [DefaultContextCache@629ae7e size = 1, maxSize = 32, parentContextCount = 0, hitCount = 2, missCount = 1]
15:31:30.733 [INFO]  [Validating][main][c.d.d.c.a] > 15:31:28.420 [main] DEBUG org.springframework.test.context.support.AbstractDirtiesContextTestExecutionListener - Before test method: class [AccountControllerDiffblueTest], method [testSaveAccount], class annotated with @DirtiesContext [false] with mode [null], method annotated with @DirtiesContext [false] with mode [null]
15:31:30.733 [INFO]  [Validating][main][c.d.d.c.a] > 15:31:28.425 [main] DEBUG org.springframework.test.context.cache - Spring test ApplicationContext cache statistics: [DefaultContextCache@629ae7e size = 1, maxSize = 32, parentContextCount = 0, hitCount = 3, missCount = 1]
15:31:30.733 [INFO]  [Validating][main][c.d.d.c.a] > 15:31:28.425 [main] DEBUG org.springframework.test.context.cache - Spring test ApplicationContext cache statistics: [DefaultContextCache@629ae7e size = 1, maxSize = 32, parentContextCount = 0, hitCount = 4, missCount = 1]
15:31:30.733 [INFO]  [Validating][main][c.d.d.c.a] > 15:31:28.427 [main] DEBUG org.springframework.test.context.cache - Spring test ApplicationContext cache statistics: [DefaultContextCache@629ae7e size = 1, maxSize = 32, parentContextCount = 0, hitCount = 5, missCount = 1]
15:31:30.733 [INFO]  [Validating][main][c.d.d.c.a] > 15:31:28.771 [main] DEBUG org.jboss.logging - Logging Provider: org.jboss.logging.Log4j2LoggerProvider
15:31:30.733 [INFO]  [Validating][main][c.d.d.c.a] > 15:31:28.771 [main] INFO org.hibernate.validator.internal.util.Version - HV000001: Hibernate Validator 8.0.0.Final
15:31:30.733 [INFO]  [Validating][main][c.d.d.c.a] > 15:31:28.789 [main] DEBUG org.hibernate.validator.messageinterpolation.ResourceBundleMessageInterpolator - Loaded expression factory via original TCCL
15:31:30.733 [INFO]  [Validating][main][c.d.d.c.a] > 15:31:28.790 [main] DEBUG org.hibernate.validator.internal.engine.AbstractConfigurationImpl - Setting custom MessageInterpolator of type org.springframework.validation.beanvalidation.LocaleContextMessageInterpolator
15:31:30.733 [INFO]  [Validating][main][c.d.d.c.a] > 15:31:28.792 [main] DEBUG org.hibernate.validator.internal.xml.config.ValidationXmlParser - Trying to load META-INF/validation.xml for XML based Validator configuration.
15:31:30.733 [INFO]  [Validating][main][c.d.d.c.a] > 15:31:28.793 [main] DEBUG org.hibernate.validator.internal.xml.config.ResourceLoaderHelper - Trying to load META-INF/validation.xml via TCCL
15:31:30.733 [INFO]  [Validating][main][c.d.d.c.a] > 15:31:28.794 [main] DEBUG org.hibernate.validator.internal.xml.config.ResourceLoaderHelper - Trying to load META-INF/validation.xml via Hibernate Validator's class loader
15:31:30.733 [INFO]  [Validating][main][c.d.d.c.a] > 15:31:28.794 [main] DEBUG org.hibernate.validator.internal.xml.config.ValidationXmlParser - No META-INF/validation.xml found. Using annotation based configuration only.
15:31:30.733 [INFO]  [Validating][main][c.d.d.c.a] > 15:31:28.799 [main] DEBUG org.hibernate.validator.internal.engine.resolver.TraversableResolvers - Found jakarta.persistence.Persistence on classpath containing 'getPersistenceUtil'. Assuming JPA 2 environment. Trying to instantiate JPA aware TraversableResolver
15:31:30.733 [INFO]  [Validating][main][c.d.d.c.a] > 15:31:28.800 [main] DEBUG org.hibernate.validator.internal.engine.resolver.TraversableResolvers - Instantiated JPA aware TraversableResolver of type org.hibernate.validator.internal.engine.resolver.JPATraversableResolver.
15:31:30.733 [INFO]  [Validating][main][c.d.d.c.a] > 15:31:28.887 [main] DEBUG org.hibernate.validator.internal.engine.ValidatorFactoryConfigurationHelper - HV000252: Using org.hibernate.validator.internal.engine.DefaultPropertyNodeNameProvider as property node name provider.
15:31:30.733 [INFO]  [Validating][main][c.d.d.c.a] > 15:31:28.891 [main] DEBUG org.hibernate.validator.internal.engine.ValidatorFactoryConfigurationHelper - HV000234: Using org.springframework.validation.beanvalidation.LocaleContextMessageInterpolator as ValidatorFactory-scoped message interpolator.
15:31:30.733 [INFO]  [Validating][main][c.d.d.c.a] > 15:31:28.891 [main] DEBUG org.hibernate.validator.internal.engine.ValidatorFactoryConfigurationHelper - HV000234: Using org.hibernate.validator.internal.engine.resolver.JPATraversableResolver as ValidatorFactory-scoped traversable resolver.
15:31:30.733 [INFO]  [Validating][main][c.d.d.c.a] > 15:31:28.892 [main] DEBUG org.hibernate.validator.internal.engine.ValidatorFactoryConfigurationHelper - HV000234: Using org.hibernate.validator.internal.util.ExecutableParameterNameProvider as ValidatorFactory-scoped parameter name provider.
15:31:30.733 [INFO]  [Validating][main][c.d.d.c.a] > 15:31:28.892 [main] DEBUG org.hibernate.validator.internal.engine.ValidatorFactoryConfigurationHelper - HV000234: Using org.hibernate.validator.internal.engine.DefaultClockProvider as ValidatorFactory-scoped clock provider.
15:31:30.733 [INFO]  [Validating][main][c.d.d.c.a] > 15:31:28.892 [main] DEBUG org.hibernate.validator.internal.engine.ValidatorFactoryConfigurationHelper - HV000234: Using org.hibernate.validator.internal.engine.scripting.DefaultScriptEvaluatorFactory as ValidatorFactory-scoped script evaluator factory.
15:31:30.733 [INFO]  [Validating][main][c.d.d.c.a] > 15:31:28.939 [main] DEBUG _org.springframework.web.servlet.HandlerMapping.Mappings - 
15:31:30.733 [INFO]  [Validating][main][c.d.d.c.a] > 	m.u.o.c.AccountController:
15:31:30.733 [INFO]  [Validating][main][c.d.d.c.a] > 	{GET [/api/v1/accounts/page/{pageNum}]}: displayAllAccount(int,int)
15:31:30.733 [INFO]  [Validating][main][c.d.d.c.a] > 	{POST [/api/v1/accounts]}: saveAccount(Account)
15:31:30.733 [INFO]  [Validating][main][c.d.d.c.a] > 	{GET [/api/v1/accounts/{id}]}: displayAccount(int)
15:31:30.733 [INFO]  [Validating][main][c.d.d.c.a] > 	{GET [/api/v1/accounts/count]}: countAccount()
15:31:30.733 [INFO]  [Validating][main][c.d.d.c.a] > 	{PUT [/api/v1/accounts]}: updateAccount(Account)
15:31:30.733 [INFO]  [Validating][main][c.d.d.c.a] > 	{DELETE [/api/v1/accounts/{id}]}: deleteAccount(int)
15:31:30.733 [INFO]  [Validating][main][c.d.d.c.a] > 15:31:28.942 [main] DEBUG org.springframework.web.servlet.mvc.method.annotation.RequestMappingHandlerMapping - 6 mappings in org.springframework.web.servlet.mvc.method.annotation.RequestMappingHandlerMapping
15:31:30.733 [INFO]  [Validating][main][c.d.d.c.a] > 15:31:29.022 [main] DEBUG org.springframework.web.servlet.mvc.method.annotation.RequestMappingHandlerAdapter - ControllerAdvice beans: 0 @ModelAttribute, 0 @InitBinder, 1 RequestBodyAdvice, 1 ResponseBodyAdvice
15:31:30.733 [INFO]  [Validating][main][c.d.d.c.a] > 15:31:29.044 [main] DEBUG org.springframework.web.servlet.mvc.method.annotation.ExceptionHandlerExceptionResolver - ControllerAdvice beans: 0 @ExceptionHandler, 1 ResponseBodyAdvice
15:31:30.733 [INFO]  [Validating][main][c.d.d.c.a] > 15:31:29.059 [main] INFO org.springframework.mock.web.MockServletContext - Initializing Spring TestDispatcherServlet ''
15:31:30.733 [INFO]  [Validating][main][c.d.d.c.a] > 15:31:29.059 [main] INFO org.springframework.test.web.servlet.TestDispatcherServlet - Initializing Servlet ''
15:31:30.733 [INFO]  [Validating][main][c.d.d.c.a] > 15:31:29.061 [main] DEBUG org.springframework.test.web.servlet.TestDispatcherServlet - Detected AcceptHeaderLocaleResolver
15:31:30.733 [INFO]  [Validating][main][c.d.d.c.a] > 15:31:29.061 [main] DEBUG org.springframework.test.web.servlet.TestDispatcherServlet - Detected FixedThemeResolver
15:31:30.733 [INFO]  [Validating][main][c.d.d.c.a] > 15:31:29.061 [main] DEBUG org.springframework.test.web.servlet.TestDispatcherServlet - Detected org.springframework.web.servlet.view.DefaultRequestToViewNameTranslator@11d86b9d
15:31:30.733 [INFO]  [Validating][main][c.d.d.c.a] > 15:31:29.062 [main] DEBUG org.springframework.test.web.servlet.TestDispatcherServlet - Detected org.springframework.web.servlet.support.SessionFlashMapManager@6dce59e
15:31:30.733 [INFO]  [Validating][main][c.d.d.c.a] > 15:31:29.062 [main] DEBUG org.springframework.test.web.servlet.TestDispatcherServlet - enableLoggingRequestDetails='false': request parameters and headers will be masked to prevent unsafe logging of potentially sensitive data
15:31:30.733 [INFO]  [Validating][main][c.d.d.c.a] > 15:31:29.063 [main] INFO org.springframework.test.web.servlet.TestDispatcherServlet - Completed initialization in 3 ms
15:31:30.733 [INFO]  [Validating][main][c.d.d.c.a] > 15:31:29.082 [main] DEBUG org.springframework.test.web.servlet.TestDispatcherServlet - GET "/api/v1/accounts", parameters={}
15:31:30.733 [INFO]  [Validating][main][c.d.d.c.a] > 15:31:29.090 [main] WARN org.springframework.web.servlet.mvc.support.DefaultHandlerExceptionResolver - Resolved [org.springframework.web.HttpRequestMethodNotSupportedException: Request method 'GET' is not supported]
15:31:30.733 [INFO]  [Validating][main][c.d.d.c.a] > 15:31:29.091 [main] DEBUG org.springframework.test.web.servlet.TestDispatcherServlet - Completed 405 METHOD_NOT_ALLOWED
15:31:30.733 [INFO]  [Validating][main][c.d.d.c.a] > 15:31:29.094 [main] DEBUG org.springframework.test.context.cache - Spring test ApplicationContext cache statistics: [DefaultContextCache@629ae7e size = 1, maxSize = 32, parentContextCount = 0, hitCount = 6, missCount = 1]
15:31:30.733 [INFO]  [Validating][main][c.d.d.c.a] > 15:31:29.095 [main] DEBUG org.springframework.test.context.cache - Spring test ApplicationContext cache statistics: [DefaultContextCache@629ae7e size = 1, maxSize = 32, parentContextCount = 0, hitCount = 7, missCount = 1]
15:31:30.734 [INFO]  [Validating][main][c.d.d.c.a] > 15:31:29.096 [main] DEBUG org.springframework.test.context.cache - Spring test ApplicationContext cache statistics: [DefaultContextCache@629ae7e size = 1, maxSize = 32, parentContextCount = 0, hitCount = 8, missCount = 1]
15:31:30.734 [INFO]  [Validating][main][c.d.d.c.a] > 15:31:29.096 [main] DEBUG org.springframework.test.context.cache - Spring test ApplicationContext cache statistics: [DefaultContextCache@629ae7e size = 1, maxSize = 32, parentContextCount = 0, hitCount = 9, missCount = 1]
15:31:30.734 [INFO]  [Validating][main][c.d.d.c.a] > 15:31:29.097 [main] DEBUG org.springframework.test.context.cache - Spring test ApplicationContext cache statistics: [DefaultContextCache@629ae7e size = 1, maxSize = 32, parentContextCount = 0, hitCount = 10, missCount = 1]
15:31:30.734 [INFO]  [Validating][main][c.d.d.c.a] > 15:31:29.097 [main] DEBUG org.springframework.test.context.cache - Spring test ApplicationContext cache statistics: [DefaultContextCache@629ae7e size = 1, maxSize = 32, parentContextCount = 0, hitCount = 11, missCount = 1]
15:31:30.734 [INFO]  [Validating][main][c.d.d.c.a] > 15:31:29.097 [main] DEBUG org.springframework.test.context.support.AbstractDirtiesContextTestExecutionListener - After test method: class [AccountControllerDiffblueTest], method [testSaveAccount], class annotated with @DirtiesContext [false] with mode [null], method annotated with @DirtiesContext [false] with mode [null]
15:31:30.734 [INFO]  [Validating][main][c.d.d.c.a] > 15:31:29.103 [main] DEBUG org.springframework.test.context.cache - Spring test ApplicationContext cache statistics: [DefaultContextCache@629ae7e size = 1, maxSize = 32, parentContextCount = 0, hitCount = 12, missCount = 1]
15:31:30.734 [INFO]  [Validating][main][c.d.d.c.a] > 15:31:29.103 [main] DEBUG org.springframework.test.context.support.DependencyInjectionTestExecutionListener - Performing dependency injection for test class ma.uiz.observatoire.controller.AccountControllerTest
15:31:30.734 [INFO]  [Validating][main][c.d.d.c.a] > 15:31:29.103 [main] DEBUG org.springframework.test.context.cache - Spring test ApplicationContext cache statistics: [DefaultContextCache@629ae7e size = 1, maxSize = 32, parentContextCount = 0, hitCount = 13, missCount = 1]
15:31:30.734 [INFO]  [Validating][main][c.d.d.c.a] > 15:31:29.103 [main] DEBUG org.springframework.test.context.cache - Spring test ApplicationContext cache statistics: [DefaultContextCache@629ae7e size = 1, maxSize = 32, parentContextCount = 0, hitCount = 14, missCount = 1]
15:31:30.734 [INFO]  [Validating][main][c.d.d.c.a] > 15:31:29.104 [main] DEBUG org.springframework.test.context.support.AbstractDirtiesContextTestExecutionListener - Before test method: class [AccountControllerDiffblueTest], method [testUpdateAccount], class annotated with @DirtiesContext [false] with mode [null], method annotated with @DirtiesContext [false] with mode [null]
15:31:30.734 [INFO]  [Validating][main][c.d.d.c.a] > 15:31:29.104 [main] DEBUG org.springframework.test.context.cache - Spring test ApplicationContext cache statistics: [DefaultContextCache@629ae7e size = 1, maxSize = 32, parentContextCount = 0, hitCount = 15, missCount = 1]
15:31:30.734 [INFO]  [Validating][main][c.d.d.c.a] > 15:31:29.104 [main] DEBUG org.springframework.test.context.cache - Spring test ApplicationContext cache statistics: [DefaultContextCache@629ae7e size = 1, maxSize = 32, parentContextCount = 0, hitCount = 16, missCount = 1]
15:31:30.734 [INFO]  [Validating][main][c.d.d.c.a] > 15:31:29.105 [main] DEBUG org.springframework.test.context.cache - Spring test ApplicationContext cache statistics: [DefaultContextCache@629ae7e size = 1, maxSize = 32, parentContextCount = 0, hitCount = 17, missCount = 1]
15:31:30.734 [INFO]  [Validating][main][c.d.d.c.a] > 15:31:29.109 [main] DEBUG org.hibernate.validator.messageinterpolation.ResourceBundleMessageInterpolator - Loaded expression factory via original TCCL
15:31:30.734 [INFO]  [Validating][main][c.d.d.c.a] > 15:31:29.109 [main] DEBUG org.hibernate.validator.internal.engine.AbstractConfigurationImpl - Setting custom MessageInterpolator of type org.springframework.validation.beanvalidation.LocaleContextMessageInterpolator
15:31:30.734 [INFO]  [Validating][main][c.d.d.c.a] > 15:31:29.109 [main] DEBUG org.hibernate.validator.internal.xml.config.ValidationXmlParser - Trying to load META-INF/validation.xml for XML based Validator configuration.
15:31:30.734 [INFO]  [Validating][main][c.d.d.c.a] > 15:31:29.109 [main] DEBUG org.hibernate.validator.internal.xml.config.ResourceLoaderHelper - Trying to load META-INF/validation.xml via TCCL
15:31:30.734 [INFO]  [Validating][main][c.d.d.c.a] > 15:31:29.109 [main] DEBUG org.hibernate.validator.internal.xml.config.ResourceLoaderHelper - Trying to load META-INF/validation.xml via Hibernate Validator's class loader
15:31:30.734 [INFO]  [Validating][main][c.d.d.c.a] > 15:31:29.109 [main] DEBUG org.hibernate.validator.internal.xml.config.ValidationXmlParser - No META-INF/validation.xml found. Using annotation based configuration only.
15:31:30.734 [INFO]  [Validating][main][c.d.d.c.a] > 15:31:29.109 [main] DEBUG org.hibernate.validator.internal.engine.resolver.TraversableResolvers - Found jakarta.persistence.Persistence on classpath containing 'getPersistenceUtil'. Assuming JPA 2 environment. Trying to instantiate JPA aware TraversableResolver
15:31:30.734 [INFO]  [Validating][main][c.d.d.c.a] > 15:31:29.109 [main] DEBUG org.hibernate.validator.internal.engine.resolver.TraversableResolvers - Instantiated JPA aware TraversableResolver of type org.hibernate.validator.internal.engine.resolver.JPATraversableResolver.
15:31:30.734 [INFO]  [Validating][main][c.d.d.c.a] > 15:31:29.110 [main] DEBUG org.hibernate.validator.internal.engine.ValidatorFactoryConfigurationHelper - HV000252: Using org.hibernate.validator.internal.engine.DefaultPropertyNodeNameProvider as property node name provider.
15:31:30.734 [INFO]  [Validating][main][c.d.d.c.a] > 15:31:29.111 [main] DEBUG org.hibernate.validator.internal.engine.ValidatorFactoryConfigurationHelper - HV000234: Using org.springframework.validation.beanvalidation.LocaleContextMessageInterpolator as ValidatorFactory-scoped message interpolator.
15:31:30.734 [INFO]  [Validating][main][c.d.d.c.a] > 15:31:29.111 [main] DEBUG org.hibernate.validator.internal.engine.ValidatorFactoryConfigurationHelper - HV000234: Using org.hibernate.validator.internal.engine.resolver.JPATraversableResolver as ValidatorFactory-scoped traversable resolver.
15:31:30.734 [INFO]  [Validating][main][c.d.d.c.a] > 15:31:29.111 [main] DEBUG org.hibernate.validator.internal.engine.ValidatorFactoryConfigurationHelper - HV000234: Using org.hibernate.validator.internal.util.ExecutableParameterNameProvider as ValidatorFactory-scoped parameter name provider.
15:31:30.734 [INFO]  [Validating][main][c.d.d.c.a] > 15:31:29.111 [main] DEBUG org.hibernate.validator.internal.engine.ValidatorFactoryConfigurationHelper - HV000234: Using org.hibernate.validator.internal.engine.DefaultClockProvider as ValidatorFactory-scoped clock provider.
15:31:30.734 [INFO]  [Validating][main][c.d.d.c.a] > 15:31:29.111 [main] DEBUG org.hibernate.validator.internal.engine.ValidatorFactoryConfigurationHelper - HV000234: Using org.hibernate.validator.internal.engine.scripting.DefaultScriptEvaluatorFactory as ValidatorFactory-scoped script evaluator factory.
15:31:30.734 [INFO]  [Validating][main][c.d.d.c.a] > 15:31:29.114 [main] DEBUG _org.springframework.web.servlet.HandlerMapping.Mappings - 
15:31:30.734 [INFO]  [Validating][main][c.d.d.c.a] > 	m.u.o.c.AccountController:
15:31:30.734 [INFO]  [Validating][main][c.d.d.c.a] > 	{GET [/api/v1/accounts/page/{pageNum}]}: displayAllAccount(int,int)
15:31:30.734 [INFO]  [Validating][main][c.d.d.c.a] > 	{POST [/api/v1/accounts]}: saveAccount(Account)
15:31:30.734 [INFO]  [Validating][main][c.d.d.c.a] > 	{GET [/api/v1/accounts/{id}]}: displayAccount(int)
15:31:30.734 [INFO]  [Validating][main][c.d.d.c.a] > 	{GET [/api/v1/accounts/count]}: countAccount()
15:31:30.734 [INFO]  [Validating][main][c.d.d.c.a] > 	{PUT [/api/v1/accounts]}: updateAccount(Account)
15:31:30.734 [INFO]  [Validating][main][c.d.d.c.a] > 	{DELETE [/api/v1/accounts/{id}]}: deleteAccount(int)
15:31:30.734 [INFO]  [Validating][main][c.d.d.c.a] > 15:31:29.115 [main] DEBUG org.springframework.web.servlet.mvc.method.annotation.RequestMappingHandlerMapping - 6 mappings in org.springframework.web.servlet.mvc.method.annotation.RequestMappingHandlerMapping
15:31:30.734 [INFO]  [Validating][main][c.d.d.c.a] > 15:31:29.117 [main] DEBUG org.springframework.web.servlet.mvc.method.annotation.RequestMappingHandlerAdapter - ControllerAdvice beans: 0 @ModelAttribute, 0 @InitBinder, 1 RequestBodyAdvice, 1 ResponseBodyAdvice
15:31:30.734 [INFO]  [Validating][main][c.d.d.c.a] > 15:31:29.118 [main] DEBUG org.springframework.web.servlet.mvc.method.annotation.ExceptionHandlerExceptionResolver - ControllerAdvice beans: 0 @ExceptionHandler, 1 ResponseBodyAdvice
15:31:30.734 [INFO]  [Validating][main][c.d.d.c.a] > 15:31:29.118 [main] INFO org.springframework.mock.web.MockServletContext - Initializing Spring TestDispatcherServlet ''
15:31:30.734 [INFO]  [Validating][main][c.d.d.c.a] > 15:31:29.118 [main] INFO org.springframework.test.web.servlet.TestDispatcherServlet - Initializing Servlet ''
15:31:30.734 [INFO]  [Validating][main][c.d.d.c.a] > 15:31:29.118 [main] DEBUG org.springframework.test.web.servlet.TestDispatcherServlet - Detected AcceptHeaderLocaleResolver
15:31:30.734 [INFO]  [Validating][main][c.d.d.c.a] > 15:31:29.118 [main] DEBUG org.springframework.test.web.servlet.TestDispatcherServlet - Detected FixedThemeResolver
15:31:30.734 [INFO]  [Validating][main][c.d.d.c.a] > 15:31:29.118 [main] DEBUG org.springframework.test.web.servlet.TestDispatcherServlet - Detected org.springframework.web.servlet.view.DefaultRequestToViewNameTranslator@4bf80c29
15:31:30.734 [INFO]  [Validating][main][c.d.d.c.a] > 15:31:29.118 [main] DEBUG org.springframework.test.web.servlet.TestDispatcherServlet - Detected org.springframework.web.servlet.support.SessionFlashMapManager@2d7637e6
15:31:30.734 [INFO]  [Validating][main][c.d.d.c.a] > 15:31:29.118 [main] DEBUG org.springframework.test.web.servlet.TestDispatcherServlet - enableLoggingRequestDetails='false': request parameters and headers will be masked to prevent unsafe logging of potentially sensitive data
15:31:30.734 [INFO]  [Validating][main][c.d.d.c.a] > 15:31:29.118 [main] INFO org.springframework.test.web.servlet.TestDispatcherServlet - Completed initialization in 0 ms
15:31:30.734 [INFO]  [Validating][main][c.d.d.c.a] > 15:31:29.118 [main] DEBUG org.springframework.test.web.servlet.TestDispatcherServlet - GET "/api/v1/accounts", parameters={}
15:31:30.734 [INFO]  [Validating][main][c.d.d.c.a] > 15:31:29.119 [main] WARN org.springframework.web.servlet.mvc.support.DefaultHandlerExceptionResolver - Resolved [org.springframework.web.HttpRequestMethodNotSupportedException: Request method 'GET' is not supported]
15:31:30.734 [INFO]  [Validating][main][c.d.d.c.a] > 15:31:29.119 [main] DEBUG org.springframework.test.web.servlet.TestDispatcherServlet - Completed 405 METHOD_NOT_ALLOWED
15:31:30.734 [INFO]  [Validating][main][c.d.d.c.a] > 15:31:29.119 [main] DEBUG org.springframework.test.context.cache - Spring test ApplicationContext cache statistics: [DefaultContextCache@629ae7e size = 1, maxSize = 32, parentContextCount = 0, hitCount = 18, missCount = 1]
15:31:30.734 [INFO]  [Validating][main][c.d.d.c.a] > 15:31:29.120 [main] DEBUG org.springframework.test.context.cache - Spring test ApplicationContext cache statistics: [DefaultContextCache@629ae7e size = 1, maxSize = 32, parentContextCount = 0, hitCount = 19, missCount = 1]
15:31:30.734 [INFO]  [Validating][main][c.d.d.c.a] > 15:31:29.120 [main] DEBUG org.springframework.test.context.cache - Spring test ApplicationContext cache statistics: [DefaultContextCache@629ae7e size = 1, maxSize = 32, parentContextCount = 0, hitCount = 20, missCount = 1]
15:31:30.734 [INFO]  [Validating][main][c.d.d.c.a] > 15:31:29.120 [main] DEBUG org.springframework.test.context.cache - Spring test ApplicationContext cache statistics: [DefaultContextCache@629ae7e size = 1, maxSize = 32, parentContextCount = 0, hitCount = 21, missCount = 1]
15:31:30.734 [INFO]  [Validating][main][c.d.d.c.a] > 15:31:29.120 [main] DEBUG org.springframework.test.context.cache - Spring test ApplicationContext cache statistics: [DefaultContextCache@629ae7e size = 1, maxSize = 32, parentContextCount = 0, hitCount = 22, missCount = 1]
15:31:30.734 [INFO]  [Validating][main][c.d.d.c.a] > 15:31:29.120 [main] DEBUG org.springframework.test.context.cache - Spring test ApplicationContext cache statistics: [DefaultContextCache@629ae7e size = 1, maxSize = 32, parentContextCount = 0, hitCount = 23, missCount = 1]
15:31:30.734 [INFO]  [Validating][main][c.d.d.c.a] > 15:31:29.121 [main] DEBUG org.springframework.test.context.support.AbstractDirtiesContextTestExecutionListener - After test method: class [AccountControllerDiffblueTest], method [testUpdateAccount], class annotated with @DirtiesContext [false] with mode [null], method annotated with @DirtiesContext [false] with mode [null]
15:31:30.734 [INFO]  [Validating][main][c.d.d.c.a] > 15:31:29.121 [main] DEBUG org.springframework.test.context.cache - Spring test ApplicationContext cache statistics: [DefaultContextCache@629ae7e size = 1, maxSize = 32, parentContextCount = 0, hitCount = 24, missCount = 1]
15:31:30.734 [INFO]  [Validating][main][c.d.d.c.a] > 15:31:29.121 [main] DEBUG org.springframework.test.context.support.DependencyInjectionTestExecutionListener - Performing dependency injection for test class ma.uiz.observatoire.controller.AccountControllerTest
15:31:30.734 [INFO]  [Validating][main][c.d.d.c.a] > 15:31:29.121 [main] DEBUG org.springframework.test.context.cache - Spring test ApplicationContext cache statistics: [DefaultContextCache@629ae7e size = 1, maxSize = 32, parentContextCount = 0, hitCount = 25, missCount = 1]
15:31:30.734 [INFO]  [Validating][main][c.d.d.c.a] > 15:31:29.122 [main] DEBUG org.springframework.test.context.cache - Spring test ApplicationContext cache statistics: [DefaultContextCache@629ae7e size = 1, maxSize = 32, parentContextCount = 0, hitCount = 26, missCount = 1]
15:31:30.734 [INFO]  [Validating][main][c.d.d.c.a] > 15:31:29.122 [main] DEBUG org.springframework.test.context.support.AbstractDirtiesContextTestExecutionListener - Before test method: class [AccountControllerDiffblueTest], method [testDisplayAllAccount], class annotated with @DirtiesContext [false] with mode [null], method annotated with @DirtiesContext [false] with mode [null]
15:31:30.734 [INFO]  [Validating][main][c.d.d.c.a] > 15:31:29.122 [main] DEBUG org.springframework.test.context.cache - Spring test ApplicationContext cache statistics: [DefaultContextCache@629ae7e size = 1, maxSize = 32, parentContextCount = 0, hitCount = 27, missCount = 1]
15:31:30.734 [INFO]  [Validating][main][c.d.d.c.a] > 15:31:29.123 [main] DEBUG org.springframework.test.context.cache - Spring test ApplicationContext cache statistics: [DefaultContextCache@629ae7e size = 1, maxSize = 32, parentContextCount = 0, hitCount = 28, missCount = 1]
15:31:30.734 [INFO]  [Validating][main][c.d.d.c.a] > 15:31:29.123 [main] DEBUG org.springframework.test.context.cache - Spring test ApplicationContext cache statistics: [DefaultContextCache@629ae7e size = 1, maxSize = 32, parentContextCount = 0, hitCount = 29, missCount = 1]
15:31:30.734 [INFO]  [Validating][main][c.d.d.c.a] > 15:31:29.141 [main] DEBUG org.hibernate.validator.messageinterpolation.ResourceBundleMessageInterpolator - Loaded expression factory via original TCCL
15:31:30.734 [INFO]  [Validating][main][c.d.d.c.a] > 15:31:29.141 [main] DEBUG org.hibernate.validator.internal.engine.AbstractConfigurationImpl - Setting custom MessageInterpolator of type org.springframework.validation.beanvalidation.LocaleContextMessageInterpolator
15:31:30.734 [INFO]  [Validating][main][c.d.d.c.a] > 15:31:29.141 [main] DEBUG org.hibernate.validator.internal.xml.config.ValidationXmlParser - Trying to load META-INF/validation.xml for XML based Validator configuration.
15:31:30.734 [INFO]  [Validating][main][c.d.d.c.a] > 15:31:29.141 [main] DEBUG org.hibernate.validator.internal.xml.config.ResourceLoaderHelper - Trying to load META-INF/validation.xml via TCCL
15:31:30.734 [INFO]  [Validating][main][c.d.d.c.a] > 15:31:29.141 [main] DEBUG org.hibernate.validator.internal.xml.config.ResourceLoaderHelper - Trying to load META-INF/validation.xml via Hibernate Validator's class loader
15:31:30.734 [INFO]  [Validating][main][c.d.d.c.a] > 15:31:29.142 [main] DEBUG org.hibernate.validator.internal.xml.config.ValidationXmlParser - No META-INF/validation.xml found. Using annotation based configuration only.
15:31:30.734 [INFO]  [Validating][main][c.d.d.c.a] > 15:31:29.142 [main] DEBUG org.hibernate.validator.internal.engine.resolver.TraversableResolvers - Found jakarta.persistence.Persistence on classpath containing 'getPersistenceUtil'. Assuming JPA 2 environment. Trying to instantiate JPA aware TraversableResolver
15:31:30.734 [INFO]  [Validating][main][c.d.d.c.a] > 15:31:29.142 [main] DEBUG org.hibernate.validator.internal.engine.resolver.TraversableResolvers - Instantiated JPA aware TraversableResolver of type org.hibernate.validator.internal.engine.resolver.JPATraversableResolver.
15:31:30.734 [INFO]  [Validating][main][c.d.d.c.a] > 15:31:29.143 [main] DEBUG org.hibernate.validator.internal.engine.ValidatorFactoryConfigurationHelper - HV000252: Using org.hibernate.validator.internal.engine.DefaultPropertyNodeNameProvider as property node name provider.
15:31:30.734 [INFO]  [Validating][main][c.d.d.c.a] > 15:31:29.143 [main] DEBUG org.hibernate.validator.internal.engine.ValidatorFactoryConfigurationHelper - HV000234: Using org.springframework.validation.beanvalidation.LocaleContextMessageInterpolator as ValidatorFactory-scoped message interpolator.
15:31:30.734 [INFO]  [Validating][main][c.d.d.c.a] > 15:31:29.143 [main] DEBUG org.hibernate.validator.internal.engine.ValidatorFactoryConfigurationHelper - HV000234: Using org.hibernate.validator.internal.engine.resolver.JPATraversableResolver as ValidatorFactory-scoped traversable resolver.
15:31:30.734 [INFO]  [Validating][main][c.d.d.c.a] > 15:31:29.143 [main] DEBUG org.hibernate.validator.internal.engine.ValidatorFactoryConfigurationHelper - HV000234: Using org.hibernate.validator.internal.util.ExecutableParameterNameProvider as ValidatorFactory-scoped parameter name provider.
15:31:30.734 [INFO]  [Validating][main][c.d.d.c.a] > 15:31:29.143 [main] DEBUG org.hibernate.validator.internal.engine.ValidatorFactoryConfigurationHelper - HV000234: Using org.hibernate.validator.internal.engine.DefaultClockProvider as ValidatorFactory-scoped clock provider.
15:31:30.734 [INFO]  [Validating][main][c.d.d.c.a] > 15:31:29.143 [main] DEBUG org.hibernate.validator.internal.engine.ValidatorFactoryConfigurationHelper - HV000234: Using org.hibernate.validator.internal.engine.scripting.DefaultScriptEvaluatorFactory as ValidatorFactory-scoped script evaluator factory.
15:31:30.735 [INFO]  [Validating][main][c.d.d.c.a] > 15:31:29.146 [main] DEBUG _org.springframework.web.servlet.HandlerMapping.Mappings - 
15:31:30.735 [INFO]  [Validating][main][c.d.d.c.a] > 	m.u.o.c.AccountController:
15:31:30.735 [INFO]  [Validating][main][c.d.d.c.a] > 	{GET [/api/v1/accounts/page/{pageNum}]}: displayAllAccount(int,int)
15:31:30.735 [INFO]  [Validating][main][c.d.d.c.a] > 	{POST [/api/v1/accounts]}: saveAccount(Account)
15:31:30.735 [INFO]  [Validating][main][c.d.d.c.a] > 	{GET [/api/v1/accounts/{id}]}: displayAccount(int)
15:31:30.735 [INFO]  [Validating][main][c.d.d.c.a] > 	{GET [/api/v1/accounts/count]}: countAccount()
15:31:30.735 [INFO]  [Validating][main][c.d.d.c.a] > 	{PUT [/api/v1/accounts]}: updateAccount(Account)
15:31:30.735 [INFO]  [Validating][main][c.d.d.c.a] > 	{DELETE [/api/v1/accounts/{id}]}: deleteAccount(int)
15:31:30.735 [INFO]  [Validating][main][c.d.d.c.a] > 15:31:29.146 [main] DEBUG org.springframework.web.servlet.mvc.method.annotation.RequestMappingHandlerMapping - 6 mappings in org.springframework.web.servlet.mvc.method.annotation.RequestMappingHandlerMapping
15:31:30.735 [INFO]  [Validating][main][c.d.d.c.a] > 15:31:29.149 [main] DEBUG org.springframework.web.servlet.mvc.method.annotation.RequestMappingHandlerAdapter - ControllerAdvice beans: 0 @ModelAttribute, 0 @InitBinder, 1 RequestBodyAdvice, 1 ResponseBodyAdvice
15:31:30.735 [INFO]  [Validating][main][c.d.d.c.a] > 15:31:29.149 [main] DEBUG org.springframework.web.servlet.mvc.method.annotation.ExceptionHandlerExceptionResolver - ControllerAdvice beans: 0 @ExceptionHandler, 1 ResponseBodyAdvice
15:31:30.735 [INFO]  [Validating][main][c.d.d.c.a] > 15:31:29.149 [main] INFO org.springframework.mock.web.MockServletContext - Initializing Spring TestDispatcherServlet ''
15:31:30.735 [INFO]  [Validating][main][c.d.d.c.a] > 15:31:29.149 [main] INFO org.springframework.test.web.servlet.TestDispatcherServlet - Initializing Servlet ''
15:31:30.735 [INFO]  [Validating][main][c.d.d.c.a] > 15:31:29.149 [main] DEBUG org.springframework.test.web.servlet.TestDispatcherServlet - Detected AcceptHeaderLocaleResolver
15:31:30.735 [INFO]  [Validating][main][c.d.d.c.a] > 15:31:29.149 [main] DEBUG org.springframework.test.web.servlet.TestDispatcherServlet - Detected FixedThemeResolver
15:31:30.735 [INFO]  [Validating][main][c.d.d.c.a] > 15:31:29.149 [main] DEBUG org.springframework.test.web.servlet.TestDispatcherServlet - Detected org.springframework.web.servlet.view.DefaultRequestToViewNameTranslator@4f7be6c8
15:31:30.735 [INFO]  [Validating][main][c.d.d.c.a] > 15:31:29.149 [main] DEBUG org.springframework.test.web.servlet.TestDispatcherServlet - Detected org.springframework.web.servlet.support.SessionFlashMapManager@647b9364
15:31:30.735 [INFO]  [Validating][main][c.d.d.c.a] > 15:31:29.149 [main] DEBUG org.springframework.test.web.servlet.TestDispatcherServlet - enableLoggingRequestDetails='false': request parameters and headers will be masked to prevent unsafe logging of potentially sensitive data
15:31:30.735 [INFO]  [Validating][main][c.d.d.c.a] > 15:31:29.150 [main] INFO org.springframework.test.web.servlet.TestDispatcherServlet - Completed initialization in 1 ms
15:31:30.735 [INFO]  [Validating][main][c.d.d.c.a] > 15:31:29.150 [main] DEBUG org.springframework.test.web.servlet.TestDispatcherServlet - GET "/api/v1/accounts/page/10", parameters={masked}
15:31:30.735 [INFO]  [Validating][main][c.d.d.c.a] > 15:31:29.152 [main] DEBUG org.springframework.web.servlet.mvc.method.annotation.RequestMappingHandlerMapping - Mapped to ma.uiz.observatoire.controller.AccountController#displayAllAccount(int, int)
15:31:30.735 [INFO]  [Validating][main][c.d.d.c.a] > 15:31:29.179 [main] DEBUG org.springframework.web.servlet.mvc.method.annotation.RequestResponseBodyMethodProcessor - Using 'application/xml;charset=UTF-8', given [*/*] and supported [application/xml;charset=UTF-8, text/xml;charset=UTF-8, application/*+xml;charset=UTF-8, application/json, application/*+json]
15:31:30.735 [INFO]  [Validating][main][c.d.d.c.a] > 15:31:29.180 [main] DEBUG org.springframework.web.servlet.mvc.method.annotation.RequestResponseBodyMethodProcessor - Writing [[]]
15:31:30.735 [INFO]  [Validating][main][c.d.d.c.a] > 15:31:29.194 [main] DEBUG org.springframework.test.web.servlet.TestDispatcherServlet - Completed 200 OK
15:31:30.735 [INFO]  [Validating][main][c.d.d.c.a] > 15:31:29.196 [main] DEBUG org.springframework.test.context.cache - Spring test ApplicationContext cache statistics: [DefaultContextCache@629ae7e size = 1, maxSize = 32, parentContextCount = 0, hitCount = 30, missCount = 1]
15:31:30.735 [INFO]  [Validating][main][c.d.d.c.a] > 15:31:29.196 [main] DEBUG org.springframework.test.context.cache - Spring test ApplicationContext cache statistics: [DefaultContextCache@629ae7e size = 1, maxSize = 32, parentContextCount = 0, hitCount = 31, missCount = 1]
15:31:30.735 [INFO]  [Validating][main][c.d.d.c.a] > 15:31:29.196 [main] DEBUG org.springframework.test.context.cache - Spring test ApplicationContext cache statistics: [DefaultContextCache@629ae7e size = 1, maxSize = 32, parentContextCount = 0, hitCount = 32, missCount = 1]
15:31:30.735 [INFO]  [Validating][main][c.d.d.c.a] > 15:31:29.196 [main] DEBUG org.springframework.test.context.cache - Spring test ApplicationContext cache statistics: [DefaultContextCache@629ae7e size = 1, maxSize = 32, parentContextCount = 0, hitCount = 33, missCount = 1]
15:31:30.735 [INFO]  [Validating][main][c.d.d.c.a] > 15:31:29.196 [main] DEBUG org.springframework.test.context.cache - Spring test ApplicationContext cache statistics: [DefaultContextCache@629ae7e size = 1, maxSize = 32, parentContextCount = 0, hitCount = 34, missCount = 1]
15:31:30.735 [INFO]  [Validating][main][c.d.d.c.a] > 15:31:29.197 [main] DEBUG org.springframework.test.context.cache - Spring test ApplicationContext cache statistics: [DefaultContextCache@629ae7e size = 1, maxSize = 32, parentContextCount = 0, hitCount = 35, missCount = 1]
15:31:30.735 [INFO]  [Validating][main][c.d.d.c.a] > 15:31:29.197 [main] DEBUG org.springframework.test.context.support.AbstractDirtiesContextTestExecutionListener - After test method: class [AccountControllerDiffblueTest], method [testDisplayAllAccount], class annotated with @DirtiesContext [false] with mode [null], method annotated with @DirtiesContext [false] with mode [null]
15:31:30.735 [INFO]  [Validating][main][c.d.d.c.a] > 15:31:29.197 [main] DEBUG org.springframework.test.context.cache - Spring test ApplicationContext cache statistics: [DefaultContextCache@629ae7e size = 1, maxSize = 32, parentContextCount = 0, hitCount = 36, missCount = 1]
15:31:30.735 [INFO]  [Validating][main][c.d.d.c.a] > 15:31:29.197 [main] DEBUG org.springframework.test.context.support.DependencyInjectionTestExecutionListener - Performing dependency injection for test class ma.uiz.observatoire.controller.AccountControllerTest
15:31:30.735 [INFO]  [Validating][main][c.d.d.c.a] > 15:31:29.197 [main] DEBUG org.springframework.test.context.cache - Spring test ApplicationContext cache statistics: [DefaultContextCache@629ae7e size = 1, maxSize = 32, parentContextCount = 0, hitCount = 37, missCount = 1]
15:31:30.735 [INFO]  [Validating][main][c.d.d.c.a] > 15:31:29.197 [main] DEBUG org.springframework.test.context.cache - Spring test ApplicationContext cache statistics: [DefaultContextCache@629ae7e size = 1, maxSize = 32, parentContextCount = 0, hitCount = 38, missCount = 1]
15:31:30.735 [INFO]  [Validating][main][c.d.d.c.a] > 15:31:29.198 [main] DEBUG org.springframework.test.context.support.AbstractDirtiesContextTestExecutionListener - Before test method: class [AccountControllerDiffblueTest], method [testCountAccount], class annotated with @DirtiesContext [false] with mode [null], method annotated with @DirtiesContext [false] with mode [null]
15:31:30.735 [INFO]  [Validating][main][c.d.d.c.a] > 15:31:29.198 [main] DEBUG org.springframework.test.context.cache - Spring test ApplicationContext cache statistics: [DefaultContextCache@629ae7e size = 1, maxSize = 32, parentContextCount = 0, hitCount = 39, missCount = 1]
15:31:30.735 [INFO]  [Validating][main][c.d.d.c.a] > 15:31:29.198 [main] DEBUG org.springframework.test.context.cache - Spring test ApplicationContext cache statistics: [DefaultContextCache@629ae7e size = 1, maxSize = 32, parentContextCount = 0, hitCount = 40, missCount = 1]
15:31:30.735 [INFO]  [Validating][main][c.d.d.c.a] > 15:31:29.199 [main] DEBUG org.springframework.test.context.cache - Spring test ApplicationContext cache statistics: [DefaultContextCache@629ae7e size = 1, maxSize = 32, parentContextCount = 0, hitCount = 41, missCount = 1]
15:31:30.735 [INFO]  [Validating][main][c.d.d.c.a] > 15:31:29.200 [main] DEBUG org.hibernate.validator.messageinterpolation.ResourceBundleMessageInterpolator - Loaded expression factory via original TCCL
15:31:30.735 [INFO]  [Validating][main][c.d.d.c.a] > 15:31:29.200 [main] DEBUG org.hibernate.validator.internal.engine.AbstractConfigurationImpl - Setting custom MessageInterpolator of type org.springframework.validation.beanvalidation.LocaleContextMessageInterpolator
15:31:30.735 [INFO]  [Validating][main][c.d.d.c.a] > 15:31:29.200 [main] DEBUG org.hibernate.validator.internal.xml.config.ValidationXmlParser - Trying to load META-INF/validation.xml for XML based Validator configuration.
15:31:30.735 [INFO]  [Validating][main][c.d.d.c.a] > 15:31:29.200 [main] DEBUG org.hibernate.validator.internal.xml.config.ResourceLoaderHelper - Trying to load META-INF/validation.xml via TCCL
15:31:30.735 [INFO]  [Validating][main][c.d.d.c.a] > 15:31:29.200 [main] DEBUG org.hibernate.validator.internal.xml.config.ResourceLoaderHelper - Trying to load META-INF/validation.xml via Hibernate Validator's class loader
15:31:30.735 [INFO]  [Validating][main][c.d.d.c.a] > 15:31:29.201 [main] DEBUG org.hibernate.validator.internal.xml.config.ValidationXmlParser - No META-INF/validation.xml found. Using annotation based configuration only.
15:31:30.735 [INFO]  [Validating][main][c.d.d.c.a] > 15:31:29.201 [main] DEBUG org.hibernate.validator.internal.engine.resolver.TraversableResolvers - Found jakarta.persistence.Persistence on classpath containing 'getPersistenceUtil'. Assuming JPA 2 environment. Trying to instantiate JPA aware TraversableResolver
15:31:30.735 [INFO]  [Validating][main][c.d.d.c.a] > 15:31:29.201 [main] DEBUG org.hibernate.validator.internal.engine.resolver.TraversableResolvers - Instantiated JPA aware TraversableResolver of type org.hibernate.validator.internal.engine.resolver.JPATraversableResolver.
15:31:30.735 [INFO]  [Validating][main][c.d.d.c.a] > 15:31:29.201 [main] DEBUG org.hibernate.validator.internal.engine.ValidatorFactoryConfigurationHelper - HV000252: Using org.hibernate.validator.internal.engine.DefaultPropertyNodeNameProvider as property node name provider.
15:31:30.735 [INFO]  [Validating][main][c.d.d.c.a] > 15:31:29.202 [main] DEBUG org.hibernate.validator.internal.engine.ValidatorFactoryConfigurationHelper - HV000234: Using org.springframework.validation.beanvalidation.LocaleContextMessageInterpolator as ValidatorFactory-scoped message interpolator.
15:31:30.735 [INFO]  [Validating][main][c.d.d.c.a] > 15:31:29.202 [main] DEBUG org.hibernate.validator.internal.engine.ValidatorFactoryConfigurationHelper - HV000234: Using org.hibernate.validator.internal.engine.resolver.JPATraversableResolver as ValidatorFactory-scoped traversable resolver.
15:31:30.735 [INFO]  [Validating][main][c.d.d.c.a] > 15:31:29.202 [main] DEBUG org.hibernate.validator.internal.engine.ValidatorFactoryConfigurationHelper - HV000234: Using org.hibernate.validator.internal.util.ExecutableParameterNameProvider as ValidatorFactory-scoped parameter name provider.
15:31:30.735 [INFO]  [Validating][main][c.d.d.c.a] > 15:31:29.202 [main] DEBUG org.hibernate.validator.internal.engine.ValidatorFactoryConfigurationHelper - HV000234: Using org.hibernate.validator.internal.engine.DefaultClockProvider as ValidatorFactory-scoped clock provider.
15:31:30.735 [INFO]  [Validating][main][c.d.d.c.a] > 15:31:29.202 [main] DEBUG org.hibernate.validator.internal.engine.ValidatorFactoryConfigurationHelper - HV000234: Using org.hibernate.validator.internal.engine.scripting.DefaultScriptEvaluatorFactory as ValidatorFactory-scoped script evaluator factory.
15:31:30.735 [INFO]  [Validating][main][c.d.d.c.a] > 15:31:29.204 [main] DEBUG _org.springframework.web.servlet.HandlerMapping.Mappings - 
15:31:30.735 [INFO]  [Validating][main][c.d.d.c.a] > 	m.u.o.c.AccountController:
15:31:30.735 [INFO]  [Validating][main][c.d.d.c.a] > 	{GET [/api/v1/accounts/page/{pageNum}]}: displayAllAccount(int,int)
15:31:30.735 [INFO]  [Validating][main][c.d.d.c.a] > 	{POST [/api/v1/accounts]}: saveAccount(Account)
15:31:30.735 [INFO]  [Validating][main][c.d.d.c.a] > 	{GET [/api/v1/accounts/{id}]}: displayAccount(int)
15:31:30.735 [INFO]  [Validating][main][c.d.d.c.a] > 	{GET [/api/v1/accounts/count]}: countAccount()
15:31:30.735 [INFO]  [Validating][main][c.d.d.c.a] > 	{PUT [/api/v1/accounts]}: updateAccount(Account)
15:31:30.735 [INFO]  [Validating][main][c.d.d.c.a] > 	{DELETE [/api/v1/accounts/{id}]}: deleteAccount(int)
15:31:30.735 [INFO]  [Validating][main][c.d.d.c.a] > 15:31:29.205 [main] DEBUG org.springframework.web.servlet.mvc.method.annotation.RequestMappingHandlerMapping - 6 mappings in org.springframework.web.servlet.mvc.method.annotation.RequestMappingHandlerMapping
15:31:30.735 [INFO]  [Validating][main][c.d.d.c.a] > 15:31:29.208 [main] DEBUG org.springframework.web.servlet.mvc.method.annotation.RequestMappingHandlerAdapter - ControllerAdvice beans: 0 @ModelAttribute, 0 @InitBinder, 1 RequestBodyAdvice, 1 ResponseBodyAdvice
15:31:30.735 [INFO]  [Validating][main][c.d.d.c.a] > 15:31:29.208 [main] DEBUG org.springframework.web.servlet.mvc.method.annotation.ExceptionHandlerExceptionResolver - ControllerAdvice beans: 0 @ExceptionHandler, 1 ResponseBodyAdvice
15:31:30.735 [INFO]  [Validating][main][c.d.d.c.a] > 15:31:29.208 [main] INFO org.springframework.mock.web.MockServletContext - Initializing Spring TestDispatcherServlet ''
15:31:30.735 [INFO]  [Validating][main][c.d.d.c.a] > 15:31:29.208 [main] INFO org.springframework.test.web.servlet.TestDispatcherServlet - Initializing Servlet ''
15:31:30.735 [INFO]  [Validating][main][c.d.d.c.a] > 15:31:29.208 [main] DEBUG org.springframework.test.web.servlet.TestDispatcherServlet - Detected AcceptHeaderLocaleResolver
15:31:30.735 [INFO]  [Validating][main][c.d.d.c.a] > 15:31:29.208 [main] DEBUG org.springframework.test.web.servlet.TestDispatcherServlet - Detected FixedThemeResolver
15:31:30.735 [INFO]  [Validating][main][c.d.d.c.a] > 15:31:29.208 [main] DEBUG org.springframework.test.web.servlet.TestDispatcherServlet - Detected org.springframework.web.servlet.view.DefaultRequestToViewNameTranslator@402f8592
15:31:30.735 [INFO]  [Validating][main][c.d.d.c.a] > 15:31:29.208 [main] DEBUG org.springframework.test.web.servlet.TestDispatcherServlet - Detected org.springframework.web.servlet.support.SessionFlashMapManager@61b65d54
15:31:30.735 [INFO]  [Validating][main][c.d.d.c.a] > 15:31:29.208 [main] DEBUG org.springframework.test.web.servlet.TestDispatcherServlet - enableLoggingRequestDetails='false': request parameters and headers will be masked to prevent unsafe logging of potentially sensitive data
15:31:30.735 [INFO]  [Validating][main][c.d.d.c.a] > 15:31:29.208 [main] INFO org.springframework.test.web.servlet.TestDispatcherServlet - Completed initialization in 0 ms
15:31:30.735 [INFO]  [Validating][main][c.d.d.c.a] > 15:31:29.210 [main] DEBUG org.springframework.test.web.servlet.TestDispatcherServlet - GET "/api/v1/accounts/count", parameters={}
15:31:30.735 [INFO]  [Validating][main][c.d.d.c.a] > 15:31:29.210 [main] DEBUG org.springframework.web.servlet.mvc.method.annotation.RequestMappingHandlerMapping - Mapped to ma.uiz.observatoire.controller.AccountController#countAccount()
15:31:30.735 [INFO]  [Validating][main][c.d.d.c.a] > 15:31:29.213 [main] DEBUG org.springframework.web.servlet.mvc.method.annotation.HttpEntityMethodProcessor - Using 'application/xml;charset=UTF-8', given [*/*] and supported [application/xml;charset=UTF-8, text/xml;charset=UTF-8, application/*+xml;charset=UTF-8, application/json, application/*+json]
15:31:30.735 [INFO]  [Validating][main][c.d.d.c.a] > 15:31:29.213 [main] DEBUG org.springframework.web.servlet.mvc.method.annotation.HttpEntityMethodProcessor - Writing [3]
15:31:30.735 [INFO]  [Validating][main][c.d.d.c.a] > 15:31:29.216 [main] DEBUG org.springframework.test.web.servlet.TestDispatcherServlet - Completed 200 OK
15:31:30.736 [INFO]  [Validating][main][c.d.d.c.a] > 15:31:29.216 [main] DEBUG org.springframework.test.context.cache - Spring test ApplicationContext cache statistics: [DefaultContextCache@629ae7e size = 1, maxSize = 32, parentContextCount = 0, hitCount = 42, missCount = 1]
15:31:30.736 [INFO]  [Validating][main][c.d.d.c.a] > 15:31:29.217 [main] DEBUG org.springframework.test.context.cache - Spring test ApplicationContext cache statistics: [DefaultContextCache@629ae7e size = 1, maxSize = 32, parentContextCount = 0, hitCount = 43, missCount = 1]
15:31:30.736 [INFO]  [Validating][main][c.d.d.c.a] > 15:31:29.217 [main] DEBUG org.springframework.test.context.cache - Spring test ApplicationContext cache statistics: [DefaultContextCache@629ae7e size = 1, maxSize = 32, parentContextCount = 0, hitCount = 44, missCount = 1]
15:31:30.736 [INFO]  [Validating][main][c.d.d.c.a] > 15:31:29.217 [main] DEBUG org.springframework.test.context.cache - Spring test ApplicationContext cache statistics: [DefaultContextCache@629ae7e size = 1, maxSize = 32, parentContextCount = 0, hitCount = 45, missCount = 1]
15:31:30.736 [INFO]  [Validating][main][c.d.d.c.a] > 15:31:29.217 [main] DEBUG org.springframework.test.context.cache - Spring test ApplicationContext cache statistics: [DefaultContextCache@629ae7e size = 1, maxSize = 32, parentContextCount = 0, hitCount = 46, missCount = 1]
15:31:30.736 [INFO]  [Validating][main][c.d.d.c.a] > 15:31:29.217 [main] DEBUG org.springframework.test.context.cache - Spring test ApplicationContext cache statistics: [DefaultContextCache@629ae7e size = 1, maxSize = 32, parentContextCount = 0, hitCount = 47, missCount = 1]
15:31:30.736 [INFO]  [Validating][main][c.d.d.c.a] > 15:31:29.218 [main] DEBUG org.springframework.test.context.support.AbstractDirtiesContextTestExecutionListener - After test method: class [AccountControllerDiffblueTest], method [testCountAccount], class annotated with @DirtiesContext [false] with mode [null], method annotated with @DirtiesContext [false] with mode [null]
15:31:30.736 [INFO]  [Validating][main][c.d.d.c.a] > 15:31:29.219 [main] DEBUG org.springframework.test.context.cache - Spring test ApplicationContext cache statistics: [DefaultContextCache@629ae7e size = 1, maxSize = 32, parentContextCount = 0, hitCount = 48, missCount = 1]
15:31:30.736 [INFO]  [Validating][main][c.d.d.c.a] > 15:31:29.219 [main] DEBUG org.springframework.test.context.support.AbstractDirtiesContextTestExecutionListener - After test class: class [AccountControllerDiffblueTest], class annotated with @DirtiesContext [false] with mode [null]
15:31:30.736 [INFO]  [Validating][main][c.d.d.c.a] > [INFO] Tests run: 4, Failures: 0, Errors: 0, Skipped: 0, Time elapsed: 1.632 s - in ma.uiz.observatoire.controller.AccountControllerTest
15:31:30.736 [INFO]  [Validating][main][c.d.d.c.a] > [INFO] Running ma.uiz.observatoire.service.AccountServiceTest
15:31:30.736 [INFO]  [Validating][main][c.d.d.c.a] > 15:31:29.221 [main] DEBUG org.springframework.test.context.support.DefaultTestContextBootstrapper - Using ContextCustomizers for test class [AccountServiceDiffblueTest]: [ExcludeFilterContextCustomizer, DuplicateJsonObjectContextCustomizer, MockitoContextCustomizer, DisableObservabilityContextCustomizer, PropertyMappingContextCustomizer, Customizer]
15:31:30.736 [INFO]  [Validating][main][c.d.d.c.a] > 15:31:29.221 [main] DEBUG org.springframework.test.context.support.DefaultTestContextBootstrapper - Using TestExecutionListeners for test class [AccountServiceDiffblueTest]: [ServletTestExecutionListener, DirtiesContextBeforeModesTestExecutionListener, ApplicationEventsTestExecutionListener, MockitoTestExecutionListener, DependencyInjectionTestExecutionListener, DirtiesContextTestExecutionListener, TransactionalTestExecutionListener, SqlScriptsTestExecutionListener, EventPublishingTestExecutionListener, ResetMocksTestExecutionListener, RestDocsTestExecutionListener, MockRestServiceServerResetTestExecutionListener, MockMvcPrintOnlyOnFailureTestExecutionListener, WebDriverTestExecutionListener, MockWebServiceServerTestExecutionListener]
15:31:30.736 [INFO]  [Validating][main][c.d.d.c.a] > 15:31:29.221 [main] DEBUG org.springframework.test.context.support.AbstractDirtiesContextTestExecutionListener - Before test class: class [AccountServiceDiffblueTest], class annotated with @DirtiesContext [false] with mode [null]
15:31:30.736 [INFO]  [Validating][main][c.d.d.c.a] > 15:31:29.222 [main] DEBUG org.springframework.test.context.support.AbstractGenericContextLoader - Loading ApplicationContext for test class ma.uiz.observatoire.service.AccountServiceTest
15:31:30.736 [INFO]  [Validating][main][c.d.d.c.a] > 15:31:29.222 [main] DEBUG org.springframework.core.env.StandardEnvironment - Activating profiles []
15:31:30.736 [INFO]  [Validating][main][c.d.d.c.a] > 15:31:29.222 [main] DEBUG org.springframework.test.context.support.AnnotationConfigContextLoader - Registering component classes: [ma.uiz.observatoire.service.AccountService]
15:31:30.736 [INFO]  [Validating][main][c.d.d.c.a] > 15:31:29.223 [main] WARN org.springframework.boot.test.json.DuplicateJsonObjectContextCustomizerFactory$DuplicateJsonObjectContextCustomizer - 
15:31:30.736 [INFO]  [Validating][main][c.d.d.c.a] > 
15:31:30.736 [INFO]  [Validating][main][c.d.d.c.a] > Found multiple occurrences of org.json.JSONObject on the class path:
15:31:30.736 [INFO]  [Validating][main][c.d.d.c.a] > 
15:31:30.736 [INFO]  [Validating][main][c.d.d.c.a] > 	jar:file:/C:/Users/eloma/.m2/repository/com/vaadin/external/google/android-json/0.0.20131108.vaadin1/android-json-0.0.20131108.vaadin1.jar!/org/json/JSONObject.class
15:31:30.736 [INFO]  [Validating][main][c.d.d.c.a] > 	jar:file:/C:/Users/eloma/.m2/repository/org/json/json/20230227/json-20230227.jar!/org/json/JSONObject.class
15:31:30.736 [INFO]  [Validating][main][c.d.d.c.a] > 
15:31:30.736 [INFO]  [Validating][main][c.d.d.c.a] > You may wish to exclude one of them to ensure predictable runtime behavior
15:31:30.736 [INFO]  [Validating][main][c.d.d.c.a] > 
15:31:30.736 [INFO]  [Validating][main][c.d.d.c.a] > 15:31:29.223 [main] DEBUG org.springframework.context.support.GenericApplicationContext - Refreshing org.springframework.context.support.GenericApplicationContext@224c7de4
15:31:30.736 [INFO]  [Validating][main][c.d.d.c.a] > 15:31:29.225 [main] DEBUG org.springframework.beans.factory.support.DefaultListableBeanFactory - Creating shared instance of singleton bean 'org.springframework.context.annotation.internalConfigurationAnnotationProcessor'
15:31:30.736 [INFO]  [Validating][main][c.d.d.c.a] > 15:31:29.225 [main] DEBUG org.springframework.beans.factory.support.DefaultListableBeanFactory - Creating shared instance of singleton bean 'org.springframework.boot.test.mock.mockito.MockitoPostProcessor'
15:31:30.736 [INFO]  [Validating][main][c.d.d.c.a] > 15:31:29.278 [main] DEBUG org.springframework.beans.factory.support.DefaultListableBeanFactory - Creating shared instance of singleton bean 'org.springframework.context.event.internalEventListenerProcessor'
15:31:30.736 [INFO]  [Validating][main][c.d.d.c.a] > 15:31:29.279 [main] DEBUG org.springframework.beans.factory.support.DefaultListableBeanFactory - Creating shared instance of singleton bean 'org.springframework.context.event.internalEventListenerFactory'
15:31:30.736 [INFO]  [Validating][main][c.d.d.c.a] > 15:31:29.280 [main] DEBUG org.springframework.beans.factory.support.DefaultListableBeanFactory - Creating shared instance of singleton bean 'org.springframework.context.annotation.internalAutowiredAnnotationProcessor'
15:31:30.736 [INFO]  [Validating][main][c.d.d.c.a] > 15:31:29.281 [main] DEBUG org.springframework.beans.factory.support.DefaultListableBeanFactory - Creating shared instance of singleton bean 'org.springframework.context.annotation.internalCommonAnnotationProcessor'
15:31:30.736 [INFO]  [Validating][main][c.d.d.c.a] > 15:31:29.281 [main] DEBUG org.springframework.beans.factory.support.DefaultListableBeanFactory - Creating shared instance of singleton bean 'org.springframework.context.annotation.internalPersistenceAnnotationProcessor'
15:31:30.736 [INFO]  [Validating][main][c.d.d.c.a] > 15:31:29.281 [main] DEBUG org.springframework.beans.factory.support.DefaultListableBeanFactory - Creating shared instance of singleton bean 'org.springframework.boot.test.mock.mockito.MockitoPostProcessor$SpyPostProcessor'
15:31:30.736 [INFO]  [Validating][main][c.d.d.c.a] > 15:31:29.281 [main] DEBUG org.springframework.beans.factory.support.DefaultListableBeanFactory - Creating shared instance of singleton bean 'accountService'
15:31:30.736 [INFO]  [Validating][main][c.d.d.c.a] > 15:31:29.281 [main] DEBUG org.springframework.beans.factory.support.DefaultListableBeanFactory - Autowiring by type from bean name 'accountService' via constructor to bean named 'ma.uiz.observatoire.repository.AccountRepository#0'
15:31:30.736 [INFO]  [Validating][main][c.d.d.c.a] > 15:31:29.285 [main] DEBUG org.springframework.test.context.cache - Spring test ApplicationContext cache statistics: [DefaultContextCache@629ae7e size = 2, maxSize = 32, parentContextCount = 0, hitCount = 48, missCount = 2]
15:31:30.736 [INFO]  [Validating][main][c.d.d.c.a] > 15:31:29.285 [main] DEBUG org.springframework.test.context.support.DependencyInjectionTestExecutionListener - Performing dependency injection for test class ma.uiz.observatoire.service.AccountServiceTest
15:31:30.736 [INFO]  [Validating][main][c.d.d.c.a] > 15:31:29.285 [main] DEBUG org.springframework.test.context.cache - Spring test ApplicationContext cache statistics: [DefaultContextCache@629ae7e size = 2, maxSize = 32, parentContextCount = 0, hitCount = 49, missCount = 2]
15:31:30.736 [INFO]  [Validating][main][c.d.d.c.a] > 15:31:29.286 [main] DEBUG org.springframework.test.context.cache - Spring test ApplicationContext cache statistics: [DefaultContextCache@629ae7e size = 2, maxSize = 32, parentContextCount = 0, hitCount = 50, missCount = 2]
15:31:30.736 [INFO]  [Validating][main][c.d.d.c.a] > 15:31:29.287 [main] DEBUG org.springframework.test.context.support.AbstractDirtiesContextTestExecutionListener - Before test method: class [AccountServiceDiffblueTest], method [testCount], class annotated with @DirtiesContext [false] with mode [null], method annotated with @DirtiesContext [false] with mode [null]
15:31:30.736 [INFO]  [Validating][main][c.d.d.c.a] > 15:31:29.287 [main] DEBUG org.springframework.test.context.cache - Spring test ApplicationContext cache statistics: [DefaultContextCache@629ae7e size = 2, maxSize = 32, parentContextCount = 0, hitCount = 51, missCount = 2]
15:31:30.736 [INFO]  [Validating][main][c.d.d.c.a] > 15:31:29.289 [main] DEBUG org.springframework.test.context.cache - Spring test ApplicationContext cache statistics: [DefaultContextCache@629ae7e size = 2, maxSize = 32, parentContextCount = 0, hitCount = 52, missCount = 2]
15:31:30.736 [INFO]  [Validating][main][c.d.d.c.a] > 15:31:29.289 [main] DEBUG org.springframework.test.context.cache - Spring test ApplicationContext cache statistics: [DefaultContextCache@629ae7e size = 2, maxSize = 32, parentContextCount = 0, hitCount = 53, missCount = 2]
15:31:30.736 [INFO]  [Validating][main][c.d.d.c.a] > 15:31:29.299 [main] DEBUG org.springframework.test.context.cache - Spring test ApplicationContext cache statistics: [DefaultContextCache@629ae7e size = 2, maxSize = 32, parentContextCount = 0, hitCount = 54, missCount = 2]
15:31:30.736 [INFO]  [Validating][main][c.d.d.c.a] > 15:31:29.300 [main] DEBUG org.springframework.test.context.cache - Spring test ApplicationContext cache statistics: [DefaultContextCache@629ae7e size = 2, maxSize = 32, parentContextCount = 0, hitCount = 55, missCount = 2]
15:31:30.736 [INFO]  [Validating][main][c.d.d.c.a] > 15:31:29.300 [main] DEBUG org.springframework.test.context.cache - Spring test ApplicationContext cache statistics: [DefaultContextCache@629ae7e size = 2, maxSize = 32, parentContextCount = 0, hitCount = 56, missCount = 2]
15:31:30.736 [INFO]  [Validating][main][c.d.d.c.a] > 15:31:29.300 [main] DEBUG org.springframework.test.context.cache - Spring test ApplicationContext cache statistics: [DefaultContextCache@629ae7e size = 2, maxSize = 32, parentContextCount = 0, hitCount = 57, missCount = 2]
15:31:30.736 [INFO]  [Validating][main][c.d.d.c.a] > 15:31:29.301 [main] DEBUG org.springframework.test.context.cache - Spring test ApplicationContext cache statistics: [DefaultContextCache@629ae7e size = 2, maxSize = 32, parentContextCount = 0, hitCount = 58, missCount = 2]
15:31:30.736 [INFO]  [Validating][main][c.d.d.c.a] > 15:31:29.301 [main] DEBUG org.springframework.test.context.cache - Spring test ApplicationContext cache statistics: [DefaultContextCache@629ae7e size = 2, maxSize = 32, parentContextCount = 0, hitCount = 59, missCount = 2]
15:31:30.736 [INFO]  [Validating][main][c.d.d.c.a] > 15:31:29.301 [main] DEBUG org.springframework.test.context.support.AbstractDirtiesContextTestExecutionListener - After test method: class [AccountServiceDiffblueTest], method [testCount], class annotated with @DirtiesContext [false] with mode [null], method annotated with @DirtiesContext [false] with mode [null]
15:31:30.736 [INFO]  [Validating][main][c.d.d.c.a] > 15:31:29.301 [main] DEBUG org.springframework.test.context.cache - Spring test ApplicationContext cache statistics: [DefaultContextCache@629ae7e size = 2, maxSize = 32, parentContextCount = 0, hitCount = 60, missCount = 2]
15:31:30.736 [INFO]  [Validating][main][c.d.d.c.a] > 15:31:29.301 [main] DEBUG org.springframework.test.context.support.AbstractDirtiesContextTestExecutionListener - After test class: class [AccountServiceDiffblueTest], class annotated with @DirtiesContext [false] with mode [null]
15:31:30.736 [INFO]  [Validating][main][c.d.d.c.a] > [INFO] Tests run: 1, Failures: 0, Errors: 0, Skipped: 0, Time elapsed: 0.008 s - in ma.uiz.observatoire.service.AccountServiceTest
15:31:30.736 [INFO]  [Validating][main][c.d.d.c.a] > 15:31:29.319 [SpringContextShutdownHook] DEBUG org.springframework.context.support.GenericApplicationContext - Closing org.springframework.context.support.GenericApplicationContext@224c7de4, started on Sun Nov 19 15:31:29 WEST 2023
15:31:30.736 [INFO]  [Validating][main][c.d.d.c.a] > 15:31:29.319 [SpringContextShutdownHook] DEBUG org.springframework.context.support.GenericApplicationContext - Closing org.springframework.context.support.GenericApplicationContext@1cf56a1c, started on Sun Nov 19 15:31:27 WEST 2023
15:31:30.736 [INFO]  [Validating][main][c.d.d.c.a] > [INFO] 
15:31:30.736 [INFO]  [Validating][main][c.d.d.c.a] > [INFO] Results:
15:31:30.736 [INFO]  [Validating][main][c.d.d.c.a] > [INFO] 
15:31:30.736 [INFO]  [Validating][main][c.d.d.c.a] > [INFO] Tests run: 5, Failures: 0, Errors: 0, Skipped: 0
15:31:30.736 [INFO]  [Validating][main][c.d.d.c.a] > [INFO] 
15:31:30.736 [INFO]  [Validating][main][c.d.d.c.a] > [DIFFBLUE]DefaultEvent{projectId='ma.uiz:ObservatoireUIZ:jar:0.0.1-SNAPSHOT', goal='test', cause=, state=SUCCESS}
15:31:30.736 [INFO]  [Validating][main][c.d.d.c.a] > [INFO] ------------------------------------------------------------------------
15:31:30.736 [INFO]  [Validating][main][c.d.d.c.a] > [INFO] BUILD SUCCESS
15:31:30.736 [INFO]  [Validating][main][c.d.d.c.a] > [INFO] ------------------------------------------------------------------------
15:31:30.736 [INFO]  [Validating][main][c.d.d.c.a] > [INFO] Total time:  11.170 s
15:31:30.736 [INFO]  [Validating][main][c.d.d.c.a] > [INFO] Finished at: 2023-11-19T15:31:29+01:00
15:31:30.736 [INFO]  [Validating][main][c.d.d.c.a] > [INFO] ------------------------------------------------------------------------
15:31:30.777 [INFO]  [Validating][main][c.d.cover.ui.a.j] All 4 created tests were successfully validated.
15:31:34.281 [DEBUG] [Reporting][main][c.d.c.r.StructuredReportManager] Run metrics:
Total time:               134.8s
Environment detection:      1.0s ( 0.7%)
Indexing:                   0.4s ( 0.3%)
Entry points:               1.0s ( 0.7%)
Test generation:           77.5s (57.5%)
  - Index query:           14.2s (10.6%)
Test verification:          9.1s ( 6.8%)
Test validation:           13.1s ( 9.7%)
Other:                     32.7s (24.3%)
Time to first test:        78.8s (58.4%)
Time to last test:        117.3s (87.0%)
15:31:34.291 [DEBUG] [Reporting][main][c.d.c.r.TraceLogTimingsReportListener] Timings per method:
01m 21s 261ms | ma.uiz.observatoire.controller.AccountController{countAccount}
00m 25s 117ms | ma.uiz.observatoire.controller.AccountController{deleteAccount}
00m 46s 628ms | ma.uiz.observatoire.controller.AccountController{displayAccount}
00m 13s 164ms | ma.uiz.observatoire.controller.AccountController{displayAllAccount}
00m 14s 787ms | ma.uiz.observatoire.controller.AccountController{saveAccount}
00m 13s 935ms | ma.uiz.observatoire.controller.AccountController{updateAccount}
00m 14s 249ms | Indexing
15:31:34.293 [DEBUG] [Reporting][main][c.d.c.r.TraceLogTimingsReportListener] Timing signature:    86.7s (    4.1s ( 4.7%)    59.1s (68.1%) (    2.5s ( 2.9%)    54.6s (63.0%) (    0.7s ( 0.8%)    22.2s (25.6%) (    1.9s ( 2.2%) (    0.2s ( 0.2%)     1.6s ( 1.8%)     0.2s ( 0.2%))    14.8s (17.1%) (    0.0s ( 0.0%)    14.8s (17.1%)     0.0s ( 0.0%))     2.8s ( 3.2%) (    0.0s ( 0.0%)     2.8s ( 3.2%)     0.0s ( 0.0%))     2.6s ( 3.0%)     0.0s ( 0.0%)     0.0s ( 0.0%))     0.7s ( 0.8%)    30.7s (35.4%)     0.2s ( 0.3%))     1.4s ( 1.6%)     0.0s ( 0.0%)     0.0s ( 0.0%)     0.6s ( 0.6%))     8.6s (10.0%)     9.2s (10.6%)     5.7s ( 6.6%)
15:31:34.429 [DEBUG] [Licensing][main][c.l.i.s.LicenseService] [LicenseClientAPI#addFeatureConsumption] ---> POST https://api.licensespring.com/api/v4/add_feature_consumption HTTP/1.1
15:31:34.576 [DEBUG] [Licensing][main][c.l.i.s.LicenseService] [LicenseClientAPI#addFeatureConsumption] <--- UNKNOWN 200  (147ms)
15:31:34.987 [DEBUG] [Licensing][main][c.l.i.s.LicenseService] [LicenseClientAPI#checkLicense] ---> GET https://api.licensespring.com/api/v4/check_license?is_vm=false&product=cover&sdk_ver=Java%20SDK%20null&hardware_id=8796-10B8-570C-0676-94D0-14B5-C30B-2470-9A13-70AA-3684-9F77-F70F-54F3-B8B9-FB6C&license_key=XXXX-XXXX-XXXX-XXXX HTTP/1.1
15:31:35.113 [DEBUG] [Licensing][main][c.l.i.s.LicenseService] [LicenseClientAPI#checkLicense] <--- UNKNOWN 200  (125ms)
15:31:35.726 [DEBUG] [Licensing][main][c.l.i.s.LicenseService] [LicenseClientAPI#checkLicense] ---> GET https://api.licensespring.com/api/v4/check_license?is_vm=false&product=cover&sdk_ver=Java%20SDK%20null&hardware_id=8796-10B8-570C-0676-94D0-14B5-C30B-2470-9A13-70AA-3684-9F77-F70F-54F3-B8B9-FB6C&license_key=XXXX-XXXX-XXXX-XXXX HTTP/1.1
15:31:35.852 [DEBUG] [Licensing][main][c.l.i.s.LicenseService] [LicenseClientAPI#checkLicense] <--- UNKNOWN 200  (127ms)
15:31:35.929 [INFO]  [Reporting][main][c.d.cover.ui.a.w] 
15:31:35.929 [INFO]  [Reporting][main][c.d.cover.ui.a.w] Log file: C:\Users\eloma\IdeaProjects\ObservatoireUIZ\.diffblue\log\user-20231119T152918.log
15:31:35.974 [INFO]  [Reporting][main][c.d.cover.ui.a.w] Finished in 2m 14s
